ERROR: OTRS-otrs.Console.pl-Maint::Email::MailQueue-67 Perl: 5.26.1 OS: linux Time: Mon Mar 23 09:13:19 2020

 Message: There was an error executing Execute() in Kernel::System::Console::Command::Maint::Email::MailQueue: Error: Message sending already in progress! Skipping...


 Traceback (26373): 
   Module: Kernel::System::Daemon::DaemonModules::BaseTaskWorker::_HandleError Line: 52
   Module: Kernel::System::Daemon::DaemonModules::SchedulerTaskWorker::Cron::Run Line: 177
   Module: Kernel::System::Daemon::DaemonModules::SchedulerTaskWorker::Run Line: 235
   Module: (eval) Line: 314
   Module: main::Start Line: 314
   Module: /opt/otrs/bin/otrs.Daemon.pl Line: 135

ERROR: OTRS-otrs.Console.pl-Maint::Email::MailQueue-67 Perl: 5.26.1 OS: linux Time: Mon Mar 23 09:14:19 2020

 Message: There was an error executing Execute() in Kernel::System::Console::Command::Maint::Email::MailQueue: Error: Message sending already in progress! Skipping...


 Traceback (26445): 
   Module: Kernel::System::Daemon::DaemonModules::BaseTaskWorker::_HandleError Line: 52
   Module: Kernel::System::Daemon::DaemonModules::SchedulerTaskWorker::Cron::Run Line: 177
   Module: Kernel::System::Daemon::DaemonModules::SchedulerTaskWorker::Run Line: 235
   Module: (eval) Line: 314
   Module: main::Start Line: 314
   Module: /opt/otrs/bin/otrs.Daemon.pl Line: 135

ERROR: OTRS-otrs.Console.pl-Maint::Email::MailQueue-67 Perl: 5.26.1 OS: linux Time: Mon Mar 23 09:15:19 2020

 Message: There was an error executing Execute() in Kernel::System::Console::Command::Maint::Email::MailQueue: Error: Message sending already in progress! Skipping...


 Traceback (26529): 
   Module: Kernel::System::Daemon::DaemonModules::BaseTaskWorker::_HandleError Line: 52
   Module: Kernel::System::Daemon::DaemonModules::SchedulerTaskWorker::Cron::Run Line: 177
   Module: Kernel::System::Daemon::DaemonModules::SchedulerTaskWorker::Run Line: 235
   Module: (eval) Line: 314
   Module: main::Start Line: 314
   Module: /opt/otrs/bin/otrs.Daemon.pl Line: 135

ERROR: OTRS-otrs.Console.pl-Maint::Email::MailQueue-67 Perl: 5.26.1 OS: linux Time: Mon Mar 23 09:16:19 2020

 Message: There was an error executing Execute() in Kernel::System::Console::Command::Maint::Email::MailQueue: Error: Message sending already in progress! Skipping...


 Traceback (26604): 
   Module: Kernel::System::Daemon::DaemonModules::BaseTaskWorker::_HandleError Line: 52
   Module: Kernel::System::Daemon::DaemonModules::SchedulerTaskWorker::Cron::Run Line: 177
   Module: Kernel::System::Daemon::DaemonModules::SchedulerTaskWorker::Run Line: 235
   Module: (eval) Line: 314
   Module: main::Start Line: 314
   Module: /opt/otrs/bin/otrs.Daemon.pl Line: 135

ERROR: OTRS-otrs.Console.pl-Maint::Email::MailQueue-67 Perl: 5.26.1 OS: linux Time: Mon Mar 23 09:17:20 2020

 Message: There was an error executing Execute() in Kernel::System::Console::Command::Maint::Email::MailQueue: Error: Message sending already in progress! Skipping...


 Traceback (26680): 
   Module: Kernel::System::Daemon::DaemonModules::BaseTaskWorker::_HandleError Line: 52
   Module: Kernel::System::Daemon::DaemonModules::SchedulerTaskWorker::Cron::Run Line: 177
   Module: Kernel::System::Daemon::DaemonModules::SchedulerTaskWorker::Run Line: 235
   Module: (eval) Line: 314
   Module: main::Start Line: 314
   Module: /opt/otrs/bin/otrs.Daemon.pl Line: 135

ERROR: OTRS-otrs.Console.pl-Maint::Email::MailQueue-67 Perl: 5.26.1 OS: linux Time: Mon Mar 23 09:18:20 2020

 Message: There was an error executing Execute() in Kernel::System::Console::Command::Maint::Email::MailQueue: Error: Message sending already in progress! Skipping...


 Traceback (26750): 
   Module: Kernel::System::Daemon::DaemonModules::BaseTaskWorker::_HandleError Line: 52
   Module: Kernel::System::Daemon::DaemonModules::SchedulerTaskWorker::Cron::Run Line: 177
   Module: Kernel::System::Daemon::DaemonModules::SchedulerTaskWorker::Run Line: 235
   Module: (eval) Line: 314
   Module: main::Start Line: 314
   Module: /opt/otrs/bin/otrs.Daemon.pl Line: 135

ERROR: OTRS-otrs.Console.pl-Maint::Email::MailQueue-67 Perl: 5.26.1 OS: linux Time: Mon Mar 23 09:19:20 2020

 Message: There was an error executing Execute() in Kernel::System::Console::Command::Maint::Email::MailQueue: Error: Message sending already in progress! Skipping...


 Traceback (26825): 
   Module: Kernel::System::Daemon::DaemonModules::BaseTaskWorker::_HandleError Line: 52
   Module: Kernel::System::Daemon::DaemonModules::SchedulerTaskWorker::Cron::Run Line: 177
   Module: Kernel::System::Daemon::DaemonModules::SchedulerTaskWorker::Run Line: 235
   Module: (eval) Line: 314
   Module: main::Start Line: 314
   Module: /opt/otrs/bin/otrs.Daemon.pl Line: 135

ERROR: OTRS-otrs.Console.pl-Maint::Email::MailQueue-67 Perl: 5.26.1 OS: linux Time: Mon Mar 23 09:20:00 2020

 Message: There was an error executing Execute() in Kernel::System::Console::Command::Maint::Email::MailQueue: Error: Message sending already in progress! Skipping...


 Traceback (26883): 
   Module: Kernel::System::Daemon::DaemonModules::BaseTaskWorker::_HandleError Line: 52
   Module: Kernel::System::Daemon::DaemonModules::SchedulerTaskWorker::Cron::Run Line: 177
   Module: Kernel::System::Daemon::DaemonModules::SchedulerTaskWorker::Run Line: 235
   Module: (eval) Line: 314
   Module: main::Start Line: 314
   Module: /opt/otrs/bin/otrs.Daemon.pl Line: 135

ERROR: OTRS-otrs.Console.pl-Maint::Email::MailQueue-67 Perl: 5.26.1 OS: linux Time: Mon Mar 23 09:21:00 2020

 Message: There was an error executing Execute() in Kernel::System::Console::Command::Maint::Email::MailQueue: Error: Message sending already in progress! Skipping...


 Traceback (26981): 
   Module: Kernel::System::Daemon::DaemonModules::BaseTaskWorker::_HandleError Line: 52
   Module: Kernel::System::Daemon::DaemonModules::SchedulerTaskWorker::Cron::Run Line: 177
   Module: Kernel::System::Daemon::DaemonModules::SchedulerTaskWorker::Run Line: 235
   Module: (eval) Line: 314
   Module: main::Start Line: 314
   Module: /opt/otrs/bin/otrs.Daemon.pl Line: 135

ERROR: OTRS-otrs.Console.pl-Maint::Email::MailQueue-67 Perl: 5.26.1 OS: linux Time: Mon Mar 23 09:22:01 2020

 Message: There was an error executing Execute() in Kernel::System::Console::Command::Maint::Email::MailQueue: Error: Message sending already in progress! Skipping...


 Traceback (27057): 
   Module: Kernel::System::Daemon::DaemonModules::BaseTaskWorker::_HandleError Line: 52
   Module: Kernel::System::Daemon::DaemonModules::SchedulerTaskWorker::Cron::Run Line: 177
   Module: Kernel::System::Daemon::DaemonModules::SchedulerTaskWorker::Run Line: 235
   Module: (eval) Line: 314
   Module: main::Start Line: 314
   Module: /opt/otrs/bin/otrs.Daemon.pl Line: 135

ERROR: OTRS-otrs.Console.pl-Maint::Email::MailQueue-67 Perl: 5.26.1 OS: linux Time: Mon Mar 23 09:23:01 2020

 Message: There was an error executing Execute() in Kernel::System::Console::Command::Maint::Email::MailQueue: Error: Message sending already in progress! Skipping...


 Traceback (27132): 
   Module: Kernel::System::Daemon::DaemonModules::BaseTaskWorker::_HandleError Line: 52
   Module: Kernel::System::Daemon::DaemonModules::SchedulerTaskWorker::Cron::Run Line: 177
   Module: Kernel::System::Daemon::DaemonModules::SchedulerTaskWorker::Run Line: 235
   Module: (eval) Line: 314
   Module: main::Start Line: 314
   Module: /opt/otrs/bin/otrs.Daemon.pl Line: 135

ERROR: OTRS-otrs.Console.pl-Maint::Email::MailQueue-67 Perl: 5.26.1 OS: linux Time: Mon Mar 23 09:24:01 2020

 Message: There was an error executing Execute() in Kernel::System::Console::Command::Maint::Email::MailQueue: Error: Message sending already in progress! Skipping...


 Traceback (27201): 
   Module: Kernel::System::Daemon::DaemonModules::BaseTaskWorker::_HandleError Line: 52
   Module: Kernel::System::Daemon::DaemonModules::SchedulerTaskWorker::Cron::Run Line: 177
   Module: Kernel::System::Daemon::DaemonModules::SchedulerTaskWorker::Run Line: 235
   Module: (eval) Line: 314
   Module: main::Start Line: 314
   Module: /opt/otrs/bin/otrs.Daemon.pl Line: 135

ERROR: OTRS-otrs.Console.pl-Maint::Email::MailQueue-67 Perl: 5.26.1 OS: linux Time: Mon Mar 23 09:25:01 2020

 Message: There was an error executing Execute() in Kernel::System::Console::Command::Maint::Email::MailQueue: Error: Message sending already in progress! Skipping...


 Traceback (27291): 
   Module: Kernel::System::Daemon::DaemonModules::BaseTaskWorker::_HandleError Line: 52
   Module: Kernel::System::Daemon::DaemonModules::SchedulerTaskWorker::Cron::Run Line: 177
   Module: Kernel::System::Daemon::DaemonModules::SchedulerTaskWorker::Run Line: 235
   Module: (eval) Line: 314
   Module: main::Start Line: 314
   Module: /opt/otrs/bin/otrs.Daemon.pl Line: 135

ERROR: OTRS-otrs.Console.pl-Maint::Email::MailQueue-67 Perl: 5.26.1 OS: linux Time: Mon Mar 23 09:26:02 2020

 Message: There was an error executing Execute() in Kernel::System::Console::Command::Maint::Email::MailQueue: Error: Message sending already in progress! Skipping...


 Traceback (27377): 
   Module: Kernel::System::Daemon::DaemonModules::BaseTaskWorker::_HandleError Line: 52
   Module: Kernel::System::Daemon::DaemonModules::SchedulerTaskWorker::Cron::Run Line: 177
   Module: Kernel::System::Daemon::DaemonModules::SchedulerTaskWorker::Run Line: 235
   Module: (eval) Line: 314
   Module: main::Start Line: 314
   Module: /opt/otrs/bin/otrs.Daemon.pl Line: 135

ERROR: OTRS-otrs.Console.pl-Maint::Email::MailQueue-67 Perl: 5.26.1 OS: linux Time: Mon Mar 23 09:27:02 2020

 Message: There was an error executing Execute() in Kernel::System::Console::Command::Maint::Email::MailQueue: Error: Message sending already in progress! Skipping...


 Traceback (27449): 
   Module: Kernel::System::Daemon::DaemonModules::BaseTaskWorker::_HandleError Line: 52
   Module: Kernel::System::Daemon::DaemonModules::SchedulerTaskWorker::Cron::Run Line: 177
   Module: Kernel::System::Daemon::DaemonModules::SchedulerTaskWorker::Run Line: 235
   Module: (eval) Line: 314
   Module: main::Start Line: 314
   Module: /opt/otrs/bin/otrs.Daemon.pl Line: 135

ERROR: OTRS-otrs.Console.pl-Maint::Email::MailQueue-67 Perl: 5.26.1 OS: linux Time: Mon Mar 23 09:28:02 2020

 Message: There was an error executing Execute() in Kernel::System::Console::Command::Maint::Email::MailQueue: Error: Message sending already in progress! Skipping...


 Traceback (27535): 
   Module: Kernel::System::Daemon::DaemonModules::BaseTaskWorker::_HandleError Line: 52
   Module: Kernel::System::Daemon::DaemonModules::SchedulerTaskWorker::Cron::Run Line: 177
   Module: Kernel::System::Daemon::DaemonModules::SchedulerTaskWorker::Run Line: 235
   Module: (eval) Line: 314
   Module: main::Start Line: 314
   Module: /opt/otrs/bin/otrs.Daemon.pl Line: 135

ERROR: OTRS-otrs.Console.pl-Maint::Email::MailQueue-67 Perl: 5.26.1 OS: linux Time: Mon Mar 23 09:29:02 2020

 Message: There was an error executing Execute() in Kernel::System::Console::Command::Maint::Email::MailQueue: Error: Message sending already in progress! Skipping...


 Traceback (27604): 
   Module: Kernel::System::Daemon::DaemonModules::BaseTaskWorker::_HandleError Line: 52
   Module: Kernel::System::Daemon::DaemonModules::SchedulerTaskWorker::Cron::Run Line: 177
   Module: Kernel::System::Daemon::DaemonModules::SchedulerTaskWorker::Run Line: 235
   Module: (eval) Line: 314
   Module: main::Start Line: 314
   Module: /opt/otrs/bin/otrs.Daemon.pl Line: 135

ERROR: OTRS-otrs.Console.pl-Maint::Email::MailQueue-67 Perl: 5.26.1 OS: linux Time: Mon Mar 23 09:30:03 2020

 Message: There was an error executing Execute() in Kernel::System::Console::Command::Maint::Email::MailQueue: Error: Message sending already in progress! Skipping...


 Traceback (27710): 
   Module: Kernel::System::Daemon::DaemonModules::BaseTaskWorker::_HandleError Line: 52
   Module: Kernel::System::Daemon::DaemonModules::SchedulerTaskWorker::Cron::Run Line: 177
   Module: Kernel::System::Daemon::DaemonModules::SchedulerTaskWorker::Run Line: 235
   Module: (eval) Line: 314
   Module: main::Start Line: 314
   Module: /opt/otrs/bin/otrs.Daemon.pl Line: 135

ERROR: OTRS-otrs.Console.pl-Maint::Email::MailQueue-67 Perl: 5.26.1 OS: linux Time: Mon Mar 23 09:31:04 2020

 Message: There was an error executing Execute() in Kernel::System::Console::Command::Maint::Email::MailQueue: Error: Message sending already in progress! Skipping...


 Traceback (27804): 
   Module: Kernel::System::Daemon::DaemonModules::BaseTaskWorker::_HandleError Line: 52
   Module: Kernel::System::Daemon::DaemonModules::SchedulerTaskWorker::Cron::Run Line: 177
   Module: Kernel::System::Daemon::DaemonModules::SchedulerTaskWorker::Run Line: 235
   Module: (eval) Line: 314
   Module: main::Start Line: 314
   Module: /opt/otrs/bin/otrs.Daemon.pl Line: 135

ERROR: OTRS-otrs.Console.pl-Maint::Email::MailQueue-67 Perl: 5.26.1 OS: linux Time: Mon Mar 23 09:32:04 2020

 Message: There was an error executing Execute() in Kernel::System::Console::Command::Maint::Email::MailQueue: Error: Message sending already in progress! Skipping...


 Traceback (27881): 
   Module: Kernel::System::Daemon::DaemonModules::BaseTaskWorker::_HandleError Line: 52
   Module: Kernel::System::Daemon::DaemonModules::SchedulerTaskWorker::Cron::Run Line: 177
   Module: Kernel::System::Daemon::DaemonModules::SchedulerTaskWorker::Run Line: 235
   Module: (eval) Line: 314
   Module: main::Start Line: 314
   Module: /opt/otrs/bin/otrs.Daemon.pl Line: 135

ERROR: OTRS-otrs.Console.pl-Maint::Email::MailQueue-67 Perl: 5.26.1 OS: linux Time: Mon Mar 23 09:33:04 2020

 Message: There was an error executing Execute() in Kernel::System::Console::Command::Maint::Email::MailQueue: Error: Message sending already in progress! Skipping...


 Traceback (27955): 
   Module: Kernel::System::Daemon::DaemonModules::BaseTaskWorker::_HandleError Line: 52
   Module: Kernel::System::Daemon::DaemonModules::SchedulerTaskWorker::Cron::Run Line: 177
   Module: Kernel::System::Daemon::DaemonModules::SchedulerTaskWorker::Run Line: 235
   Module: (eval) Line: 314
   Module: main::Start Line: 314
   Module: /opt/otrs/bin/otrs.Daemon.pl Line: 135

ERROR: OTRS-otrs.Console.pl-Maint::Email::MailQueue-67 Perl: 5.26.1 OS: linux Time: Mon Mar 23 09:34:05 2020

 Message: There was an error executing Execute() in Kernel::System::Console::Command::Maint::Email::MailQueue: Error: Message sending already in progress! Skipping...


 Traceback (28001): 
   Module: Kernel::System::Daemon::DaemonModules::BaseTaskWorker::_HandleError Line: 52
   Module: Kernel::System::Daemon::DaemonModules::SchedulerTaskWorker::Cron::Run Line: 177
   Module: Kernel::System::Daemon::DaemonModules::SchedulerTaskWorker::Run Line: 235
   Module: (eval) Line: 314
   Module: main::Start Line: 314
   Module: /opt/otrs/bin/otrs.Daemon.pl Line: 135

ERROR: OTRS-otrs.Console.pl-Maint::Email::MailQueue-67 Perl: 5.26.1 OS: linux Time: Mon Mar 23 09:35:05 2020

 Message: There was an error executing Execute() in Kernel::System::Console::Command::Maint::Email::MailQueue: Error: Message sending already in progress! Skipping...


 Traceback (28080): 
   Module: Kernel::System::Daemon::DaemonModules::BaseTaskWorker::_HandleError Line: 52
   Module: Kernel::System::Daemon::DaemonModules::SchedulerTaskWorker::Cron::Run Line: 177
   Module: Kernel::System::Daemon::DaemonModules::SchedulerTaskWorker::Run Line: 235
   Module: (eval) Line: 314
   Module: main::Start Line: 314
   Module: /opt/otrs/bin/otrs.Daemon.pl Line: 135

ERROR: OTRS-otrs.Console.pl-Maint::Email::MailQueue-67 Perl: 5.26.1 OS: linux Time: Mon Mar 23 09:36:05 2020

 Message: There was an error executing Execute() in Kernel::System::Console::Command::Maint::Email::MailQueue: Error: Message sending already in progress! Skipping...


 Traceback (28114): 
   Module: Kernel::System::Daemon::DaemonModules::BaseTaskWorker::_HandleError Line: 52
   Module: Kernel::System::Daemon::DaemonModules::SchedulerTaskWorker::Cron::Run Line: 177
   Module: Kernel::System::Daemon::DaemonModules::SchedulerTaskWorker::Run Line: 235
   Module: (eval) Line: 314
   Module: main::Start Line: 314
   Module: /opt/otrs/bin/otrs.Daemon.pl Line: 135

ERROR: OTRS-otrs.Console.pl-Maint::Email::MailQueue-67 Perl: 5.26.1 OS: linux Time: Mon Mar 23 09:37:05 2020

 Message: There was an error executing Execute() in Kernel::System::Console::Command::Maint::Email::MailQueue: Error: Message sending already in progress! Skipping...


 Traceback (28130): 
   Module: Kernel::System::Daemon::DaemonModules::BaseTaskWorker::_HandleError Line: 52
   Module: Kernel::System::Daemon::DaemonModules::SchedulerTaskWorker::Cron::Run Line: 177
   Module: Kernel::System::Daemon::DaemonModules::SchedulerTaskWorker::Run Line: 235
   Module: (eval) Line: 314
   Module: main::Start Line: 314
   Module: /opt/otrs/bin/otrs.Daemon.pl Line: 135

ERROR: OTRS-otrs.Console.pl-Maint::Email::MailQueue-67 Perl: 5.26.1 OS: linux Time: Mon Mar 23 09:38:06 2020

 Message: There was an error executing Execute() in Kernel::System::Console::Command::Maint::Email::MailQueue: Error: Message sending already in progress! Skipping...


 Traceback (28153): 
   Module: Kernel::System::Daemon::DaemonModules::BaseTaskWorker::_HandleError Line: 52
   Module: Kernel::System::Daemon::DaemonModules::SchedulerTaskWorker::Cron::Run Line: 177
   Module: Kernel::System::Daemon::DaemonModules::SchedulerTaskWorker::Run Line: 235
   Module: (eval) Line: 314
   Module: main::Start Line: 314
   Module: /opt/otrs/bin/otrs.Daemon.pl Line: 135

ERROR: OTRS-otrs.Console.pl-Maint::Email::MailQueue-67 Perl: 5.26.1 OS: linux Time: Mon Mar 23 09:39:06 2020

 Message: There was an error executing Execute() in Kernel::System::Console::Command::Maint::Email::MailQueue: Error: Message sending already in progress! Skipping...


 Traceback (28167): 
   Module: Kernel::System::Daemon::DaemonModules::BaseTaskWorker::_HandleError Line: 52
   Module: Kernel::System::Daemon::DaemonModules::SchedulerTaskWorker::Cron::Run Line: 177
   Module: Kernel::System::Daemon::DaemonModules::SchedulerTaskWorker::Run Line: 235
   Module: (eval) Line: 314
   Module: main::Start Line: 314
   Module: /opt/otrs/bin/otrs.Daemon.pl Line: 135

ERROR: OTRS-otrs.Console.pl-Maint::Email::MailQueue-67 Perl: 5.26.1 OS: linux Time: Mon Mar 23 09:40:06 2020

 Message: There was an error executing Execute() in Kernel::System::Console::Command::Maint::Email::MailQueue: Error: Message sending already in progress! Skipping...


 Traceback (28194): 
   Module: Kernel::System::Daemon::DaemonModules::BaseTaskWorker::_HandleError Line: 52
   Module: Kernel::System::Daemon::DaemonModules::SchedulerTaskWorker::Cron::Run Line: 177
   Module: Kernel::System::Daemon::DaemonModules::SchedulerTaskWorker::Run Line: 235
   Module: (eval) Line: 314
   Module: main::Start Line: 314
   Module: /opt/otrs/bin/otrs.Daemon.pl Line: 135

ERROR: OTRS-otrs.Console.pl-Maint::Email::MailQueue-67 Perl: 5.26.1 OS: linux Time: Mon Mar 23 09:41:07 2020

 Message: There was an error executing Execute() in Kernel::System::Console::Command::Maint::Email::MailQueue: Error: Message sending already in progress! Skipping...


 Traceback (28218): 
   Module: Kernel::System::Daemon::DaemonModules::BaseTaskWorker::_HandleError Line: 52
   Module: Kernel::System::Daemon::DaemonModules::SchedulerTaskWorker::Cron::Run Line: 177
   Module: Kernel::System::Daemon::DaemonModules::SchedulerTaskWorker::Run Line: 235
   Module: (eval) Line: 314
   Module: main::Start Line: 314
   Module: /opt/otrs/bin/otrs.Daemon.pl Line: 135

ERROR: OTRS-otrs.Console.pl-Maint::Email::MailQueue-67 Perl: 5.26.1 OS: linux Time: Mon Mar 23 09:42:07 2020

 Message: There was an error executing Execute() in Kernel::System::Console::Command::Maint::Email::MailQueue: Error: Message sending already in progress! Skipping...


 Traceback (28254): 
   Module: Kernel::System::Daemon::DaemonModules::BaseTaskWorker::_HandleError Line: 52
   Module: Kernel::System::Daemon::DaemonModules::SchedulerTaskWorker::Cron::Run Line: 177
   Module: Kernel::System::Daemon::DaemonModules::SchedulerTaskWorker::Run Line: 235
   Module: (eval) Line: 314
   Module: main::Start Line: 314
   Module: /opt/otrs/bin/otrs.Daemon.pl Line: 135

ERROR: OTRS-otrs.Console.pl-Maint::Email::MailQueue-67 Perl: 5.26.1 OS: linux Time: Mon Mar 23 09:43:07 2020

 Message: There was an error executing Execute() in Kernel::System::Console::Command::Maint::Email::MailQueue: Error: Message sending already in progress! Skipping...


 Traceback (28275): 
   Module: Kernel::System::Daemon::DaemonModules::BaseTaskWorker::_HandleError Line: 52
   Module: Kernel::System::Daemon::DaemonModules::SchedulerTaskWorker::Cron::Run Line: 177
   Module: Kernel::System::Daemon::DaemonModules::SchedulerTaskWorker::Run Line: 235
   Module: (eval) Line: 314
   Module: main::Start Line: 314
   Module: /opt/otrs/bin/otrs.Daemon.pl Line: 135

ERROR: OTRS-otrs.Console.pl-Maint::Email::MailQueue-67 Perl: 5.26.1 OS: linux Time: Mon Mar 23 09:44:07 2020

 Message: There was an error executing Execute() in Kernel::System::Console::Command::Maint::Email::MailQueue: Error: Message sending already in progress! Skipping...


 Traceback (28299): 
   Module: Kernel::System::Daemon::DaemonModules::BaseTaskWorker::_HandleError Line: 52
   Module: Kernel::System::Daemon::DaemonModules::SchedulerTaskWorker::Cron::Run Line: 177
   Module: Kernel::System::Daemon::DaemonModules::SchedulerTaskWorker::Run Line: 235
   Module: (eval) Line: 314
   Module: main::Start Line: 314
   Module: /opt/otrs/bin/otrs.Daemon.pl Line: 135

ERROR: OTRS-otrs.Console.pl-Maint::Email::MailQueue-67 Perl: 5.26.1 OS: linux Time: Mon Mar 23 09:45:08 2020

 Message: There was an error executing Execute() in Kernel::System::Console::Command::Maint::Email::MailQueue: Error: Message sending already in progress! Skipping...


 Traceback (28320): 
   Module: Kernel::System::Daemon::DaemonModules::BaseTaskWorker::_HandleError Line: 52
   Module: Kernel::System::Daemon::DaemonModules::SchedulerTaskWorker::Cron::Run Line: 177
   Module: Kernel::System::Daemon::DaemonModules::SchedulerTaskWorker::Run Line: 235
   Module: (eval) Line: 314
   Module: main::Start Line: 314
   Module: /opt/otrs/bin/otrs.Daemon.pl Line: 135

ERROR: OTRS-otrs.Console.pl-Maint::Email::MailQueue-67 Perl: 5.26.1 OS: linux Time: Mon Mar 23 09:46:08 2020

 Message: There was an error executing Execute() in Kernel::System::Console::Command::Maint::Email::MailQueue: Error: Message sending already in progress! Skipping...


 Traceback (28336): 
   Module: Kernel::System::Daemon::DaemonModules::BaseTaskWorker::_HandleError Line: 52
   Module: Kernel::System::Daemon::DaemonModules::SchedulerTaskWorker::Cron::Run Line: 177
   Module: Kernel::System::Daemon::DaemonModules::SchedulerTaskWorker::Run Line: 235
   Module: (eval) Line: 314
   Module: main::Start Line: 314
   Module: /opt/otrs/bin/otrs.Daemon.pl Line: 135

ERROR: OTRS-otrs.Console.pl-Maint::Email::MailQueue-67 Perl: 5.26.1 OS: linux Time: Mon Mar 23 09:47:08 2020

 Message: There was an error executing Execute() in Kernel::System::Console::Command::Maint::Email::MailQueue: Error: Message sending already in progress! Skipping...


 Traceback (28354): 
   Module: Kernel::System::Daemon::DaemonModules::BaseTaskWorker::_HandleError Line: 52
   Module: Kernel::System::Daemon::DaemonModules::SchedulerTaskWorker::Cron::Run Line: 177
   Module: Kernel::System::Daemon::DaemonModules::SchedulerTaskWorker::Run Line: 235
   Module: (eval) Line: 314
   Module: main::Start Line: 314
   Module: /opt/otrs/bin/otrs.Daemon.pl Line: 135

ERROR: OTRS-otrs.Console.pl-Maint::Email::MailQueue-67 Perl: 5.26.1 OS: linux Time: Mon Mar 23 09:48:08 2020

 Message: There was an error executing Execute() in Kernel::System::Console::Command::Maint::Email::MailQueue: Error: Message sending already in progress! Skipping...


 Traceback (28374): 
   Module: Kernel::System::Daemon::DaemonModules::BaseTaskWorker::_HandleError Line: 52
   Module: Kernel::System::Daemon::DaemonModules::SchedulerTaskWorker::Cron::Run Line: 177
   Module: Kernel::System::Daemon::DaemonModules::SchedulerTaskWorker::Run Line: 235
   Module: (eval) Line: 314
   Module: main::Start Line: 314
   Module: /opt/otrs/bin/otrs.Daemon.pl Line: 135

ERROR: OTRS-otrs.Console.pl-Maint::Email::MailQueue-67 Perl: 5.26.1 OS: linux Time: Mon Mar 23 09:49:09 2020

 Message: There was an error executing Execute() in Kernel::System::Console::Command::Maint::Email::MailQueue: Error: Message sending already in progress! Skipping...


 Traceback (28387): 
   Module: Kernel::System::Daemon::DaemonModules::BaseTaskWorker::_HandleError Line: 52
   Module: Kernel::System::Daemon::DaemonModules::SchedulerTaskWorker::Cron::Run Line: 177
   Module: Kernel::System::Daemon::DaemonModules::SchedulerTaskWorker::Run Line: 235
   Module: (eval) Line: 314
   Module: main::Start Line: 314
   Module: /opt/otrs/bin/otrs.Daemon.pl Line: 135

ERROR: OTRS-otrs.Console.pl-Maint::Email::MailQueue-67 Perl: 5.26.1 OS: linux Time: Mon Mar 23 09:50:09 2020

 Message: There was an error executing Execute() in Kernel::System::Console::Command::Maint::Email::MailQueue: Error: Message sending already in progress! Skipping...


 Traceback (28429): 
   Module: Kernel::System::Daemon::DaemonModules::BaseTaskWorker::_HandleError Line: 52
   Module: Kernel::System::Daemon::DaemonModules::SchedulerTaskWorker::Cron::Run Line: 177
   Module: Kernel::System::Daemon::DaemonModules::SchedulerTaskWorker::Run Line: 235
   Module: (eval) Line: 314
   Module: main::Start Line: 314
   Module: /opt/otrs/bin/otrs.Daemon.pl Line: 135

ERROR: OTRS-otrs.Console.pl-Maint::Email::MailQueue-67 Perl: 5.26.1 OS: linux Time: Mon Mar 23 09:51:09 2020

 Message: There was an error executing Execute() in Kernel::System::Console::Command::Maint::Email::MailQueue: Error: Message sending already in progress! Skipping...


 Traceback (28448): 
   Module: Kernel::System::Daemon::DaemonModules::BaseTaskWorker::_HandleError Line: 52
   Module: Kernel::System::Daemon::DaemonModules::SchedulerTaskWorker::Cron::Run Line: 177
   Module: Kernel::System::Daemon::DaemonModules::SchedulerTaskWorker::Run Line: 235
   Module: (eval) Line: 314
   Module: main::Start Line: 314
   Module: /opt/otrs/bin/otrs.Daemon.pl Line: 135

ERROR: OTRS-otrs.Console.pl-Maint::Email::MailQueue-67 Perl: 5.26.1 OS: linux Time: Mon Mar 23 09:52:10 2020

 Message: There was an error executing Execute() in Kernel::System::Console::Command::Maint::Email::MailQueue: Error: Message sending already in progress! Skipping...


 Traceback (28463): 
   Module: Kernel::System::Daemon::DaemonModules::BaseTaskWorker::_HandleError Line: 52
   Module: Kernel::System::Daemon::DaemonModules::SchedulerTaskWorker::Cron::Run Line: 177
   Module: Kernel::System::Daemon::DaemonModules::SchedulerTaskWorker::Run Line: 235
   Module: (eval) Line: 314
   Module: main::Start Line: 314
   Module: /opt/otrs/bin/otrs.Daemon.pl Line: 135

ERROR: OTRS-otrs.Console.pl-Maint::Email::MailQueue-67 Perl: 5.26.1 OS: linux Time: Mon Mar 23 09:53:10 2020

 Message: There was an error executing Execute() in Kernel::System::Console::Command::Maint::Email::MailQueue: Error: Message sending already in progress! Skipping...


 Traceback (28494): 
   Module: Kernel::System::Daemon::DaemonModules::BaseTaskWorker::_HandleError Line: 52
   Module: Kernel::System::Daemon::DaemonModules::SchedulerTaskWorker::Cron::Run Line: 177
   Module: Kernel::System::Daemon::DaemonModules::SchedulerTaskWorker::Run Line: 235
   Module: (eval) Line: 314
   Module: main::Start Line: 314
   Module: /opt/otrs/bin/otrs.Daemon.pl Line: 135

ERROR: OTRS-otrs.Console.pl-Maint::Email::MailQueue-67 Perl: 5.26.1 OS: linux Time: Mon Mar 23 09:54:10 2020

 Message: There was an error executing Execute() in Kernel::System::Console::Command::Maint::Email::MailQueue: Error: Message sending already in progress! Skipping...


 Traceback (28513): 
   Module: Kernel::System::Daemon::DaemonModules::BaseTaskWorker::_HandleError Line: 52
   Module: Kernel::System::Daemon::DaemonModules::SchedulerTaskWorker::Cron::Run Line: 177
   Module: Kernel::System::Daemon::DaemonModules::SchedulerTaskWorker::Run Line: 235
   Module: (eval) Line: 314
   Module: main::Start Line: 314
   Module: /opt/otrs/bin/otrs.Daemon.pl Line: 135

ERROR: OTRS-otrs.Console.pl-Maint::Email::MailQueue-67 Perl: 5.26.1 OS: linux Time: Mon Mar 23 09:55:11 2020

 Message: There was an error executing Execute() in Kernel::System::Console::Command::Maint::Email::MailQueue: Error: Message sending already in progress! Skipping...


 Traceback (28541): 
   Module: Kernel::System::Daemon::DaemonModules::BaseTaskWorker::_HandleError Line: 52
   Module: Kernel::System::Daemon::DaemonModules::SchedulerTaskWorker::Cron::Run Line: 177
   Module: Kernel::System::Daemon::DaemonModules::SchedulerTaskWorker::Run Line: 235
   Module: (eval) Line: 314
   Module: main::Start Line: 314
   Module: /opt/otrs/bin/otrs.Daemon.pl Line: 135

ERROR: OTRS-otrs.Console.pl-Maint::Email::MailQueue-67 Perl: 5.26.1 OS: linux Time: Mon Mar 23 09:56:11 2020

 Message: There was an error executing Execute() in Kernel::System::Console::Command::Maint::Email::MailQueue: Error: Message sending already in progress! Skipping...


 Traceback (28561): 
   Module: Kernel::System::Daemon::DaemonModules::BaseTaskWorker::_HandleError Line: 52
   Module: Kernel::System::Daemon::DaemonModules::SchedulerTaskWorker::Cron::Run Line: 177
   Module: Kernel::System::Daemon::DaemonModules::SchedulerTaskWorker::Run Line: 235
   Module: (eval) Line: 314
   Module: main::Start Line: 314
   Module: /opt/otrs/bin/otrs.Daemon.pl Line: 135

ERROR: OTRS-otrs.Console.pl-Maint::Email::MailQueue-67 Perl: 5.26.1 OS: linux Time: Mon Mar 23 09:57:11 2020

 Message: There was an error executing Execute() in Kernel::System::Console::Command::Maint::Email::MailQueue: Error: Message sending already in progress! Skipping...


 Traceback (28583): 
   Module: Kernel::System::Daemon::DaemonModules::BaseTaskWorker::_HandleError Line: 52
   Module: Kernel::System::Daemon::DaemonModules::SchedulerTaskWorker::Cron::Run Line: 177
   Module: Kernel::System::Daemon::DaemonModules::SchedulerTaskWorker::Run Line: 235
   Module: (eval) Line: 314
   Module: main::Start Line: 314
   Module: /opt/otrs/bin/otrs.Daemon.pl Line: 135

ERROR: OTRS-otrs.Console.pl-Maint::Email::MailQueue-67 Perl: 5.26.1 OS: linux Time: Mon Mar 23 09:58:11 2020

 Message: There was an error executing Execute() in Kernel::System::Console::Command::Maint::Email::MailQueue: Error: Message sending already in progress! Skipping...


 Traceback (28608): 
   Module: Kernel::System::Daemon::DaemonModules::BaseTaskWorker::_HandleError Line: 52
   Module: Kernel::System::Daemon::DaemonModules::SchedulerTaskWorker::Cron::Run Line: 177
   Module: Kernel::System::Daemon::DaemonModules::SchedulerTaskWorker::Run Line: 235
   Module: (eval) Line: 314
   Module: main::Start Line: 314
   Module: /opt/otrs/bin/otrs.Daemon.pl Line: 135

ERROR: OTRS-otrs.Console.pl-Maint::Email::MailQueue-67 Perl: 5.26.1 OS: linux Time: Mon Mar 23 09:59:11 2020

 Message: There was an error executing Execute() in Kernel::System::Console::Command::Maint::Email::MailQueue: Error: Message sending already in progress! Skipping...


 Traceback (28621): 
   Module: Kernel::System::Daemon::DaemonModules::BaseTaskWorker::_HandleError Line: 52
   Module: Kernel::System::Daemon::DaemonModules::SchedulerTaskWorker::Cron::Run Line: 177
   Module: Kernel::System::Daemon::DaemonModules::SchedulerTaskWorker::Run Line: 235
   Module: (eval) Line: 314
   Module: main::Start Line: 314
   Module: /opt/otrs/bin/otrs.Daemon.pl Line: 135

ERROR: OTRS-otrs.Console.pl-Maint::Email::MailQueue-67 Perl: 5.26.1 OS: linux Time: Mon Mar 23 10:00:12 2020

 Message: There was an error executing Execute() in Kernel::System::Console::Command::Maint::Email::MailQueue: Error: Message sending already in progress! Skipping...


 Traceback (28656): 
   Module: Kernel::System::Daemon::DaemonModules::BaseTaskWorker::_HandleError Line: 52
   Module: Kernel::System::Daemon::DaemonModules::SchedulerTaskWorker::Cron::Run Line: 177
   Module: Kernel::System::Daemon::DaemonModules::SchedulerTaskWorker::Run Line: 235
   Module: (eval) Line: 314
   Module: main::Start Line: 314
   Module: /opt/otrs/bin/otrs.Daemon.pl Line: 135

ERROR: OTRS-otrs.Console.pl-Maint::Email::MailQueue-67 Perl: 5.26.1 OS: linux Time: Mon Mar 23 10:01:12 2020

 Message: There was an error executing Execute() in Kernel::System::Console::Command::Maint::Email::MailQueue: Error: Message sending already in progress! Skipping...


 Traceback (28684): 
   Module: Kernel::System::Daemon::DaemonModules::BaseTaskWorker::_HandleError Line: 52
   Module: Kernel::System::Daemon::DaemonModules::SchedulerTaskWorker::Cron::Run Line: 177
   Module: Kernel::System::Daemon::DaemonModules::SchedulerTaskWorker::Run Line: 235
   Module: (eval) Line: 314
   Module: main::Start Line: 314
   Module: /opt/otrs/bin/otrs.Daemon.pl Line: 135

ERROR: OTRS-otrs.Console.pl-Maint::Email::MailQueue-67 Perl: 5.26.1 OS: linux Time: Mon Mar 23 10:02:13 2020

 Message: There was an error executing Execute() in Kernel::System::Console::Command::Maint::Email::MailQueue: Error: Message sending already in progress! Skipping...


 Traceback (28715): 
   Module: Kernel::System::Daemon::DaemonModules::BaseTaskWorker::_HandleError Line: 52
   Module: Kernel::System::Daemon::DaemonModules::SchedulerTaskWorker::Cron::Run Line: 177
   Module: Kernel::System::Daemon::DaemonModules::SchedulerTaskWorker::Run Line: 235
   Module: (eval) Line: 314
   Module: main::Start Line: 314
   Module: /opt/otrs/bin/otrs.Daemon.pl Line: 135

ERROR: OTRS-otrs.Console.pl-Maint::Email::MailQueue-67 Perl: 5.26.1 OS: linux Time: Mon Mar 23 10:03:13 2020

 Message: There was an error executing Execute() in Kernel::System::Console::Command::Maint::Email::MailQueue: Error: Message sending already in progress! Skipping...


 Traceback (28737): 
   Module: Kernel::System::Daemon::DaemonModules::BaseTaskWorker::_HandleError Line: 52
   Module: Kernel::System::Daemon::DaemonModules::SchedulerTaskWorker::Cron::Run Line: 177
   Module: Kernel::System::Daemon::DaemonModules::SchedulerTaskWorker::Run Line: 235
   Module: (eval) Line: 314
   Module: main::Start Line: 314
   Module: /opt/otrs/bin/otrs.Daemon.pl Line: 135

ERROR: OTRS-otrs.Console.pl-Maint::Email::MailQueue-67 Perl: 5.26.1 OS: linux Time: Mon Mar 23 10:04:13 2020

 Message: There was an error executing Execute() in Kernel::System::Console::Command::Maint::Email::MailQueue: Error: Message sending already in progress! Skipping...


 Traceback (28758): 
   Module: Kernel::System::Daemon::DaemonModules::BaseTaskWorker::_HandleError Line: 52
   Module: Kernel::System::Daemon::DaemonModules::SchedulerTaskWorker::Cron::Run Line: 177
   Module: Kernel::System::Daemon::DaemonModules::SchedulerTaskWorker::Run Line: 235
   Module: (eval) Line: 314
   Module: main::Start Line: 314
   Module: /opt/otrs/bin/otrs.Daemon.pl Line: 135

ERROR: OTRS-otrs.Console.pl-Maint::Email::MailQueue-67 Perl: 5.26.1 OS: linux Time: Mon Mar 23 10:05:13 2020

 Message: There was an error executing Execute() in Kernel::System::Console::Command::Maint::Email::MailQueue: Error: Message sending already in progress! Skipping...


 Traceback (28971): 
   Module: Kernel::System::Daemon::DaemonModules::BaseTaskWorker::_HandleError Line: 52
   Module: Kernel::System::Daemon::DaemonModules::SchedulerTaskWorker::Cron::Run Line: 177
   Module: Kernel::System::Daemon::DaemonModules::SchedulerTaskWorker::Run Line: 235
   Module: (eval) Line: 314
   Module: main::Start Line: 314
   Module: /opt/otrs/bin/otrs.Daemon.pl Line: 135

ERROR: OTRS-otrs.Console.pl-Maint::Email::MailQueue-67 Perl: 5.26.1 OS: linux Time: Mon Mar 23 10:06:14 2020

 Message: There was an error executing Execute() in Kernel::System::Console::Command::Maint::Email::MailQueue: Error: Message sending already in progress! Skipping...


 Traceback (29034): 
   Module: Kernel::System::Daemon::DaemonModules::BaseTaskWorker::_HandleError Line: 52
   Module: Kernel::System::Daemon::DaemonModules::SchedulerTaskWorker::Cron::Run Line: 177
   Module: Kernel::System::Daemon::DaemonModules::SchedulerTaskWorker::Run Line: 235
   Module: (eval) Line: 314
   Module: main::Start Line: 314
   Module: /opt/otrs/bin/otrs.Daemon.pl Line: 135

ERROR: OTRS-otrs.Console.pl-Maint::Email::MailQueue-67 Perl: 5.26.1 OS: linux Time: Mon Mar 23 10:07:14 2020

 Message: There was an error executing Execute() in Kernel::System::Console::Command::Maint::Email::MailQueue: Error: Message sending already in progress! Skipping...


 Traceback (29120): 
   Module: Kernel::System::Daemon::DaemonModules::BaseTaskWorker::_HandleError Line: 52
   Module: Kernel::System::Daemon::DaemonModules::SchedulerTaskWorker::Cron::Run Line: 177
   Module: Kernel::System::Daemon::DaemonModules::SchedulerTaskWorker::Run Line: 235
   Module: (eval) Line: 314
   Module: main::Start Line: 314
   Module: /opt/otrs/bin/otrs.Daemon.pl Line: 135

