sendmail: 550 5.4.5 Daily user sending quota exceeded. f127sm12838985pfa.9 - gsmtp
sendmail: 550 5.4.5 Daily user sending quota exceeded. y9sm8580952pfo.135 - gsmtp
sendmail: 550 5.4.5 Daily user sending quota exceeded. u3sm12837410pfb.36 - gsmtp
sendmail: 550 5.4.5 Daily user sending quota exceeded. i2sm12604304pfr.151 - gsmtp
sendmail: 550 5.4.5 Daily user sending quota exceeded. o12sm6072255pjt.16 - gsmtp
sendmail: 550 5.4.5 Daily user sending quota exceeded. c1sm11531910pje.24 - gsmtp
sendmail: 550 5.4.5 Daily user sending quota exceeded. f6sm13394348pfk.99 - gsmtp
sendmail: 550 5.4.5 Daily user sending quota exceeded. u12sm12360542pfm.165 - gsmtp
sendmail: 550 5.4.5 Daily user sending quota exceeded. 189sm2956115pgh.58 - gsmtp
sendmail: 550 5.4.5 Daily user sending quota exceeded. f64sm13408943pfb.72 - gsmtp
sendmail: 550 5.4.5 Daily user sending quota exceeded. i187sm12571718pfg.33 - gsmtp
sendmail: 550 5.4.5 Daily user sending quota exceeded. h23sm12231635pfo.220 - gsmtp
sendmail: 550 5.4.5 Daily user sending quota exceeded. r63sm6252742pfr.42 - gsmtp
sendmail: Cannot open smtp.gmail.com:587
sendmail: 550 5.4.5 Daily user sending quota exceeded. r17sm822479pgl.80 - gsmtp
sendmail: 550 5.4.5 Daily user sending quota exceeded. b19sm11484216pju.12 - gsmtp
sendmail: 550 5.4.5 Daily user sending quota exceeded. u129sm12566289pfb.101 - gsmtp
sendmail: Connection lost in middle of processing
sendmail: 550 5.4.5 Daily user sending quota exceeded. k6sm11734330pje.8 - gsmtp
sendmail: 550 5.4.5 Daily user sending quota exceeded. u5sm12732594pfb.153 - gsmtp
sendmail: 550 5.4.5 Daily user sending quota exceeded. k6sm11734835pje.8 - gsmtp
sendmail: 550 5.4.5 Daily user sending quota exceeded. s1sm1205196pfh.59 - gsmtp
sendmail: 550 5.4.5 Daily user sending quota exceeded. f129sm1594424pfb.190 - gsmtp
sendmail: 550 5.4.5 Daily user sending quota exceeded. o65sm6259464pfg.187 - gsmtp
sendmail: 550 5.4.5 Daily user sending quota exceeded. kb18sm12754273pjb.14 - gsmtp
sendmail: 550 5.4.5 Daily user sending quota exceeded. a71sm12920087pfa.162 - gsmtp
sendmail: 550 5.4.5 Daily user sending quota exceeded. mu15sm3857375pjb.30 - gsmtp
sendmail: 550 5.4.5 Daily user sending quota exceeded. w205sm12802104pfc.75 - gsmtp
sendmail: 550 5.4.5 Daily user sending quota exceeded. t66sm11800856pjb.45 - gsmtp
sendmail: 550 5.4.5 Daily user sending quota exceeded. 189sm12702321pfw.203 - gsmtp
sendmail: 550 5.4.5 Daily user sending quota exceeded. z26sm10715572pgc.5 - gsmtp
sendmail: 550 5.4.5 Daily user sending quota exceeded. f64sm13464207pfb.72 - gsmtp
sendmail: 550 5.4.5 Daily user sending quota exceeded. m12sm11611861pjf.25 - gsmtp
sendmail: 550 5.4.5 Daily user sending quota exceeded. v14sm12681623pff.30 - gsmtp
sendmail: 550 5.4.5 Daily user sending quota exceeded. i6sm13027939pfe.62 - gsmtp
sendmail: 550 5.4.5 Daily user sending quota exceeded. x189sm12842842pfb.1 - gsmtp
sendmail: 550 5.4.5 Daily user sending quota exceeded. y28sm12891242pfp.128 - gsmtp
sendmail: 550 5.4.5 Daily user sending quota exceeded. i197sm13041973pfe.137 - gsmtp
sendmail: 550 5.4.5 Daily user sending quota exceeded. 74sm12693792pfy.120 - gsmtp
sendmail: 550 5.4.5 Daily user sending quota exceeded. o20sm3294648pgn.26 - gsmtp
sendmail: 550 5.4.5 Daily user sending quota exceeded. p9sm11430405pgs.50 - gsmtp
sendmail: 550 5.4.5 Daily user sending quota exceeded. u6sm11557967pgj.7 - gsmtp
sendmail: 550 5.4.5 Daily user sending quota exceeded. s1sm1228216pfh.59 - gsmtp
sendmail: 550 5.4.5 Daily user sending quota exceeded. 1sm6316478pjc.32 - gsmtp
sendmail: 550 5.4.5 Daily user sending quota exceeded. kb18sm12783227pjb.14 - gsmtp
sendmail: 550 5.4.5 Daily user sending quota exceeded. na18sm12309884pjb.31 - gsmtp
sendmail: 550 5.4.5 Daily user sending quota exceeded. c201sm12855593pfc.73 - gsmtp
sendmail: 550 5.4.5 Daily user sending quota exceeded. l7sm12324205pff.204 - gsmtp
sendmail: 550 5.4.5 Daily user sending quota exceeded. 189sm3014190pgh.58 - gsmtp
sendmail: 550 5.4.5 Daily user sending quota exceeded. ev21sm1616335pjb.24 - gsmtp
sendmail: 550 5.4.5 Daily user sending quota exceeded. x135sm11953966pgx.41 - gsmtp
sendmail: 550 5.4.5 Daily user sending quota exceeded. f45sm11508531pjg.29 - gsmtp
sendmail: 550 5.4.5 Daily user sending quota exceeded. g75sm11516867pje.37 - gsmtp
sendmail: 550 5.4.5 Daily user sending quota exceeded. l67sm11956490pjb.23 - gsmtp
sendmail: 550 5.4.5 Daily user sending quota exceeded. x24sm3821571pfn.140 - gsmtp
sendmail: 550 5.4.5 Daily user sending quota exceeded. f129sm1623366pfb.190 - gsmtp
sendmail: 550 5.4.5 Daily user sending quota exceeded. s4sm4726108pgm.18 - gsmtp
sendmail: 550 5.4.5 Daily user sending quota exceeded. m2sm11895138pge.81 - gsmtp
sendmail: 550 5.4.5 Daily user sending quota exceeded. v25sm8345568pgl.55 - gsmtp
sendmail: 550 5.4.5 Daily user sending quota exceeded. w4sm11438323pgg.2 - gsmtp
sendmail: 550 5.4.5 Daily user sending quota exceeded. n29sm8025339pgf.33 - gsmtp
sendmail: 550 5.4.5 Daily user sending quota exceeded. j4sm12719699pfg.133 - gsmtp
sendmail: 550 5.4.5 Daily user sending quota exceeded. e6sm11802737pgu.44 - gsmtp
sendmail: 550 5.4.5 Daily user sending quota exceeded. p1sm12814191pfq.114 - gsmtp
sendmail: 550 5.4.5 Daily user sending quota exceeded. na18sm12314721pjb.31 - gsmtp
sendmail: 550 5.4.5 Daily user sending quota exceeded. w16sm12475982pfj.79 - gsmtp
sendmail: 550 5.4.5 Daily user sending quota exceeded. 64sm12881243pfd.48 - gsmtp
sendmail: 550 5.4.5 Daily user sending quota exceeded. v5sm6489984pfn.105 - gsmtp
sendmail: 550 5.4.5 Daily user sending quota exceeded. g69sm11609511pje.34 - gsmtp
sendmail: 550 5.4.5 Daily user sending quota exceeded. h132sm13006513pfe.118 - gsmtp
sendmail: 550 5.4.5 Daily user sending quota exceeded. p70sm11681820pjp.47 - gsmtp
sendmail: 550 5.4.5 Daily user sending quota exceeded. u21sm1074034pjy.8 - gsmtp
sendmail: 550 5.4.5 Daily user sending quota exceeded. 71sm13139934pfv.8 - gsmtp
sendmail: 550 5.4.5 Daily user sending quota exceeded. e9sm12129373pjt.23 - gsmtp
sendmail: 550 5.4.5 Daily user sending quota exceeded. r59sm11379148pjb.45 - gsmtp
sendmail: 550 5.4.5 Daily user sending quota exceeded. f69sm12898702pfa.124 - gsmtp
sendmail: 550 5.4.5 Daily user sending quota exceeded. o14sm8543496pfh.147 - gsmtp
sendmail: 550 5.4.5 Daily user sending quota exceeded. bt19sm2966332pjb.3 - gsmtp
sendmail: 550 5.4.5 Daily user sending quota exceeded. y9sm8647312pfo.135 - gsmtp
sendmail: 550 5.4.5 Daily user sending quota exceeded. b17sm12909699pff.81 - gsmtp
sendmail: 550 5.4.5 Daily user sending quota exceeded. s76sm3256348pgc.64 - gsmtp
sendmail: 550 5.4.5 Daily user sending quota exceeded. f6sm13460988pfk.99 - gsmtp
sendmail: 550 5.4.5 Daily user sending quota exceeded. z12sm13800522pfj.144 - gsmtp
sendmail: 550 5.4.5 Daily user sending quota exceeded. c62sm12707221pfc.136 - gsmtp
sendmail: 550 5.4.5 Daily user sending quota exceeded. v9sm11436672pjr.3 - gsmtp
sendmail: 550 5.4.5 Daily user sending quota exceeded. j19sm12638568pfe.102 - gsmtp
sendmail: 550 5.4.5 Daily user sending quota exceeded. l25sm11721558pgn.47 - gsmtp
sendmail: 550 5.4.5 Daily user sending quota exceeded. 1sm6326357pjc.32 - gsmtp
sendmail: 550 5.4.5 Daily user sending quota exceeded. k2sm11615029pgj.16 - gsmtp
sendmail: 550 5.4.5 Daily user sending quota exceeded. p9sm11439323pgs.50 - gsmtp
sendmail: 550 5.4.5 Daily user sending quota exceeded. 93sm10911709pjo.43 - gsmtp
sendmail: 550 5.4.5 Daily user sending quota exceeded. my15sm12053235pjb.28 - gsmtp
sendmail: 550 5.4.5 Daily user sending quota exceeded. g13sm12829049pfi.183 - gsmtp
sendmail: 550 5.4.5 Daily user sending quota exceeded. e24sm12699989pfi.200 - gsmtp
sendmail: 550 5.4.5 Daily user sending quota exceeded. z16sm11638037pjt.40 - gsmtp
sendmail: 550 5.4.5 Daily user sending quota exceeded. mq6sm12769809pjb.38 - gsmtp
sendmail: 550 5.4.5 Daily user sending quota exceeded. h95sm11697438pjb.46 - gsmtp
sendmail: 550 5.4.5 Daily user sending quota exceeded. s123sm12734902pfs.21 - gsmtp
sendmail: 550 5.4.5 Daily user sending quota exceeded. m12sm11625327pjf.25 - gsmtp
sendmail: 550 5.4.5 Daily user sending quota exceeded. 144sm11672772pgc.25 - gsmtp
sendmail: 550 5.4.5 Daily user sending quota exceeded. 20sm12578982pfn.58 - gsmtp
sendmail: 550 5.4.5 Daily user sending quota exceeded. u3sm12907338pfb.36 - gsmtp
sendmail: 550 5.4.5 Daily user sending quota exceeded. y17sm6400679pfl.104 - gsmtp
sendmail: 550 5.4.5 Daily user sending quota exceeded. a13sm6122943pjh.7 - gsmtp
sendmail: 550 5.4.5 Daily user sending quota exceeded. g10sm12841537pfk.90 - gsmtp
sendmail: 550 5.4.5 Daily user sending quota exceeded. a8sm11444789pgg.79 - gsmtp
sendmail: 550 5.4.5 Daily user sending quota exceeded. j14sm681532pgk.74 - gsmtp
sendmail: 550 5.4.5 Daily user sending quota exceeded. c1sm11608262pje.24 - gsmtp
sendmail: 550 5.4.5 Daily user sending quota exceeded. a10sm5901624pfi.16 - gsmtp
sendmail: 550 5.4.5 Daily user sending quota exceeded. b22sm12577042pfi.213 - gsmtp
sendmail: 550 5.4.5 Daily user sending quota exceeded. d188sm12457682pfa.7 - gsmtp
sendmail: 550 5.4.5 Daily user sending quota exceeded. 93sm10915764pjo.43 - gsmtp
