ERROR: OTRS-otrs.Console.pl-Maint::Email::MailQueue-67 Perl: 5.26.1 OS: linux Time: Tue Mar 24 06:20:10 2020

 Message: There was an error executing Execute() in Kernel::System::Console::Command::Maint::Email::MailQueue: Error: Message sending already in progress! Skipping...


 Traceback (2443): 
   Module: Kernel::System::Daemon::DaemonModules::BaseTaskWorker::_HandleError Line: 52
   Module: Kernel::System::Daemon::DaemonModules::SchedulerTaskWorker::Cron::Run Line: 177
   Module: Kernel::System::Daemon::DaemonModules::SchedulerTaskWorker::Run Line: 235
   Module: (eval) Line: 314
   Module: main::Start Line: 314
   Module: /opt/otrs/bin/otrs.Daemon.pl Line: 135

ERROR: OTRS-otrs.Console.pl-Maint::Email::MailQueue-67 Perl: 5.26.1 OS: linux Time: Tue Mar 24 06:21:14 2020

 Message: There was an error executing Execute() in Kernel::System::Console::Command::Maint::Email::MailQueue: Error: Message sending already in progress! Skipping...


 Traceback (2662): 
   Module: Kernel::System::Daemon::DaemonModules::BaseTaskWorker::_HandleError Line: 52
   Module: Kernel::System::Daemon::DaemonModules::SchedulerTaskWorker::Cron::Run Line: 177
   Module: Kernel::System::Daemon::DaemonModules::SchedulerTaskWorker::Run Line: 235
   Module: (eval) Line: 314
   Module: main::Start Line: 314
   Module: /opt/otrs/bin/otrs.Daemon.pl Line: 135

ERROR: OTRS-otrs.Console.pl-Maint::Email::MailQueue-67 Perl: 5.26.1 OS: linux Time: Tue Mar 24 06:22:14 2020

 Message: There was an error executing Execute() in Kernel::System::Console::Command::Maint::Email::MailQueue: Error: Message sending already in progress! Skipping...


 Traceback (2699): 
   Module: Kernel::System::Daemon::DaemonModules::BaseTaskWorker::_HandleError Line: 52
   Module: Kernel::System::Daemon::DaemonModules::SchedulerTaskWorker::Cron::Run Line: 177
   Module: Kernel::System::Daemon::DaemonModules::SchedulerTaskWorker::Run Line: 235
   Module: (eval) Line: 314
   Module: main::Start Line: 314
   Module: /opt/otrs/bin/otrs.Daemon.pl Line: 135

ERROR: OTRS-otrs.Console.pl-Maint::Email::MailQueue-67 Perl: 5.26.1 OS: linux Time: Tue Mar 24 06:23:14 2020

 Message: There was an error executing Execute() in Kernel::System::Console::Command::Maint::Email::MailQueue: Error: Message sending already in progress! Skipping...


 Traceback (2739): 
   Module: Kernel::System::Daemon::DaemonModules::BaseTaskWorker::_HandleError Line: 52
   Module: Kernel::System::Daemon::DaemonModules::SchedulerTaskWorker::Cron::Run Line: 177
   Module: Kernel::System::Daemon::DaemonModules::SchedulerTaskWorker::Run Line: 235
   Module: (eval) Line: 314
   Module: main::Start Line: 314
   Module: /opt/otrs/bin/otrs.Daemon.pl Line: 135

ERROR: OTRS-otrs.Console.pl-Maint::Email::MailQueue-67 Perl: 5.26.1 OS: linux Time: Tue Mar 24 06:24:14 2020

 Message: There was an error executing Execute() in Kernel::System::Console::Command::Maint::Email::MailQueue: Error: Message sending already in progress! Skipping...


 Traceback (2776): 
   Module: Kernel::System::Daemon::DaemonModules::BaseTaskWorker::_HandleError Line: 52
   Module: Kernel::System::Daemon::DaemonModules::SchedulerTaskWorker::Cron::Run Line: 177
   Module: Kernel::System::Daemon::DaemonModules::SchedulerTaskWorker::Run Line: 235
   Module: (eval) Line: 314
   Module: main::Start Line: 314
   Module: /opt/otrs/bin/otrs.Daemon.pl Line: 135

ERROR: OTRS-otrs.Console.pl-Maint::Email::MailQueue-67 Perl: 5.26.1 OS: linux Time: Tue Mar 24 06:25:14 2020

 Message: There was an error executing Execute() in Kernel::System::Console::Command::Maint::Email::MailQueue: Error: Message sending already in progress! Skipping...


 Traceback (2809): 
   Module: Kernel::System::Daemon::DaemonModules::BaseTaskWorker::_HandleError Line: 52
   Module: Kernel::System::Daemon::DaemonModules::SchedulerTaskWorker::Cron::Run Line: 177
   Module: Kernel::System::Daemon::DaemonModules::SchedulerTaskWorker::Run Line: 235
   Module: (eval) Line: 314
   Module: main::Start Line: 314
   Module: /opt/otrs/bin/otrs.Daemon.pl Line: 135

ERROR: OTRS-otrs.Console.pl-Maint::Email::MailQueue-67 Perl: 5.26.1 OS: linux Time: Tue Mar 24 06:26:15 2020

 Message: There was an error executing Execute() in Kernel::System::Console::Command::Maint::Email::MailQueue: Error: Message sending already in progress! Skipping...


 Traceback (2847): 
   Module: Kernel::System::Daemon::DaemonModules::BaseTaskWorker::_HandleError Line: 52
   Module: Kernel::System::Daemon::DaemonModules::SchedulerTaskWorker::Cron::Run Line: 177
   Module: Kernel::System::Daemon::DaemonModules::SchedulerTaskWorker::Run Line: 235
   Module: (eval) Line: 314
   Module: main::Start Line: 314
   Module: /opt/otrs/bin/otrs.Daemon.pl Line: 135

ERROR: OTRS-otrs.Console.pl-Maint::Email::MailQueue-67 Perl: 5.26.1 OS: linux Time: Tue Mar 24 06:27:15 2020

 Message: There was an error executing Execute() in Kernel::System::Console::Command::Maint::Email::MailQueue: Error: Message sending already in progress! Skipping...


 Traceback (2868): 
   Module: Kernel::System::Daemon::DaemonModules::BaseTaskWorker::_HandleError Line: 52
   Module: Kernel::System::Daemon::DaemonModules::SchedulerTaskWorker::Cron::Run Line: 177
   Module: Kernel::System::Daemon::DaemonModules::SchedulerTaskWorker::Run Line: 235
   Module: (eval) Line: 314
   Module: main::Start Line: 314
   Module: /opt/otrs/bin/otrs.Daemon.pl Line: 135

ERROR: OTRS-otrs.Console.pl-Maint::Email::MailQueue-67 Perl: 5.26.1 OS: linux Time: Tue Mar 24 06:28:15 2020

 Message: There was an error executing Execute() in Kernel::System::Console::Command::Maint::Email::MailQueue: Error: Message sending already in progress! Skipping...


 Traceback (3087): 
   Module: Kernel::System::Daemon::DaemonModules::BaseTaskWorker::_HandleError Line: 52
   Module: Kernel::System::Daemon::DaemonModules::SchedulerTaskWorker::Cron::Run Line: 177
   Module: Kernel::System::Daemon::DaemonModules::SchedulerTaskWorker::Run Line: 235
   Module: (eval) Line: 314
   Module: main::Start Line: 314
   Module: /opt/otrs/bin/otrs.Daemon.pl Line: 135

ERROR: OTRS-otrs.Console.pl-Maint::Email::MailQueue-67 Perl: 5.26.1 OS: linux Time: Tue Mar 24 06:29:16 2020

 Message: There was an error executing Execute() in Kernel::System::Console::Command::Maint::Email::MailQueue: Error: Message sending already in progress! Skipping...


 Traceback (3561): 
   Module: Kernel::System::Daemon::DaemonModules::BaseTaskWorker::_HandleError Line: 52
   Module: Kernel::System::Daemon::DaemonModules::SchedulerTaskWorker::Cron::Run Line: 177
   Module: Kernel::System::Daemon::DaemonModules::SchedulerTaskWorker::Run Line: 235
   Module: (eval) Line: 314
   Module: main::Start Line: 314
   Module: /opt/otrs/bin/otrs.Daemon.pl Line: 135

ERROR: OTRS-otrs.Console.pl-Maint::Email::MailQueue-67 Perl: 5.26.1 OS: linux Time: Tue Mar 24 06:30:16 2020

 Message: There was an error executing Execute() in Kernel::System::Console::Command::Maint::Email::MailQueue: Error: Message sending already in progress! Skipping...


 Traceback (3810): 
   Module: Kernel::System::Daemon::DaemonModules::BaseTaskWorker::_HandleError Line: 52
   Module: Kernel::System::Daemon::DaemonModules::SchedulerTaskWorker::Cron::Run Line: 177
   Module: Kernel::System::Daemon::DaemonModules::SchedulerTaskWorker::Run Line: 235
   Module: (eval) Line: 314
   Module: main::Start Line: 314
   Module: /opt/otrs/bin/otrs.Daemon.pl Line: 135

ERROR: OTRS-otrs.Console.pl-Maint::Email::MailQueue-67 Perl: 5.26.1 OS: linux Time: Tue Mar 24 06:31:16 2020

 Message: There was an error executing Execute() in Kernel::System::Console::Command::Maint::Email::MailQueue: Error: Message sending already in progress! Skipping...


 Traceback (3837): 
   Module: Kernel::System::Daemon::DaemonModules::BaseTaskWorker::_HandleError Line: 52
   Module: Kernel::System::Daemon::DaemonModules::SchedulerTaskWorker::Cron::Run Line: 177
   Module: Kernel::System::Daemon::DaemonModules::SchedulerTaskWorker::Run Line: 235
   Module: (eval) Line: 314
   Module: main::Start Line: 314
   Module: /opt/otrs/bin/otrs.Daemon.pl Line: 135

ERROR: OTRS-otrs.Console.pl-Maint::Email::MailQueue-67 Perl: 5.26.1 OS: linux Time: Tue Mar 24 06:32:17 2020

 Message: There was an error executing Execute() in Kernel::System::Console::Command::Maint::Email::MailQueue: Error: Message sending already in progress! Skipping...


 Traceback (3854): 
   Module: Kernel::System::Daemon::DaemonModules::BaseTaskWorker::_HandleError Line: 52
   Module: Kernel::System::Daemon::DaemonModules::SchedulerTaskWorker::Cron::Run Line: 177
   Module: Kernel::System::Daemon::DaemonModules::SchedulerTaskWorker::Run Line: 235
   Module: (eval) Line: 314
   Module: main::Start Line: 314
   Module: /opt/otrs/bin/otrs.Daemon.pl Line: 135

ERROR: OTRS-otrs.Console.pl-Maint::Email::MailQueue-67 Perl: 5.26.1 OS: linux Time: Tue Mar 24 06:33:17 2020

 Message: There was an error executing Execute() in Kernel::System::Console::Command::Maint::Email::MailQueue: Error: Message sending already in progress! Skipping...


 Traceback (3904): 
   Module: Kernel::System::Daemon::DaemonModules::BaseTaskWorker::_HandleError Line: 52
   Module: Kernel::System::Daemon::DaemonModules::SchedulerTaskWorker::Cron::Run Line: 177
   Module: Kernel::System::Daemon::DaemonModules::SchedulerTaskWorker::Run Line: 235
   Module: (eval) Line: 314
   Module: main::Start Line: 314
   Module: /opt/otrs/bin/otrs.Daemon.pl Line: 135

ERROR: OTRS-otrs.Console.pl-Maint::Email::MailQueue-67 Perl: 5.26.1 OS: linux Time: Tue Mar 24 06:34:17 2020

 Message: There was an error executing Execute() in Kernel::System::Console::Command::Maint::Email::MailQueue: Error: Message sending already in progress! Skipping...


 Traceback (3926): 
   Module: Kernel::System::Daemon::DaemonModules::BaseTaskWorker::_HandleError Line: 52
   Module: Kernel::System::Daemon::DaemonModules::SchedulerTaskWorker::Cron::Run Line: 177
   Module: Kernel::System::Daemon::DaemonModules::SchedulerTaskWorker::Run Line: 235
   Module: (eval) Line: 314
   Module: main::Start Line: 314
   Module: /opt/otrs/bin/otrs.Daemon.pl Line: 135

ERROR: OTRS-otrs.Console.pl-Maint::Email::MailQueue-67 Perl: 5.26.1 OS: linux Time: Tue Mar 24 06:35:17 2020

 Message: There was an error executing Execute() in Kernel::System::Console::Command::Maint::Email::MailQueue: Error: Message sending already in progress! Skipping...


 Traceback (3984): 
   Module: Kernel::System::Daemon::DaemonModules::BaseTaskWorker::_HandleError Line: 52
   Module: Kernel::System::Daemon::DaemonModules::SchedulerTaskWorker::Cron::Run Line: 177
   Module: Kernel::System::Daemon::DaemonModules::SchedulerTaskWorker::Run Line: 235
   Module: (eval) Line: 314
   Module: main::Start Line: 314
   Module: /opt/otrs/bin/otrs.Daemon.pl Line: 135

ERROR: OTRS-otrs.Console.pl-Maint::Email::MailQueue-67 Perl: 5.26.1 OS: linux Time: Tue Mar 24 06:36:18 2020

 Message: There was an error executing Execute() in Kernel::System::Console::Command::Maint::Email::MailQueue: Error: Message sending already in progress! Skipping...


 Traceback (4102): 
   Module: Kernel::System::Daemon::DaemonModules::BaseTaskWorker::_HandleError Line: 52
   Module: Kernel::System::Daemon::DaemonModules::SchedulerTaskWorker::Cron::Run Line: 177
   Module: Kernel::System::Daemon::DaemonModules::SchedulerTaskWorker::Run Line: 235
   Module: (eval) Line: 314
   Module: main::Start Line: 314
   Module: /opt/otrs/bin/otrs.Daemon.pl Line: 135

ERROR: OTRS-otrs.Console.pl-Maint::Email::MailQueue-67 Perl: 5.26.1 OS: linux Time: Tue Mar 24 06:37:18 2020

 Message: There was an error executing Execute() in Kernel::System::Console::Command::Maint::Email::MailQueue: Error: Message sending already in progress! Skipping...


 Traceback (4113): 
   Module: Kernel::System::Daemon::DaemonModules::BaseTaskWorker::_HandleError Line: 52
   Module: Kernel::System::Daemon::DaemonModules::SchedulerTaskWorker::Cron::Run Line: 177
   Module: Kernel::System::Daemon::DaemonModules::SchedulerTaskWorker::Run Line: 235
   Module: (eval) Line: 314
   Module: main::Start Line: 314
   Module: /opt/otrs/bin/otrs.Daemon.pl Line: 135

ERROR: OTRS-otrs.Console.pl-Maint::Email::MailQueue-67 Perl: 5.26.1 OS: linux Time: Tue Mar 24 06:38:18 2020

 Message: There was an error executing Execute() in Kernel::System::Console::Command::Maint::Email::MailQueue: Error: Message sending already in progress! Skipping...


 Traceback (4171): 
   Module: Kernel::System::Daemon::DaemonModules::BaseTaskWorker::_HandleError Line: 52
   Module: Kernel::System::Daemon::DaemonModules::SchedulerTaskWorker::Cron::Run Line: 177
   Module: Kernel::System::Daemon::DaemonModules::SchedulerTaskWorker::Run Line: 235
   Module: (eval) Line: 314
   Module: main::Start Line: 314
   Module: /opt/otrs/bin/otrs.Daemon.pl Line: 135

ERROR: OTRS-otrs.Console.pl-Maint::Email::MailQueue-67 Perl: 5.26.1 OS: linux Time: Tue Mar 24 06:39:18 2020

 Message: There was an error executing Execute() in Kernel::System::Console::Command::Maint::Email::MailQueue: Error: Message sending already in progress! Skipping...


 Traceback (4193): 
   Module: Kernel::System::Daemon::DaemonModules::BaseTaskWorker::_HandleError Line: 52
   Module: Kernel::System::Daemon::DaemonModules::SchedulerTaskWorker::Cron::Run Line: 177
   Module: Kernel::System::Daemon::DaemonModules::SchedulerTaskWorker::Run Line: 235
   Module: (eval) Line: 314
   Module: main::Start Line: 314
   Module: /opt/otrs/bin/otrs.Daemon.pl Line: 135

ERROR: OTRS-otrs.Console.pl-Maint::Email::MailQueue-67 Perl: 5.26.1 OS: linux Time: Tue Mar 24 06:40:19 2020

 Message: There was an error executing Execute() in Kernel::System::Console::Command::Maint::Email::MailQueue: Error: Message sending already in progress! Skipping...


 Traceback (4282): 
   Module: Kernel::System::Daemon::DaemonModules::BaseTaskWorker::_HandleError Line: 52
   Module: Kernel::System::Daemon::DaemonModules::SchedulerTaskWorker::Cron::Run Line: 177
   Module: Kernel::System::Daemon::DaemonModules::SchedulerTaskWorker::Run Line: 235
   Module: (eval) Line: 314
   Module: main::Start Line: 314
   Module: /opt/otrs/bin/otrs.Daemon.pl Line: 135

ERROR: OTRS-otrs.Console.pl-Maint::Email::MailQueue-67 Perl: 5.26.1 OS: linux Time: Tue Mar 24 06:41:19 2020

 Message: There was an error executing Execute() in Kernel::System::Console::Command::Maint::Email::MailQueue: Error: Message sending already in progress! Skipping...


 Traceback (4300): 
   Module: Kernel::System::Daemon::DaemonModules::BaseTaskWorker::_HandleError Line: 52
   Module: Kernel::System::Daemon::DaemonModules::SchedulerTaskWorker::Cron::Run Line: 177
   Module: Kernel::System::Daemon::DaemonModules::SchedulerTaskWorker::Run Line: 235
   Module: (eval) Line: 314
   Module: main::Start Line: 314
   Module: /opt/otrs/bin/otrs.Daemon.pl Line: 135

ERROR: OTRS-otrs.Console.pl-Maint::Email::MailQueue-67 Perl: 5.26.1 OS: linux Time: Tue Mar 24 06:42:19 2020

 Message: There was an error executing Execute() in Kernel::System::Console::Command::Maint::Email::MailQueue: Error: Message sending already in progress! Skipping...


 Traceback (4315): 
   Module: Kernel::System::Daemon::DaemonModules::BaseTaskWorker::_HandleError Line: 52
   Module: Kernel::System::Daemon::DaemonModules::SchedulerTaskWorker::Cron::Run Line: 177
   Module: Kernel::System::Daemon::DaemonModules::SchedulerTaskWorker::Run Line: 235
   Module: (eval) Line: 314
   Module: main::Start Line: 314
   Module: /opt/otrs/bin/otrs.Daemon.pl Line: 135

ERROR: OTRS-otrs.Console.pl-Maint::Email::MailQueue-67 Perl: 5.26.1 OS: linux Time: Tue Mar 24 06:43:20 2020

 Message: There was an error executing Execute() in Kernel::System::Console::Command::Maint::Email::MailQueue: Error: Message sending already in progress! Skipping...


 Traceback (4327): 
   Module: Kernel::System::Daemon::DaemonModules::BaseTaskWorker::_HandleError Line: 52
   Module: Kernel::System::Daemon::DaemonModules::SchedulerTaskWorker::Cron::Run Line: 177
   Module: Kernel::System::Daemon::DaemonModules::SchedulerTaskWorker::Run Line: 235
   Module: (eval) Line: 314
   Module: main::Start Line: 314
   Module: /opt/otrs/bin/otrs.Daemon.pl Line: 135

ERROR: OTRS-otrs.Console.pl-Maint::Email::MailQueue-67 Perl: 5.26.1 OS: linux Time: Tue Mar 24 06:44:20 2020

 Message: There was an error executing Execute() in Kernel::System::Console::Command::Maint::Email::MailQueue: Error: Message sending already in progress! Skipping...


 Traceback (4339): 
   Module: Kernel::System::Daemon::DaemonModules::BaseTaskWorker::_HandleError Line: 52
   Module: Kernel::System::Daemon::DaemonModules::SchedulerTaskWorker::Cron::Run Line: 177
   Module: Kernel::System::Daemon::DaemonModules::SchedulerTaskWorker::Run Line: 235
   Module: (eval) Line: 314
   Module: main::Start Line: 314
   Module: /opt/otrs/bin/otrs.Daemon.pl Line: 135

ERROR: OTRS-otrs.Console.pl-Maint::Email::MailQueue-67 Perl: 5.26.1 OS: linux Time: Tue Mar 24 06:45:00 2020

 Message: There was an error executing Execute() in Kernel::System::Console::Command::Maint::Email::MailQueue: Error: Message sending already in progress! Skipping...


 Traceback (4385): 
   Module: Kernel::System::Daemon::DaemonModules::BaseTaskWorker::_HandleError Line: 52
   Module: Kernel::System::Daemon::DaemonModules::SchedulerTaskWorker::Cron::Run Line: 177
   Module: Kernel::System::Daemon::DaemonModules::SchedulerTaskWorker::Run Line: 235
   Module: (eval) Line: 314
   Module: main::Start Line: 314
   Module: /opt/otrs/bin/otrs.Daemon.pl Line: 135

ERROR: OTRS-otrs.Console.pl-Maint::Email::MailQueue-67 Perl: 5.26.1 OS: linux Time: Tue Mar 24 06:46:01 2020

 Message: There was an error executing Execute() in Kernel::System::Console::Command::Maint::Email::MailQueue: Error: Message sending already in progress! Skipping...


 Traceback (4416): 
   Module: Kernel::System::Daemon::DaemonModules::BaseTaskWorker::_HandleError Line: 52
   Module: Kernel::System::Daemon::DaemonModules::SchedulerTaskWorker::Cron::Run Line: 177
   Module: Kernel::System::Daemon::DaemonModules::SchedulerTaskWorker::Run Line: 235
   Module: (eval) Line: 314
   Module: main::Start Line: 314
   Module: /opt/otrs/bin/otrs.Daemon.pl Line: 135

ERROR: OTRS-otrs.Console.pl-Maint::Email::MailQueue-67 Perl: 5.26.1 OS: linux Time: Tue Mar 24 06:47:01 2020

 Message: There was an error executing Execute() in Kernel::System::Console::Command::Maint::Email::MailQueue: Error: Message sending already in progress! Skipping...


 Traceback (4448): 
   Module: Kernel::System::Daemon::DaemonModules::BaseTaskWorker::_HandleError Line: 52
   Module: Kernel::System::Daemon::DaemonModules::SchedulerTaskWorker::Cron::Run Line: 177
   Module: Kernel::System::Daemon::DaemonModules::SchedulerTaskWorker::Run Line: 235
   Module: (eval) Line: 314
   Module: main::Start Line: 314
   Module: /opt/otrs/bin/otrs.Daemon.pl Line: 135

ERROR: OTRS-otrs.Console.pl-Maint::Email::MailQueue-67 Perl: 5.26.1 OS: linux Time: Tue Mar 24 06:48:01 2020

 Message: There was an error executing Execute() in Kernel::System::Console::Command::Maint::Email::MailQueue: Error: Message sending already in progress! Skipping...


 Traceback (4465): 
   Module: Kernel::System::Daemon::DaemonModules::BaseTaskWorker::_HandleError Line: 52
   Module: Kernel::System::Daemon::DaemonModules::SchedulerTaskWorker::Cron::Run Line: 177
   Module: Kernel::System::Daemon::DaemonModules::SchedulerTaskWorker::Run Line: 235
   Module: (eval) Line: 314
   Module: main::Start Line: 314
   Module: /opt/otrs/bin/otrs.Daemon.pl Line: 135

ERROR: OTRS-otrs.Console.pl-Maint::Email::MailQueue-67 Perl: 5.26.1 OS: linux Time: Tue Mar 24 06:49:01 2020

 Message: There was an error executing Execute() in Kernel::System::Console::Command::Maint::Email::MailQueue: Error: Message sending already in progress! Skipping...


 Traceback (4493): 
   Module: Kernel::System::Daemon::DaemonModules::BaseTaskWorker::_HandleError Line: 52
   Module: Kernel::System::Daemon::DaemonModules::SchedulerTaskWorker::Cron::Run Line: 177
   Module: Kernel::System::Daemon::DaemonModules::SchedulerTaskWorker::Run Line: 235
   Module: (eval) Line: 314
   Module: main::Start Line: 314
   Module: /opt/otrs/bin/otrs.Daemon.pl Line: 135

ERROR: OTRS-otrs.Console.pl-Maint::Email::MailQueue-67 Perl: 5.26.1 OS: linux Time: Tue Mar 24 06:50:02 2020

 Message: There was an error executing Execute() in Kernel::System::Console::Command::Maint::Email::MailQueue: Error: Message sending already in progress! Skipping...


 Traceback (4515): 
   Module: Kernel::System::Daemon::DaemonModules::BaseTaskWorker::_HandleError Line: 52
   Module: Kernel::System::Daemon::DaemonModules::SchedulerTaskWorker::Cron::Run Line: 177
   Module: Kernel::System::Daemon::DaemonModules::SchedulerTaskWorker::Run Line: 235
   Module: (eval) Line: 314
   Module: main::Start Line: 314
   Module: /opt/otrs/bin/otrs.Daemon.pl Line: 135

ERROR: OTRS-otrs.Console.pl-Maint::Email::MailQueue-67 Perl: 5.26.1 OS: linux Time: Tue Mar 24 06:51:02 2020

 Message: There was an error executing Execute() in Kernel::System::Console::Command::Maint::Email::MailQueue: Error: Message sending already in progress! Skipping...


 Traceback (4532): 
   Module: Kernel::System::Daemon::DaemonModules::BaseTaskWorker::_HandleError Line: 52
   Module: Kernel::System::Daemon::DaemonModules::SchedulerTaskWorker::Cron::Run Line: 177
   Module: Kernel::System::Daemon::DaemonModules::SchedulerTaskWorker::Run Line: 235
   Module: (eval) Line: 314
   Module: main::Start Line: 314
   Module: /opt/otrs/bin/otrs.Daemon.pl Line: 135

ERROR: OTRS-otrs.Console.pl-Maint::Email::MailQueue-67 Perl: 5.26.1 OS: linux Time: Tue Mar 24 06:52:02 2020

 Message: There was an error executing Execute() in Kernel::System::Console::Command::Maint::Email::MailQueue: Error: Message sending already in progress! Skipping...


 Traceback (4541): 
   Module: Kernel::System::Daemon::DaemonModules::BaseTaskWorker::_HandleError Line: 52
   Module: Kernel::System::Daemon::DaemonModules::SchedulerTaskWorker::Cron::Run Line: 177
   Module: Kernel::System::Daemon::DaemonModules::SchedulerTaskWorker::Run Line: 235
   Module: (eval) Line: 314
   Module: main::Start Line: 314
   Module: /opt/otrs/bin/otrs.Daemon.pl Line: 135

ERROR: OTRS-otrs.Console.pl-Maint::Email::MailQueue-67 Perl: 5.26.1 OS: linux Time: Tue Mar 24 06:53:02 2020

 Message: There was an error executing Execute() in Kernel::System::Console::Command::Maint::Email::MailQueue: Error: Message sending already in progress! Skipping...


 Traceback (4562): 
   Module: Kernel::System::Daemon::DaemonModules::BaseTaskWorker::_HandleError Line: 52
   Module: Kernel::System::Daemon::DaemonModules::SchedulerTaskWorker::Cron::Run Line: 177
   Module: Kernel::System::Daemon::DaemonModules::SchedulerTaskWorker::Run Line: 235
   Module: (eval) Line: 314
   Module: main::Start Line: 314
   Module: /opt/otrs/bin/otrs.Daemon.pl Line: 135

ERROR: OTRS-otrs.Console.pl-Maint::Email::MailQueue-67 Perl: 5.26.1 OS: linux Time: Tue Mar 24 06:54:02 2020

 Message: There was an error executing Execute() in Kernel::System::Console::Command::Maint::Email::MailQueue: Error: Message sending already in progress! Skipping...


 Traceback (4574): 
   Module: Kernel::System::Daemon::DaemonModules::BaseTaskWorker::_HandleError Line: 52
   Module: Kernel::System::Daemon::DaemonModules::SchedulerTaskWorker::Cron::Run Line: 177
   Module: Kernel::System::Daemon::DaemonModules::SchedulerTaskWorker::Run Line: 235
   Module: (eval) Line: 314
   Module: main::Start Line: 314
   Module: /opt/otrs/bin/otrs.Daemon.pl Line: 135

ERROR: OTRS-otrs.Console.pl-Maint::Email::MailQueue-67 Perl: 5.26.1 OS: linux Time: Tue Mar 24 06:55:03 2020

 Message: There was an error executing Execute() in Kernel::System::Console::Command::Maint::Email::MailQueue: Error: Message sending already in progress! Skipping...


 Traceback (4598): 
   Module: Kernel::System::Daemon::DaemonModules::BaseTaskWorker::_HandleError Line: 52
   Module: Kernel::System::Daemon::DaemonModules::SchedulerTaskWorker::Cron::Run Line: 177
   Module: Kernel::System::Daemon::DaemonModules::SchedulerTaskWorker::Run Line: 235
   Module: (eval) Line: 314
   Module: main::Start Line: 314
   Module: /opt/otrs/bin/otrs.Daemon.pl Line: 135

ERROR: OTRS-otrs.Console.pl-Maint::Email::MailQueue-67 Perl: 5.26.1 OS: linux Time: Tue Mar 24 06:56:03 2020

 Message: There was an error executing Execute() in Kernel::System::Console::Command::Maint::Email::MailQueue: Error: Message sending already in progress! Skipping...


 Traceback (4616): 
   Module: Kernel::System::Daemon::DaemonModules::BaseTaskWorker::_HandleError Line: 52
   Module: Kernel::System::Daemon::DaemonModules::SchedulerTaskWorker::Cron::Run Line: 177
   Module: Kernel::System::Daemon::DaemonModules::SchedulerTaskWorker::Run Line: 235
   Module: (eval) Line: 314
   Module: main::Start Line: 314
   Module: /opt/otrs/bin/otrs.Daemon.pl Line: 135

ERROR: OTRS-otrs.Console.pl-Maint::Email::MailQueue-67 Perl: 5.26.1 OS: linux Time: Tue Mar 24 06:57:04 2020

 Message: There was an error executing Execute() in Kernel::System::Console::Command::Maint::Email::MailQueue: Error: Message sending already in progress! Skipping...


 Traceback (4636): 
   Module: Kernel::System::Daemon::DaemonModules::BaseTaskWorker::_HandleError Line: 52
   Module: Kernel::System::Daemon::DaemonModules::SchedulerTaskWorker::Cron::Run Line: 177
   Module: Kernel::System::Daemon::DaemonModules::SchedulerTaskWorker::Run Line: 235
   Module: (eval) Line: 314
   Module: main::Start Line: 314
   Module: /opt/otrs/bin/otrs.Daemon.pl Line: 135

ERROR: OTRS-otrs.Console.pl-Maint::Email::MailQueue-67 Perl: 5.26.1 OS: linux Time: Tue Mar 24 06:58:04 2020

 Message: There was an error executing Execute() in Kernel::System::Console::Command::Maint::Email::MailQueue: Error: Message sending already in progress! Skipping...


 Traceback (4646): 
   Module: Kernel::System::Daemon::DaemonModules::BaseTaskWorker::_HandleError Line: 52
   Module: Kernel::System::Daemon::DaemonModules::SchedulerTaskWorker::Cron::Run Line: 177
   Module: Kernel::System::Daemon::DaemonModules::SchedulerTaskWorker::Run Line: 235
   Module: (eval) Line: 314
   Module: main::Start Line: 314
   Module: /opt/otrs/bin/otrs.Daemon.pl Line: 135

ERROR: OTRS-otrs.Console.pl-Maint::Email::MailQueue-67 Perl: 5.26.1 OS: linux Time: Tue Mar 24 06:59:04 2020

 Message: There was an error executing Execute() in Kernel::System::Console::Command::Maint::Email::MailQueue: Error: Message sending already in progress! Skipping...


 Traceback (4660): 
   Module: Kernel::System::Daemon::DaemonModules::BaseTaskWorker::_HandleError Line: 52
   Module: Kernel::System::Daemon::DaemonModules::SchedulerTaskWorker::Cron::Run Line: 177
   Module: Kernel::System::Daemon::DaemonModules::SchedulerTaskWorker::Run Line: 235
   Module: (eval) Line: 314
   Module: main::Start Line: 314
   Module: /opt/otrs/bin/otrs.Daemon.pl Line: 135

ERROR: OTRS-otrs.Console.pl-Maint::Email::MailQueue-67 Perl: 5.26.1 OS: linux Time: Tue Mar 24 07:00:04 2020

 Message: There was an error executing Execute() in Kernel::System::Console::Command::Maint::Email::MailQueue: Error: Message sending already in progress! Skipping...


 Traceback (4685): 
   Module: Kernel::System::Daemon::DaemonModules::BaseTaskWorker::_HandleError Line: 52
   Module: Kernel::System::Daemon::DaemonModules::SchedulerTaskWorker::Cron::Run Line: 177
   Module: Kernel::System::Daemon::DaemonModules::SchedulerTaskWorker::Run Line: 235
   Module: (eval) Line: 314
   Module: main::Start Line: 314
   Module: /opt/otrs/bin/otrs.Daemon.pl Line: 135

ERROR: OTRS-otrs.Console.pl-Maint::Email::MailQueue-67 Perl: 5.26.1 OS: linux Time: Tue Mar 24 07:01:05 2020

 Message: There was an error executing Execute() in Kernel::System::Console::Command::Maint::Email::MailQueue: Error: Message sending already in progress! Skipping...


 Traceback (4714): 
   Module: Kernel::System::Daemon::DaemonModules::BaseTaskWorker::_HandleError Line: 52
   Module: Kernel::System::Daemon::DaemonModules::SchedulerTaskWorker::Cron::Run Line: 177
   Module: Kernel::System::Daemon::DaemonModules::SchedulerTaskWorker::Run Line: 235
   Module: (eval) Line: 314
   Module: main::Start Line: 314
   Module: /opt/otrs/bin/otrs.Daemon.pl Line: 135

ERROR: OTRS-otrs.Console.pl-Maint::Email::MailQueue-67 Perl: 5.26.1 OS: linux Time: Tue Mar 24 07:02:05 2020

 Message: There was an error executing Execute() in Kernel::System::Console::Command::Maint::Email::MailQueue: Error: Message sending already in progress! Skipping...


 Traceback (4725): 
   Module: Kernel::System::Daemon::DaemonModules::BaseTaskWorker::_HandleError Line: 52
   Module: Kernel::System::Daemon::DaemonModules::SchedulerTaskWorker::Cron::Run Line: 177
   Module: Kernel::System::Daemon::DaemonModules::SchedulerTaskWorker::Run Line: 235
   Module: (eval) Line: 314
   Module: main::Start Line: 314
   Module: /opt/otrs/bin/otrs.Daemon.pl Line: 135

ERROR: OTRS-otrs.Console.pl-Maint::Email::MailQueue-67 Perl: 5.26.1 OS: linux Time: Tue Mar 24 07:03:05 2020

 Message: There was an error executing Execute() in Kernel::System::Console::Command::Maint::Email::MailQueue: Error: Message sending already in progress! Skipping...


 Traceback (4736): 
   Module: Kernel::System::Daemon::DaemonModules::BaseTaskWorker::_HandleError Line: 52
   Module: Kernel::System::Daemon::DaemonModules::SchedulerTaskWorker::Cron::Run Line: 177
   Module: Kernel::System::Daemon::DaemonModules::SchedulerTaskWorker::Run Line: 235
   Module: (eval) Line: 314
   Module: main::Start Line: 314
   Module: /opt/otrs/bin/otrs.Daemon.pl Line: 135

ERROR: OTRS-otrs.Console.pl-Maint::Email::MailQueue-67 Perl: 5.26.1 OS: linux Time: Tue Mar 24 07:04:05 2020

 Message: There was an error executing Execute() in Kernel::System::Console::Command::Maint::Email::MailQueue: Error: Message sending already in progress! Skipping...


 Traceback (4748): 
   Module: Kernel::System::Daemon::DaemonModules::BaseTaskWorker::_HandleError Line: 52
   Module: Kernel::System::Daemon::DaemonModules::SchedulerTaskWorker::Cron::Run Line: 177
   Module: Kernel::System::Daemon::DaemonModules::SchedulerTaskWorker::Run Line: 235
   Module: (eval) Line: 314
   Module: main::Start Line: 314
   Module: /opt/otrs/bin/otrs.Daemon.pl Line: 135

ERROR: OTRS-otrs.Console.pl-Maint::Email::MailQueue-67 Perl: 5.26.1 OS: linux Time: Tue Mar 24 07:05:06 2020

 Message: There was an error executing Execute() in Kernel::System::Console::Command::Maint::Email::MailQueue: Error: Message sending already in progress! Skipping...


 Traceback (4781): 
   Module: Kernel::System::Daemon::DaemonModules::BaseTaskWorker::_HandleError Line: 52
   Module: Kernel::System::Daemon::DaemonModules::SchedulerTaskWorker::Cron::Run Line: 177
   Module: Kernel::System::Daemon::DaemonModules::SchedulerTaskWorker::Run Line: 235
   Module: (eval) Line: 314
   Module: main::Start Line: 314
   Module: /opt/otrs/bin/otrs.Daemon.pl Line: 135

ERROR: OTRS-otrs.Console.pl-Maint::Email::MailQueue-67 Perl: 5.26.1 OS: linux Time: Tue Mar 24 07:06:06 2020

 Message: There was an error executing Execute() in Kernel::System::Console::Command::Maint::Email::MailQueue: Error: Message sending already in progress! Skipping...


 Traceback (4798): 
   Module: Kernel::System::Daemon::DaemonModules::BaseTaskWorker::_HandleError Line: 52
   Module: Kernel::System::Daemon::DaemonModules::SchedulerTaskWorker::Cron::Run Line: 177
   Module: Kernel::System::Daemon::DaemonModules::SchedulerTaskWorker::Run Line: 235
   Module: (eval) Line: 314
   Module: main::Start Line: 314
   Module: /opt/otrs/bin/otrs.Daemon.pl Line: 135

ERROR: OTRS-otrs.Console.pl-Maint::Email::MailQueue-67 Perl: 5.26.1 OS: linux Time: Tue Mar 24 07:07:06 2020

 Message: There was an error executing Execute() in Kernel::System::Console::Command::Maint::Email::MailQueue: Error: Message sending already in progress! Skipping...


 Traceback (4807): 
   Module: Kernel::System::Daemon::DaemonModules::BaseTaskWorker::_HandleError Line: 52
   Module: Kernel::System::Daemon::DaemonModules::SchedulerTaskWorker::Cron::Run Line: 177
   Module: Kernel::System::Daemon::DaemonModules::SchedulerTaskWorker::Run Line: 235
   Module: (eval) Line: 314
   Module: main::Start Line: 314
   Module: /opt/otrs/bin/otrs.Daemon.pl Line: 135

ERROR: OTRS-otrs.Console.pl-Maint::Email::MailQueue-67 Perl: 5.26.1 OS: linux Time: Tue Mar 24 07:08:06 2020

 Message: There was an error executing Execute() in Kernel::System::Console::Command::Maint::Email::MailQueue: Error: Message sending already in progress! Skipping...


 Traceback (4821): 
   Module: Kernel::System::Daemon::DaemonModules::BaseTaskWorker::_HandleError Line: 52
   Module: Kernel::System::Daemon::DaemonModules::SchedulerTaskWorker::Cron::Run Line: 177
   Module: Kernel::System::Daemon::DaemonModules::SchedulerTaskWorker::Run Line: 235
   Module: (eval) Line: 314
   Module: main::Start Line: 314
   Module: /opt/otrs/bin/otrs.Daemon.pl Line: 135

ERROR: OTRS-otrs.Console.pl-Maint::Email::MailQueue-67 Perl: 5.26.1 OS: linux Time: Tue Mar 24 07:09:07 2020

 Message: There was an error executing Execute() in Kernel::System::Console::Command::Maint::Email::MailQueue: Error: Message sending already in progress! Skipping...


 Traceback (4848): 
   Module: Kernel::System::Daemon::DaemonModules::BaseTaskWorker::_HandleError Line: 52
   Module: Kernel::System::Daemon::DaemonModules::SchedulerTaskWorker::Cron::Run Line: 177
   Module: Kernel::System::Daemon::DaemonModules::SchedulerTaskWorker::Run Line: 235
   Module: (eval) Line: 314
   Module: main::Start Line: 314
   Module: /opt/otrs/bin/otrs.Daemon.pl Line: 135

ERROR: OTRS-otrs.Console.pl-Maint::Email::MailQueue-67 Perl: 5.26.1 OS: linux Time: Tue Mar 24 07:10:07 2020

 Message: There was an error executing Execute() in Kernel::System::Console::Command::Maint::Email::MailQueue: Error: Message sending already in progress! Skipping...


 Traceback (4941): 
   Module: Kernel::System::Daemon::DaemonModules::BaseTaskWorker::_HandleError Line: 52
   Module: Kernel::System::Daemon::DaemonModules::SchedulerTaskWorker::Cron::Run Line: 177
   Module: Kernel::System::Daemon::DaemonModules::SchedulerTaskWorker::Run Line: 235
   Module: (eval) Line: 314
   Module: main::Start Line: 314
   Module: /opt/otrs/bin/otrs.Daemon.pl Line: 135

ERROR: OTRS-otrs.Console.pl-Maint::Email::MailQueue-67 Perl: 5.26.1 OS: linux Time: Tue Mar 24 07:11:07 2020

 Message: There was an error executing Execute() in Kernel::System::Console::Command::Maint::Email::MailQueue: Error: Message sending already in progress! Skipping...


 Traceback (4961): 
   Module: Kernel::System::Daemon::DaemonModules::BaseTaskWorker::_HandleError Line: 52
   Module: Kernel::System::Daemon::DaemonModules::SchedulerTaskWorker::Cron::Run Line: 177
   Module: Kernel::System::Daemon::DaemonModules::SchedulerTaskWorker::Run Line: 235
   Module: (eval) Line: 314
   Module: main::Start Line: 314
   Module: /opt/otrs/bin/otrs.Daemon.pl Line: 135

ERROR: OTRS-otrs.Console.pl-Maint::Email::MailQueue-67 Perl: 5.26.1 OS: linux Time: Tue Mar 24 07:12:07 2020

 Message: There was an error executing Execute() in Kernel::System::Console::Command::Maint::Email::MailQueue: Error: Message sending already in progress! Skipping...


 Traceback (4984): 
   Module: Kernel::System::Daemon::DaemonModules::BaseTaskWorker::_HandleError Line: 52
   Module: Kernel::System::Daemon::DaemonModules::SchedulerTaskWorker::Cron::Run Line: 177
   Module: Kernel::System::Daemon::DaemonModules::SchedulerTaskWorker::Run Line: 235
   Module: (eval) Line: 314
   Module: main::Start Line: 314
   Module: /opt/otrs/bin/otrs.Daemon.pl Line: 135

ERROR: OTRS-otrs.Console.pl-Maint::Email::MailQueue-67 Perl: 5.26.1 OS: linux Time: Tue Mar 24 07:13:08 2020

 Message: There was an error executing Execute() in Kernel::System::Console::Command::Maint::Email::MailQueue: Error: Message sending already in progress! Skipping...


 Traceback (4995): 
   Module: Kernel::System::Daemon::DaemonModules::BaseTaskWorker::_HandleError Line: 52
   Module: Kernel::System::Daemon::DaemonModules::SchedulerTaskWorker::Cron::Run Line: 177
   Module: Kernel::System::Daemon::DaemonModules::SchedulerTaskWorker::Run Line: 235
   Module: (eval) Line: 314
   Module: main::Start Line: 314
   Module: /opt/otrs/bin/otrs.Daemon.pl Line: 135

ERROR: OTRS-otrs.Console.pl-Maint::Email::MailQueue-67 Perl: 5.26.1 OS: linux Time: Tue Mar 24 07:14:08 2020

 Message: There was an error executing Execute() in Kernel::System::Console::Command::Maint::Email::MailQueue: Error: Message sending already in progress! Skipping...


 Traceback (5032): 
   Module: Kernel::System::Daemon::DaemonModules::BaseTaskWorker::_HandleError Line: 52
   Module: Kernel::System::Daemon::DaemonModules::SchedulerTaskWorker::Cron::Run Line: 177
   Module: Kernel::System::Daemon::DaemonModules::SchedulerTaskWorker::Run Line: 235
   Module: (eval) Line: 314
   Module: main::Start Line: 314
   Module: /opt/otrs/bin/otrs.Daemon.pl Line: 135

ERROR: OTRS-otrs.Console.pl-Maint::Email::MailQueue-67 Perl: 5.26.1 OS: linux Time: Tue Mar 24 07:15:08 2020

 Message: There was an error executing Execute() in Kernel::System::Console::Command::Maint::Email::MailQueue: Error: Message sending already in progress! Skipping...


 Traceback (5079): 
   Module: Kernel::System::Daemon::DaemonModules::BaseTaskWorker::_HandleError Line: 52
   Module: Kernel::System::Daemon::DaemonModules::SchedulerTaskWorker::Cron::Run Line: 177
   Module: Kernel::System::Daemon::DaemonModules::SchedulerTaskWorker::Run Line: 235
   Module: (eval) Line: 314
   Module: main::Start Line: 314
   Module: /opt/otrs/bin/otrs.Daemon.pl Line: 135

ERROR: OTRS-otrs.Console.pl-Maint::Email::MailQueue-67 Perl: 5.26.1 OS: linux Time: Tue Mar 24 07:16:08 2020

 Message: There was an error executing Execute() in Kernel::System::Console::Command::Maint::Email::MailQueue: Error: Message sending already in progress! Skipping...


 Traceback (5095): 
   Module: Kernel::System::Daemon::DaemonModules::BaseTaskWorker::_HandleError Line: 52
   Module: Kernel::System::Daemon::DaemonModules::SchedulerTaskWorker::Cron::Run Line: 177
   Module: Kernel::System::Daemon::DaemonModules::SchedulerTaskWorker::Run Line: 235
   Module: (eval) Line: 314
   Module: main::Start Line: 314
   Module: /opt/otrs/bin/otrs.Daemon.pl Line: 135

ERROR: OTRS-otrs.Console.pl-Maint::Email::MailQueue-67 Perl: 5.26.1 OS: linux Time: Tue Mar 24 07:17:09 2020

 Message: There was an error executing Execute() in Kernel::System::Console::Command::Maint::Email::MailQueue: Error: Message sending already in progress! Skipping...


 Traceback (5140): 
   Module: Kernel::System::Daemon::DaemonModules::BaseTaskWorker::_HandleError Line: 52
   Module: Kernel::System::Daemon::DaemonModules::SchedulerTaskWorker::Cron::Run Line: 177
   Module: Kernel::System::Daemon::DaemonModules::SchedulerTaskWorker::Run Line: 235
   Module: (eval) Line: 314
   Module: main::Start Line: 314
   Module: /opt/otrs/bin/otrs.Daemon.pl Line: 135

ERROR: OTRS-otrs.Console.pl-Maint::Email::MailQueue-67 Perl: 5.26.1 OS: linux Time: Tue Mar 24 07:18:09 2020

 Message: There was an error executing Execute() in Kernel::System::Console::Command::Maint::Email::MailQueue: Error: Message sending already in progress! Skipping...


 Traceback (5151): 
   Module: Kernel::System::Daemon::DaemonModules::BaseTaskWorker::_HandleError Line: 52
   Module: Kernel::System::Daemon::DaemonModules::SchedulerTaskWorker::Cron::Run Line: 177
   Module: Kernel::System::Daemon::DaemonModules::SchedulerTaskWorker::Run Line: 235
   Module: (eval) Line: 314
   Module: main::Start Line: 314
   Module: /opt/otrs/bin/otrs.Daemon.pl Line: 135

ERROR: OTRS-otrs.Console.pl-Maint::Email::MailQueue-67 Perl: 5.26.1 OS: linux Time: Tue Mar 24 07:19:09 2020

 Message: There was an error executing Execute() in Kernel::System::Console::Command::Maint::Email::MailQueue: Error: Message sending already in progress! Skipping...


 Traceback (5175): 
   Module: Kernel::System::Daemon::DaemonModules::BaseTaskWorker::_HandleError Line: 52
   Module: Kernel::System::Daemon::DaemonModules::SchedulerTaskWorker::Cron::Run Line: 177
   Module: Kernel::System::Daemon::DaemonModules::SchedulerTaskWorker::Run Line: 235
   Module: (eval) Line: 314
   Module: main::Start Line: 314
   Module: /opt/otrs/bin/otrs.Daemon.pl Line: 135

ERROR: OTRS-otrs.Console.pl-Maint::Email::MailQueue-67 Perl: 5.26.1 OS: linux Time: Tue Mar 24 07:20:09 2020

 Message: There was an error executing Execute() in Kernel::System::Console::Command::Maint::Email::MailQueue: Error: Message sending already in progress! Skipping...


 Traceback (5211): 
   Module: Kernel::System::Daemon::DaemonModules::BaseTaskWorker::_HandleError Line: 52
   Module: Kernel::System::Daemon::DaemonModules::SchedulerTaskWorker::Cron::Run Line: 177
   Module: Kernel::System::Daemon::DaemonModules::SchedulerTaskWorker::Run Line: 235
   Module: (eval) Line: 314
   Module: main::Start Line: 314
   Module: /opt/otrs/bin/otrs.Daemon.pl Line: 135

