[Tue Mar 24 14:11:13 2020] otrs.Daemon.pl: DBI connect('dbname=otrs;host=127.0.0.1','otrs',...) failed: could not connect to server: Connection refused
[Tue Mar 24 14:11:13 2020] otrs.Daemon.pl: 	Is the server running on host "127.0.0.1" and accepting
[Tue Mar 24 14:11:13 2020] otrs.Daemon.pl: 	TCP/IP connections on port 5432? at /opt/otrs/Kernel/System/DB.pm line 208.
ERROR: OTRS-otrs.Daemon.pl - Daemon Kernel::System::Daemon::DaemonModules::SchedulerCronTaskManager-67 Perl: 5.26.1 OS: linux Time: Tue Mar 24 08:41:13 2020

 Message: could not connect to server: Connection refused
	Is the server running on host "127.0.0.1" and accepting
	TCP/IP connections on port 5432?

 Traceback (7779): 
   Module: Kernel::System::DB::Prepare Line: 681
   Module: Kernel::System::Daemon::SchedulerDB::RecurrentTaskUnlockExpired Line: 2395
   Module: Kernel::System::Daemon::DaemonModules::SchedulerCronTaskManager::PostRun Line: 117
   Module: (eval) Line: 314
   Module: main::Start Line: 314
   Module: /opt/otrs/bin/otrs.Daemon.pl Line: 135

[Tue Mar 24 14:11:13 2020] otrs.Daemon.pl: DBI connect('dbname=otrs;host=127.0.0.1','otrs',...) failed: could not connect to server: Connection refused
[Tue Mar 24 14:11:13 2020] otrs.Daemon.pl: 	Is the server running on host "127.0.0.1" and accepting
[Tue Mar 24 14:11:13 2020] otrs.Daemon.pl: 	TCP/IP connections on port 5432? at /opt/otrs/Kernel/System/DB.pm line 208.
ERROR: OTRS-otrs.Daemon.pl - Daemon Kernel::System::Daemon::DaemonModules::SchedulerCronTaskManager-67 Perl: 5.26.1 OS: linux Time: Tue Mar 24 08:41:13 2020

 Message: could not connect to server: Connection refused
	Is the server running on host "127.0.0.1" and accepting
	TCP/IP connections on port 5432?

 Traceback (7779): 
   Module: Kernel::System::DB::Ping Line: 1781
   Module: Kernel::System::Daemon::DaemonModules::SchedulerCronTaskManager::PreRun Line: 90
   Module: (eval) Line: 314
   Module: main::Start Line: 314
   Module: /opt/otrs/bin/otrs.Daemon.pl Line: 135

