ERROR: OTRS-otrs.Console.pl-Maint::Email::MailQueue-67 Perl: 5.26.1 OS: linux Time: Mon Mar 23 13:12:10 2020

 Message: There was an error executing Execute() in Kernel::System::Console::Command::Maint::Email::MailQueue: Error: Message sending already in progress! Skipping...


 Traceback (4445): 
   Module: Kernel::System::Daemon::DaemonModules::BaseTaskWorker::_HandleError Line: 52
   Module: Kernel::System::Daemon::DaemonModules::SchedulerTaskWorker::Cron::Run Line: 177
   Module: Kernel::System::Daemon::DaemonModules::SchedulerTaskWorker::Run Line: 235
   Module: (eval) Line: 314
   Module: main::Start Line: 314
   Module: /opt/otrs/bin/otrs.Daemon.pl Line: 135

ERROR: OTRS-otrs.Console.pl-Maint::Email::MailQueue-67 Perl: 5.26.1 OS: linux Time: Mon Mar 23 13:13:10 2020

 Message: There was an error executing Execute() in Kernel::System::Console::Command::Maint::Email::MailQueue: Error: Message sending already in progress! Skipping...


 Traceback (4458): 
   Module: Kernel::System::Daemon::DaemonModules::BaseTaskWorker::_HandleError Line: 52
   Module: Kernel::System::Daemon::DaemonModules::SchedulerTaskWorker::Cron::Run Line: 177
   Module: Kernel::System::Daemon::DaemonModules::SchedulerTaskWorker::Run Line: 235
   Module: (eval) Line: 314
   Module: main::Start Line: 314
   Module: /opt/otrs/bin/otrs.Daemon.pl Line: 135

ERROR: OTRS-otrs.Console.pl-Maint::Email::MailQueue-67 Perl: 5.26.1 OS: linux Time: Mon Mar 23 13:14:11 2020

 Message: There was an error executing Execute() in Kernel::System::Console::Command::Maint::Email::MailQueue: Error: Message sending already in progress! Skipping...


 Traceback (4473): 
   Module: Kernel::System::Daemon::DaemonModules::BaseTaskWorker::_HandleError Line: 52
   Module: Kernel::System::Daemon::DaemonModules::SchedulerTaskWorker::Cron::Run Line: 177
   Module: Kernel::System::Daemon::DaemonModules::SchedulerTaskWorker::Run Line: 235
   Module: (eval) Line: 314
   Module: main::Start Line: 314
   Module: /opt/otrs/bin/otrs.Daemon.pl Line: 135

ERROR: OTRS-otrs.Console.pl-Maint::Email::MailQueue-67 Perl: 5.26.1 OS: linux Time: Mon Mar 23 13:15:11 2020

 Message: There was an error executing Execute() in Kernel::System::Console::Command::Maint::Email::MailQueue: Error: Message sending already in progress! Skipping...


 Traceback (4499): 
   Module: Kernel::System::Daemon::DaemonModules::BaseTaskWorker::_HandleError Line: 52
   Module: Kernel::System::Daemon::DaemonModules::SchedulerTaskWorker::Cron::Run Line: 177
   Module: Kernel::System::Daemon::DaemonModules::SchedulerTaskWorker::Run Line: 235
   Module: (eval) Line: 314
   Module: main::Start Line: 314
   Module: /opt/otrs/bin/otrs.Daemon.pl Line: 135

ERROR: OTRS-otrs.Console.pl-Maint::Email::MailQueue-67 Perl: 5.26.1 OS: linux Time: Mon Mar 23 13:16:11 2020

 Message: There was an error executing Execute() in Kernel::System::Console::Command::Maint::Email::MailQueue: Error: Message sending already in progress! Skipping...


 Traceback (4538): 
   Module: Kernel::System::Daemon::DaemonModules::BaseTaskWorker::_HandleError Line: 52
   Module: Kernel::System::Daemon::DaemonModules::SchedulerTaskWorker::Cron::Run Line: 177
   Module: Kernel::System::Daemon::DaemonModules::SchedulerTaskWorker::Run Line: 235
   Module: (eval) Line: 314
   Module: main::Start Line: 314
   Module: /opt/otrs/bin/otrs.Daemon.pl Line: 135

ERROR: OTRS-otrs.Console.pl-Maint::Email::MailQueue-67 Perl: 5.26.1 OS: linux Time: Mon Mar 23 13:17:12 2020

 Message: There was an error executing Execute() in Kernel::System::Console::Command::Maint::Email::MailQueue: Error: Message sending already in progress! Skipping...


 Traceback (4578): 
   Module: Kernel::System::Daemon::DaemonModules::BaseTaskWorker::_HandleError Line: 52
   Module: Kernel::System::Daemon::DaemonModules::SchedulerTaskWorker::Cron::Run Line: 177
   Module: Kernel::System::Daemon::DaemonModules::SchedulerTaskWorker::Run Line: 235
   Module: (eval) Line: 314
   Module: main::Start Line: 314
   Module: /opt/otrs/bin/otrs.Daemon.pl Line: 135

ERROR: OTRS-otrs.Console.pl-Maint::Email::MailQueue-67 Perl: 5.26.1 OS: linux Time: Mon Mar 23 13:18:12 2020

 Message: There was an error executing Execute() in Kernel::System::Console::Command::Maint::Email::MailQueue: Error: Message sending already in progress! Skipping...


 Traceback (4598): 
   Module: Kernel::System::Daemon::DaemonModules::BaseTaskWorker::_HandleError Line: 52
   Module: Kernel::System::Daemon::DaemonModules::SchedulerTaskWorker::Cron::Run Line: 177
   Module: Kernel::System::Daemon::DaemonModules::SchedulerTaskWorker::Run Line: 235
   Module: (eval) Line: 314
   Module: main::Start Line: 314
   Module: /opt/otrs/bin/otrs.Daemon.pl Line: 135

ERROR: OTRS-otrs.Console.pl-Maint::Email::MailQueue-67 Perl: 5.26.1 OS: linux Time: Mon Mar 23 13:19:12 2020

 Message: There was an error executing Execute() in Kernel::System::Console::Command::Maint::Email::MailQueue: Error: Message sending already in progress! Skipping...


 Traceback (4608): 
   Module: Kernel::System::Daemon::DaemonModules::BaseTaskWorker::_HandleError Line: 52
   Module: Kernel::System::Daemon::DaemonModules::SchedulerTaskWorker::Cron::Run Line: 177
   Module: Kernel::System::Daemon::DaemonModules::SchedulerTaskWorker::Run Line: 235
   Module: (eval) Line: 314
   Module: main::Start Line: 314
   Module: /opt/otrs/bin/otrs.Daemon.pl Line: 135

ERROR: OTRS-otrs.Console.pl-Maint::Email::MailQueue-67 Perl: 5.26.1 OS: linux Time: Mon Mar 23 13:20:12 2020

 Message: There was an error executing Execute() in Kernel::System::Console::Command::Maint::Email::MailQueue: Error: Message sending already in progress! Skipping...


 Traceback (4635): 
   Module: Kernel::System::Daemon::DaemonModules::BaseTaskWorker::_HandleError Line: 52
   Module: Kernel::System::Daemon::DaemonModules::SchedulerTaskWorker::Cron::Run Line: 177
   Module: Kernel::System::Daemon::DaemonModules::SchedulerTaskWorker::Run Line: 235
   Module: (eval) Line: 314
   Module: main::Start Line: 314
   Module: /opt/otrs/bin/otrs.Daemon.pl Line: 135

ERROR: OTRS-otrs.Console.pl-Maint::Email::MailQueue-67 Perl: 5.26.1 OS: linux Time: Mon Mar 23 13:21:13 2020

 Message: There was an error executing Execute() in Kernel::System::Console::Command::Maint::Email::MailQueue: Error: Message sending already in progress! Skipping...


 Traceback (4652): 
   Module: Kernel::System::Daemon::DaemonModules::BaseTaskWorker::_HandleError Line: 52
   Module: Kernel::System::Daemon::DaemonModules::SchedulerTaskWorker::Cron::Run Line: 177
   Module: Kernel::System::Daemon::DaemonModules::SchedulerTaskWorker::Run Line: 235
   Module: (eval) Line: 314
   Module: main::Start Line: 314
   Module: /opt/otrs/bin/otrs.Daemon.pl Line: 135

ERROR: OTRS-otrs.Console.pl-Maint::Email::MailQueue-67 Perl: 5.26.1 OS: linux Time: Mon Mar 23 13:22:13 2020

 Message: There was an error executing Execute() in Kernel::System::Console::Command::Maint::Email::MailQueue: Error: Message sending already in progress! Skipping...


 Traceback (4668): 
   Module: Kernel::System::Daemon::DaemonModules::BaseTaskWorker::_HandleError Line: 52
   Module: Kernel::System::Daemon::DaemonModules::SchedulerTaskWorker::Cron::Run Line: 177
   Module: Kernel::System::Daemon::DaemonModules::SchedulerTaskWorker::Run Line: 235
   Module: (eval) Line: 314
   Module: main::Start Line: 314
   Module: /opt/otrs/bin/otrs.Daemon.pl Line: 135

ERROR: OTRS-otrs.Console.pl-Maint::Email::MailQueue-67 Perl: 5.26.1 OS: linux Time: Mon Mar 23 13:23:13 2020

 Message: There was an error executing Execute() in Kernel::System::Console::Command::Maint::Email::MailQueue: Error: Message sending already in progress! Skipping...


 Traceback (4686): 
   Module: Kernel::System::Daemon::DaemonModules::BaseTaskWorker::_HandleError Line: 52
   Module: Kernel::System::Daemon::DaemonModules::SchedulerTaskWorker::Cron::Run Line: 177
   Module: Kernel::System::Daemon::DaemonModules::SchedulerTaskWorker::Run Line: 235
   Module: (eval) Line: 314
   Module: main::Start Line: 314
   Module: /opt/otrs/bin/otrs.Daemon.pl Line: 135

ERROR: OTRS-otrs.Console.pl-Maint::Email::MailQueue-67 Perl: 5.26.1 OS: linux Time: Mon Mar 23 13:24:13 2020

 Message: There was an error executing Execute() in Kernel::System::Console::Command::Maint::Email::MailQueue: Error: Message sending already in progress! Skipping...


 Traceback (4704): 
   Module: Kernel::System::Daemon::DaemonModules::BaseTaskWorker::_HandleError Line: 52
   Module: Kernel::System::Daemon::DaemonModules::SchedulerTaskWorker::Cron::Run Line: 177
   Module: Kernel::System::Daemon::DaemonModules::SchedulerTaskWorker::Run Line: 235
   Module: (eval) Line: 314
   Module: main::Start Line: 314
   Module: /opt/otrs/bin/otrs.Daemon.pl Line: 135

ERROR: OTRS-otrs.Console.pl-Maint::Email::MailQueue-67 Perl: 5.26.1 OS: linux Time: Mon Mar 23 13:25:14 2020

 Message: There was an error executing Execute() in Kernel::System::Console::Command::Maint::Email::MailQueue: Error: Message sending already in progress! Skipping...


 Traceback (4728): 
   Module: Kernel::System::Daemon::DaemonModules::BaseTaskWorker::_HandleError Line: 52
   Module: Kernel::System::Daemon::DaemonModules::SchedulerTaskWorker::Cron::Run Line: 177
   Module: Kernel::System::Daemon::DaemonModules::SchedulerTaskWorker::Run Line: 235
   Module: (eval) Line: 314
   Module: main::Start Line: 314
   Module: /opt/otrs/bin/otrs.Daemon.pl Line: 135

ERROR: OTRS-otrs.Console.pl-Maint::Email::MailQueue-67 Perl: 5.26.1 OS: linux Time: Mon Mar 23 13:26:14 2020

 Message: There was an error executing Execute() in Kernel::System::Console::Command::Maint::Email::MailQueue: Error: Message sending already in progress! Skipping...


 Traceback (4740): 
   Module: Kernel::System::Daemon::DaemonModules::BaseTaskWorker::_HandleError Line: 52
   Module: Kernel::System::Daemon::DaemonModules::SchedulerTaskWorker::Cron::Run Line: 177
   Module: Kernel::System::Daemon::DaemonModules::SchedulerTaskWorker::Run Line: 235
   Module: (eval) Line: 314
   Module: main::Start Line: 314
   Module: /opt/otrs/bin/otrs.Daemon.pl Line: 135

ERROR: OTRS-otrs.Console.pl-Maint::Email::MailQueue-67 Perl: 5.26.1 OS: linux Time: Mon Mar 23 13:27:14 2020

 Message: There was an error executing Execute() in Kernel::System::Console::Command::Maint::Email::MailQueue: Error: Message sending already in progress! Skipping...


 Traceback (4753): 
   Module: Kernel::System::Daemon::DaemonModules::BaseTaskWorker::_HandleError Line: 52
   Module: Kernel::System::Daemon::DaemonModules::SchedulerTaskWorker::Cron::Run Line: 177
   Module: Kernel::System::Daemon::DaemonModules::SchedulerTaskWorker::Run Line: 235
   Module: (eval) Line: 314
   Module: main::Start Line: 314
   Module: /opt/otrs/bin/otrs.Daemon.pl Line: 135

ERROR: OTRS-otrs.Console.pl-Maint::Email::MailQueue-67 Perl: 5.26.1 OS: linux Time: Mon Mar 23 13:28:14 2020

 Message: There was an error executing Execute() in Kernel::System::Console::Command::Maint::Email::MailQueue: Error: Message sending already in progress! Skipping...


 Traceback (4777): 
   Module: Kernel::System::Daemon::DaemonModules::BaseTaskWorker::_HandleError Line: 52
   Module: Kernel::System::Daemon::DaemonModules::SchedulerTaskWorker::Cron::Run Line: 177
   Module: Kernel::System::Daemon::DaemonModules::SchedulerTaskWorker::Run Line: 235
   Module: (eval) Line: 314
   Module: main::Start Line: 314
   Module: /opt/otrs/bin/otrs.Daemon.pl Line: 135

ERROR: OTRS-otrs.Console.pl-Maint::Email::MailQueue-67 Perl: 5.26.1 OS: linux Time: Mon Mar 23 13:29:15 2020

 Message: There was an error executing Execute() in Kernel::System::Console::Command::Maint::Email::MailQueue: Error: Message sending already in progress! Skipping...


 Traceback (4799): 
   Module: Kernel::System::Daemon::DaemonModules::BaseTaskWorker::_HandleError Line: 52
   Module: Kernel::System::Daemon::DaemonModules::SchedulerTaskWorker::Cron::Run Line: 177
   Module: Kernel::System::Daemon::DaemonModules::SchedulerTaskWorker::Run Line: 235
   Module: (eval) Line: 314
   Module: main::Start Line: 314
   Module: /opt/otrs/bin/otrs.Daemon.pl Line: 135

ERROR: OTRS-otrs.Console.pl-Maint::Email::MailQueue-67 Perl: 5.26.1 OS: linux Time: Mon Mar 23 13:30:15 2020

 Message: There was an error executing Execute() in Kernel::System::Console::Command::Maint::Email::MailQueue: Error: Message sending already in progress! Skipping...


 Traceback (4832): 
   Module: Kernel::System::Daemon::DaemonModules::BaseTaskWorker::_HandleError Line: 52
   Module: Kernel::System::Daemon::DaemonModules::SchedulerTaskWorker::Cron::Run Line: 177
   Module: Kernel::System::Daemon::DaemonModules::SchedulerTaskWorker::Run Line: 235
   Module: (eval) Line: 314
   Module: main::Start Line: 314
   Module: /opt/otrs/bin/otrs.Daemon.pl Line: 135

ERROR: OTRS-otrs.Console.pl-Maint::Email::MailQueue-67 Perl: 5.26.1 OS: linux Time: Mon Mar 23 13:31:15 2020

 Message: There was an error executing Execute() in Kernel::System::Console::Command::Maint::Email::MailQueue: Error: Message sending already in progress! Skipping...


 Traceback (4848): 
   Module: Kernel::System::Daemon::DaemonModules::BaseTaskWorker::_HandleError Line: 52
   Module: Kernel::System::Daemon::DaemonModules::SchedulerTaskWorker::Cron::Run Line: 177
   Module: Kernel::System::Daemon::DaemonModules::SchedulerTaskWorker::Run Line: 235
   Module: (eval) Line: 314
   Module: main::Start Line: 314
   Module: /opt/otrs/bin/otrs.Daemon.pl Line: 135

ERROR: OTRS-otrs.Console.pl-Maint::Email::MailQueue-67 Perl: 5.26.1 OS: linux Time: Mon Mar 23 13:32:16 2020

 Message: There was an error executing Execute() in Kernel::System::Console::Command::Maint::Email::MailQueue: Error: Message sending already in progress! Skipping...


 Traceback (4858): 
   Module: Kernel::System::Daemon::DaemonModules::BaseTaskWorker::_HandleError Line: 52
   Module: Kernel::System::Daemon::DaemonModules::SchedulerTaskWorker::Cron::Run Line: 177
   Module: Kernel::System::Daemon::DaemonModules::SchedulerTaskWorker::Run Line: 235
   Module: (eval) Line: 314
   Module: main::Start Line: 314
   Module: /opt/otrs/bin/otrs.Daemon.pl Line: 135

ERROR: OTRS-otrs.Console.pl-Maint::Email::MailQueue-67 Perl: 5.26.1 OS: linux Time: Mon Mar 23 13:33:16 2020

 Message: There was an error executing Execute() in Kernel::System::Console::Command::Maint::Email::MailQueue: Error: Message sending already in progress! Skipping...


 Traceback (4871): 
   Module: Kernel::System::Daemon::DaemonModules::BaseTaskWorker::_HandleError Line: 52
   Module: Kernel::System::Daemon::DaemonModules::SchedulerTaskWorker::Cron::Run Line: 177
   Module: Kernel::System::Daemon::DaemonModules::SchedulerTaskWorker::Run Line: 235
   Module: (eval) Line: 314
   Module: main::Start Line: 314
   Module: /opt/otrs/bin/otrs.Daemon.pl Line: 135

ERROR: OTRS-otrs.Console.pl-Maint::Email::MailQueue-67 Perl: 5.26.1 OS: linux Time: Mon Mar 23 13:34:16 2020

 Message: There was an error executing Execute() in Kernel::System::Console::Command::Maint::Email::MailQueue: Error: Message sending already in progress! Skipping...


 Traceback (4882): 
   Module: Kernel::System::Daemon::DaemonModules::BaseTaskWorker::_HandleError Line: 52
   Module: Kernel::System::Daemon::DaemonModules::SchedulerTaskWorker::Cron::Run Line: 177
   Module: Kernel::System::Daemon::DaemonModules::SchedulerTaskWorker::Run Line: 235
   Module: (eval) Line: 314
   Module: main::Start Line: 314
   Module: /opt/otrs/bin/otrs.Daemon.pl Line: 135

ERROR: OTRS-otrs.Console.pl-Maint::Email::MailQueue-67 Perl: 5.26.1 OS: linux Time: Mon Mar 23 13:35:16 2020

 Message: There was an error executing Execute() in Kernel::System::Console::Command::Maint::Email::MailQueue: Error: Message sending already in progress! Skipping...


 Traceback (4907): 
   Module: Kernel::System::Daemon::DaemonModules::BaseTaskWorker::_HandleError Line: 52
   Module: Kernel::System::Daemon::DaemonModules::SchedulerTaskWorker::Cron::Run Line: 177
   Module: Kernel::System::Daemon::DaemonModules::SchedulerTaskWorker::Run Line: 235
   Module: (eval) Line: 314
   Module: main::Start Line: 314
   Module: /opt/otrs/bin/otrs.Daemon.pl Line: 135

ERROR: OTRS-otrs.Console.pl-Maint::Email::MailQueue-67 Perl: 5.26.1 OS: linux Time: Mon Mar 23 13:36:17 2020

 Message: There was an error executing Execute() in Kernel::System::Console::Command::Maint::Email::MailQueue: Error: Message sending already in progress! Skipping...


 Traceback (4927): 
   Module: Kernel::System::Daemon::DaemonModules::BaseTaskWorker::_HandleError Line: 52
   Module: Kernel::System::Daemon::DaemonModules::SchedulerTaskWorker::Cron::Run Line: 177
   Module: Kernel::System::Daemon::DaemonModules::SchedulerTaskWorker::Run Line: 235
   Module: (eval) Line: 314
   Module: main::Start Line: 314
   Module: /opt/otrs/bin/otrs.Daemon.pl Line: 135

ERROR: OTRS-otrs.Console.pl-Maint::Email::MailQueue-67 Perl: 5.26.1 OS: linux Time: Mon Mar 23 13:37:17 2020

 Message: There was an error executing Execute() in Kernel::System::Console::Command::Maint::Email::MailQueue: Error: Message sending already in progress! Skipping...


 Traceback (4938): 
   Module: Kernel::System::Daemon::DaemonModules::BaseTaskWorker::_HandleError Line: 52
   Module: Kernel::System::Daemon::DaemonModules::SchedulerTaskWorker::Cron::Run Line: 177
   Module: Kernel::System::Daemon::DaemonModules::SchedulerTaskWorker::Run Line: 235
   Module: (eval) Line: 314
   Module: main::Start Line: 314
   Module: /opt/otrs/bin/otrs.Daemon.pl Line: 135

ERROR: OTRS-otrs.Console.pl-Maint::Email::MailQueue-67 Perl: 5.26.1 OS: linux Time: Mon Mar 23 13:38:17 2020

 Message: There was an error executing Execute() in Kernel::System::Console::Command::Maint::Email::MailQueue: Error: Message sending already in progress! Skipping...


 Traceback (4946): 
   Module: Kernel::System::Daemon::DaemonModules::BaseTaskWorker::_HandleError Line: 52
   Module: Kernel::System::Daemon::DaemonModules::SchedulerTaskWorker::Cron::Run Line: 177
   Module: Kernel::System::Daemon::DaemonModules::SchedulerTaskWorker::Run Line: 235
   Module: (eval) Line: 314
   Module: main::Start Line: 314
   Module: /opt/otrs/bin/otrs.Daemon.pl Line: 135

ERROR: OTRS-otrs.Console.pl-Maint::Email::MailQueue-67 Perl: 5.26.1 OS: linux Time: Mon Mar 23 13:39:17 2020

 Message: There was an error executing Execute() in Kernel::System::Console::Command::Maint::Email::MailQueue: Error: Message sending already in progress! Skipping...


 Traceback (4958): 
   Module: Kernel::System::Daemon::DaemonModules::BaseTaskWorker::_HandleError Line: 52
   Module: Kernel::System::Daemon::DaemonModules::SchedulerTaskWorker::Cron::Run Line: 177
   Module: Kernel::System::Daemon::DaemonModules::SchedulerTaskWorker::Run Line: 235
   Module: (eval) Line: 314
   Module: main::Start Line: 314
   Module: /opt/otrs/bin/otrs.Daemon.pl Line: 135

ERROR: OTRS-otrs.Console.pl-Maint::Email::MailQueue-67 Perl: 5.26.1 OS: linux Time: Mon Mar 23 13:40:18 2020

 Message: There was an error executing Execute() in Kernel::System::Console::Command::Maint::Email::MailQueue: Error: Message sending already in progress! Skipping...


 Traceback (4983): 
   Module: Kernel::System::Daemon::DaemonModules::BaseTaskWorker::_HandleError Line: 52
   Module: Kernel::System::Daemon::DaemonModules::SchedulerTaskWorker::Cron::Run Line: 177
   Module: Kernel::System::Daemon::DaemonModules::SchedulerTaskWorker::Run Line: 235
   Module: (eval) Line: 314
   Module: main::Start Line: 314
   Module: /opt/otrs/bin/otrs.Daemon.pl Line: 135

ERROR: OTRS-otrs.Console.pl-Maint::Email::MailQueue-67 Perl: 5.26.1 OS: linux Time: Mon Mar 23 13:41:18 2020

 Message: There was an error executing Execute() in Kernel::System::Console::Command::Maint::Email::MailQueue: Error: Message sending already in progress! Skipping...


 Traceback (4998): 
   Module: Kernel::System::Daemon::DaemonModules::BaseTaskWorker::_HandleError Line: 52
   Module: Kernel::System::Daemon::DaemonModules::SchedulerTaskWorker::Cron::Run Line: 177
   Module: Kernel::System::Daemon::DaemonModules::SchedulerTaskWorker::Run Line: 235
   Module: (eval) Line: 314
   Module: main::Start Line: 314
   Module: /opt/otrs/bin/otrs.Daemon.pl Line: 135

ERROR: OTRS-otrs.Console.pl-Maint::Email::MailQueue-67 Perl: 5.26.1 OS: linux Time: Mon Mar 23 13:42:18 2020

 Message: There was an error executing Execute() in Kernel::System::Console::Command::Maint::Email::MailQueue: Error: Message sending already in progress! Skipping...


 Traceback (5015): 
   Module: Kernel::System::Daemon::DaemonModules::BaseTaskWorker::_HandleError Line: 52
   Module: Kernel::System::Daemon::DaemonModules::SchedulerTaskWorker::Cron::Run Line: 177
   Module: Kernel::System::Daemon::DaemonModules::SchedulerTaskWorker::Run Line: 235
   Module: (eval) Line: 314
   Module: main::Start Line: 314
   Module: /opt/otrs/bin/otrs.Daemon.pl Line: 135

ERROR: OTRS-otrs.Console.pl-Maint::Email::MailQueue-67 Perl: 5.26.1 OS: linux Time: Mon Mar 23 13:43:19 2020

 Message: There was an error executing Execute() in Kernel::System::Console::Command::Maint::Email::MailQueue: Error: Message sending already in progress! Skipping...


 Traceback (5032): 
   Module: Kernel::System::Daemon::DaemonModules::BaseTaskWorker::_HandleError Line: 52
   Module: Kernel::System::Daemon::DaemonModules::SchedulerTaskWorker::Cron::Run Line: 177
   Module: Kernel::System::Daemon::DaemonModules::SchedulerTaskWorker::Run Line: 235
   Module: (eval) Line: 314
   Module: main::Start Line: 314
   Module: /opt/otrs/bin/otrs.Daemon.pl Line: 135

ERROR: OTRS-otrs.Console.pl-Maint::Email::MailQueue-67 Perl: 5.26.1 OS: linux Time: Mon Mar 23 13:44:19 2020

 Message: There was an error executing Execute() in Kernel::System::Console::Command::Maint::Email::MailQueue: Error: Message sending already in progress! Skipping...


 Traceback (5049): 
   Module: Kernel::System::Daemon::DaemonModules::BaseTaskWorker::_HandleError Line: 52
   Module: Kernel::System::Daemon::DaemonModules::SchedulerTaskWorker::Cron::Run Line: 177
   Module: Kernel::System::Daemon::DaemonModules::SchedulerTaskWorker::Run Line: 235
   Module: (eval) Line: 314
   Module: main::Start Line: 314
   Module: /opt/otrs/bin/otrs.Daemon.pl Line: 135

ERROR: OTRS-otrs.Console.pl-Maint::Email::MailQueue-67 Perl: 5.26.1 OS: linux Time: Mon Mar 23 13:45:19 2020

 Message: There was an error executing Execute() in Kernel::System::Console::Command::Maint::Email::MailQueue: Error: Message sending already in progress! Skipping...


 Traceback (5070): 
   Module: Kernel::System::Daemon::DaemonModules::BaseTaskWorker::_HandleError Line: 52
   Module: Kernel::System::Daemon::DaemonModules::SchedulerTaskWorker::Cron::Run Line: 177
   Module: Kernel::System::Daemon::DaemonModules::SchedulerTaskWorker::Run Line: 235
   Module: (eval) Line: 314
   Module: main::Start Line: 314
   Module: /opt/otrs/bin/otrs.Daemon.pl Line: 135

ERROR: OTRS-otrs.Console.pl-Maint::Email::MailQueue-67 Perl: 5.26.1 OS: linux Time: Mon Mar 23 13:46:20 2020

 Message: There was an error executing Execute() in Kernel::System::Console::Command::Maint::Email::MailQueue: Error: Message sending already in progress! Skipping...


 Traceback (5087): 
   Module: Kernel::System::Daemon::DaemonModules::BaseTaskWorker::_HandleError Line: 52
   Module: Kernel::System::Daemon::DaemonModules::SchedulerTaskWorker::Cron::Run Line: 177
   Module: Kernel::System::Daemon::DaemonModules::SchedulerTaskWorker::Run Line: 235
   Module: (eval) Line: 314
   Module: main::Start Line: 314
   Module: /opt/otrs/bin/otrs.Daemon.pl Line: 135

ERROR: OTRS-otrs.Console.pl-Maint::Email::MailQueue-67 Perl: 5.26.1 OS: linux Time: Mon Mar 23 13:47:20 2020

 Message: There was an error executing Execute() in Kernel::System::Console::Command::Maint::Email::MailQueue: Error: Message sending already in progress! Skipping...


 Traceback (5100): 
   Module: Kernel::System::Daemon::DaemonModules::BaseTaskWorker::_HandleError Line: 52
   Module: Kernel::System::Daemon::DaemonModules::SchedulerTaskWorker::Cron::Run Line: 177
   Module: Kernel::System::Daemon::DaemonModules::SchedulerTaskWorker::Run Line: 235
   Module: (eval) Line: 314
   Module: main::Start Line: 314
   Module: /opt/otrs/bin/otrs.Daemon.pl Line: 135

ERROR: OTRS-otrs.Console.pl-Maint::Email::MailQueue-67 Perl: 5.26.1 OS: linux Time: Mon Mar 23 13:48:20 2020

 Message: There was an error executing Execute() in Kernel::System::Console::Command::Maint::Email::MailQueue: Error: Message sending already in progress! Skipping...


 Traceback (5119): 
   Module: Kernel::System::Daemon::DaemonModules::BaseTaskWorker::_HandleError Line: 52
   Module: Kernel::System::Daemon::DaemonModules::SchedulerTaskWorker::Cron::Run Line: 177
   Module: Kernel::System::Daemon::DaemonModules::SchedulerTaskWorker::Run Line: 235
   Module: (eval) Line: 314
   Module: main::Start Line: 314
   Module: /opt/otrs/bin/otrs.Daemon.pl Line: 135

ERROR: OTRS-otrs.Console.pl-Maint::Email::MailQueue-67 Perl: 5.26.1 OS: linux Time: Mon Mar 23 13:49:00 2020

 Message: There was an error executing Execute() in Kernel::System::Console::Command::Maint::Email::MailQueue: Error: Message sending already in progress! Skipping...


 Traceback (5134): 
   Module: Kernel::System::Daemon::DaemonModules::BaseTaskWorker::_HandleError Line: 52
   Module: Kernel::System::Daemon::DaemonModules::SchedulerTaskWorker::Cron::Run Line: 177
   Module: Kernel::System::Daemon::DaemonModules::SchedulerTaskWorker::Run Line: 235
   Module: (eval) Line: 314
   Module: main::Start Line: 314
   Module: /opt/otrs/bin/otrs.Daemon.pl Line: 135

ERROR: OTRS-otrs.Console.pl-Maint::Email::MailQueue-67 Perl: 5.26.1 OS: linux Time: Mon Mar 23 13:50:01 2020

 Message: There was an error executing Execute() in Kernel::System::Console::Command::Maint::Email::MailQueue: Error: Message sending already in progress! Skipping...


 Traceback (5154): 
   Module: Kernel::System::Daemon::DaemonModules::BaseTaskWorker::_HandleError Line: 52
   Module: Kernel::System::Daemon::DaemonModules::SchedulerTaskWorker::Cron::Run Line: 177
   Module: Kernel::System::Daemon::DaemonModules::SchedulerTaskWorker::Run Line: 235
   Module: (eval) Line: 314
   Module: main::Start Line: 314
   Module: /opt/otrs/bin/otrs.Daemon.pl Line: 135

ERROR: OTRS-otrs.Console.pl-Maint::Email::MailQueue-67 Perl: 5.26.1 OS: linux Time: Mon Mar 23 13:51:01 2020

 Message: There was an error executing Execute() in Kernel::System::Console::Command::Maint::Email::MailQueue: Error: Message sending already in progress! Skipping...


 Traceback (5179): 
   Module: Kernel::System::Daemon::DaemonModules::BaseTaskWorker::_HandleError Line: 52
   Module: Kernel::System::Daemon::DaemonModules::SchedulerTaskWorker::Cron::Run Line: 177
   Module: Kernel::System::Daemon::DaemonModules::SchedulerTaskWorker::Run Line: 235
   Module: (eval) Line: 314
   Module: main::Start Line: 314
   Module: /opt/otrs/bin/otrs.Daemon.pl Line: 135

ERROR: OTRS-otrs.Console.pl-Maint::Email::MailQueue-67 Perl: 5.26.1 OS: linux Time: Mon Mar 23 13:52:01 2020

 Message: There was an error executing Execute() in Kernel::System::Console::Command::Maint::Email::MailQueue: Error: Message sending already in progress! Skipping...


 Traceback (5191): 
   Module: Kernel::System::Daemon::DaemonModules::BaseTaskWorker::_HandleError Line: 52
   Module: Kernel::System::Daemon::DaemonModules::SchedulerTaskWorker::Cron::Run Line: 177
   Module: Kernel::System::Daemon::DaemonModules::SchedulerTaskWorker::Run Line: 235
   Module: (eval) Line: 314
   Module: main::Start Line: 314
   Module: /opt/otrs/bin/otrs.Daemon.pl Line: 135

ERROR: OTRS-otrs.Console.pl-Maint::Email::MailQueue-67 Perl: 5.26.1 OS: linux Time: Mon Mar 23 13:53:01 2020

 Message: There was an error executing Execute() in Kernel::System::Console::Command::Maint::Email::MailQueue: Error: Message sending already in progress! Skipping...


 Traceback (5208): 
   Module: Kernel::System::Daemon::DaemonModules::BaseTaskWorker::_HandleError Line: 52
   Module: Kernel::System::Daemon::DaemonModules::SchedulerTaskWorker::Cron::Run Line: 177
   Module: Kernel::System::Daemon::DaemonModules::SchedulerTaskWorker::Run Line: 235
   Module: (eval) Line: 314
   Module: main::Start Line: 314
   Module: /opt/otrs/bin/otrs.Daemon.pl Line: 135

ERROR: OTRS-otrs.Console.pl-Maint::Email::MailQueue-67 Perl: 5.26.1 OS: linux Time: Mon Mar 23 13:54:01 2020

 Message: There was an error executing Execute() in Kernel::System::Console::Command::Maint::Email::MailQueue: Error: Message sending already in progress! Skipping...


 Traceback (5219): 
   Module: Kernel::System::Daemon::DaemonModules::BaseTaskWorker::_HandleError Line: 52
   Module: Kernel::System::Daemon::DaemonModules::SchedulerTaskWorker::Cron::Run Line: 177
   Module: Kernel::System::Daemon::DaemonModules::SchedulerTaskWorker::Run Line: 235
   Module: (eval) Line: 314
   Module: main::Start Line: 314
   Module: /opt/otrs/bin/otrs.Daemon.pl Line: 135

ERROR: OTRS-otrs.Console.pl-Maint::Email::MailQueue-67 Perl: 5.26.1 OS: linux Time: Mon Mar 23 13:55:02 2020

 Message: There was an error executing Execute() in Kernel::System::Console::Command::Maint::Email::MailQueue: Error: Message sending already in progress! Skipping...


 Traceback (5245): 
   Module: Kernel::System::Daemon::DaemonModules::BaseTaskWorker::_HandleError Line: 52
   Module: Kernel::System::Daemon::DaemonModules::SchedulerTaskWorker::Cron::Run Line: 177
   Module: Kernel::System::Daemon::DaemonModules::SchedulerTaskWorker::Run Line: 235
   Module: (eval) Line: 314
   Module: main::Start Line: 314
   Module: /opt/otrs/bin/otrs.Daemon.pl Line: 135

ERROR: OTRS-otrs.Console.pl-Maint::Email::MailQueue-67 Perl: 5.26.1 OS: linux Time: Mon Mar 23 13:56:02 2020

 Message: There was an error executing Execute() in Kernel::System::Console::Command::Maint::Email::MailQueue: Error: Message sending already in progress! Skipping...


 Traceback (5261): 
   Module: Kernel::System::Daemon::DaemonModules::BaseTaskWorker::_HandleError Line: 52
   Module: Kernel::System::Daemon::DaemonModules::SchedulerTaskWorker::Cron::Run Line: 177
   Module: Kernel::System::Daemon::DaemonModules::SchedulerTaskWorker::Run Line: 235
   Module: (eval) Line: 314
   Module: main::Start Line: 314
   Module: /opt/otrs/bin/otrs.Daemon.pl Line: 135

ERROR: OTRS-otrs.Console.pl-Maint::Email::MailQueue-67 Perl: 5.26.1 OS: linux Time: Mon Mar 23 13:57:02 2020

 Message: There was an error executing Execute() in Kernel::System::Console::Command::Maint::Email::MailQueue: Error: Message sending already in progress! Skipping...


 Traceback (5270): 
   Module: Kernel::System::Daemon::DaemonModules::BaseTaskWorker::_HandleError Line: 52
   Module: Kernel::System::Daemon::DaemonModules::SchedulerTaskWorker::Cron::Run Line: 177
   Module: Kernel::System::Daemon::DaemonModules::SchedulerTaskWorker::Run Line: 235
   Module: (eval) Line: 314
   Module: main::Start Line: 314
   Module: /opt/otrs/bin/otrs.Daemon.pl Line: 135

ERROR: OTRS-otrs.Console.pl-Maint::Email::MailQueue-67 Perl: 5.26.1 OS: linux Time: Mon Mar 23 13:58:03 2020

 Message: There was an error executing Execute() in Kernel::System::Console::Command::Maint::Email::MailQueue: Error: Message sending already in progress! Skipping...


 Traceback (5282): 
   Module: Kernel::System::Daemon::DaemonModules::BaseTaskWorker::_HandleError Line: 52
   Module: Kernel::System::Daemon::DaemonModules::SchedulerTaskWorker::Cron::Run Line: 177
   Module: Kernel::System::Daemon::DaemonModules::SchedulerTaskWorker::Run Line: 235
   Module: (eval) Line: 314
   Module: main::Start Line: 314
   Module: /opt/otrs/bin/otrs.Daemon.pl Line: 135

ERROR: OTRS-otrs.Console.pl-Maint::Email::MailQueue-67 Perl: 5.26.1 OS: linux Time: Mon Mar 23 13:59:03 2020

 Message: There was an error executing Execute() in Kernel::System::Console::Command::Maint::Email::MailQueue: Error: Message sending already in progress! Skipping...


 Traceback (5293): 
   Module: Kernel::System::Daemon::DaemonModules::BaseTaskWorker::_HandleError Line: 52
   Module: Kernel::System::Daemon::DaemonModules::SchedulerTaskWorker::Cron::Run Line: 177
   Module: Kernel::System::Daemon::DaemonModules::SchedulerTaskWorker::Run Line: 235
   Module: (eval) Line: 314
   Module: main::Start Line: 314
   Module: /opt/otrs/bin/otrs.Daemon.pl Line: 135

ERROR: OTRS-otrs.Console.pl-Maint::Email::MailQueue-67 Perl: 5.26.1 OS: linux Time: Mon Mar 23 14:00:03 2020

 Message: There was an error executing Execute() in Kernel::System::Console::Command::Maint::Email::MailQueue: Error: Message sending already in progress! Skipping...


 Traceback (5311): 
   Module: Kernel::System::Daemon::DaemonModules::BaseTaskWorker::_HandleError Line: 52
   Module: Kernel::System::Daemon::DaemonModules::SchedulerTaskWorker::Cron::Run Line: 177
   Module: Kernel::System::Daemon::DaemonModules::SchedulerTaskWorker::Run Line: 235
   Module: (eval) Line: 314
   Module: main::Start Line: 314
   Module: /opt/otrs/bin/otrs.Daemon.pl Line: 135

ERROR: OTRS-otrs.Console.pl-Maint::Email::MailQueue-67 Perl: 5.26.1 OS: linux Time: Mon Mar 23 14:01:04 2020

 Message: There was an error executing Execute() in Kernel::System::Console::Command::Maint::Email::MailQueue: Error: Message sending already in progress! Skipping...


 Traceback (5339): 
   Module: Kernel::System::Daemon::DaemonModules::BaseTaskWorker::_HandleError Line: 52
   Module: Kernel::System::Daemon::DaemonModules::SchedulerTaskWorker::Cron::Run Line: 177
   Module: Kernel::System::Daemon::DaemonModules::SchedulerTaskWorker::Run Line: 235
   Module: (eval) Line: 314
   Module: main::Start Line: 314
   Module: /opt/otrs/bin/otrs.Daemon.pl Line: 135

ERROR: OTRS-otrs.Console.pl-Maint::Email::MailQueue-67 Perl: 5.26.1 OS: linux Time: Mon Mar 23 14:02:04 2020

 Message: There was an error executing Execute() in Kernel::System::Console::Command::Maint::Email::MailQueue: Error: Message sending already in progress! Skipping...


 Traceback (5350): 
   Module: Kernel::System::Daemon::DaemonModules::BaseTaskWorker::_HandleError Line: 52
   Module: Kernel::System::Daemon::DaemonModules::SchedulerTaskWorker::Cron::Run Line: 177
   Module: Kernel::System::Daemon::DaemonModules::SchedulerTaskWorker::Run Line: 235
   Module: (eval) Line: 314
   Module: main::Start Line: 314
   Module: /opt/otrs/bin/otrs.Daemon.pl Line: 135

ERROR: OTRS-otrs.Console.pl-Maint::Email::MailQueue-67 Perl: 5.26.1 OS: linux Time: Mon Mar 23 14:03:04 2020

 Message: There was an error executing Execute() in Kernel::System::Console::Command::Maint::Email::MailQueue: Error: Message sending already in progress! Skipping...


 Traceback (5362): 
   Module: Kernel::System::Daemon::DaemonModules::BaseTaskWorker::_HandleError Line: 52
   Module: Kernel::System::Daemon::DaemonModules::SchedulerTaskWorker::Cron::Run Line: 177
   Module: Kernel::System::Daemon::DaemonModules::SchedulerTaskWorker::Run Line: 235
   Module: (eval) Line: 314
   Module: main::Start Line: 314
   Module: /opt/otrs/bin/otrs.Daemon.pl Line: 135

ERROR: OTRS-otrs.Console.pl-Maint::Email::MailQueue-67 Perl: 5.26.1 OS: linux Time: Mon Mar 23 14:04:04 2020

 Message: There was an error executing Execute() in Kernel::System::Console::Command::Maint::Email::MailQueue: Error: Message sending already in progress! Skipping...


 Traceback (5371): 
   Module: Kernel::System::Daemon::DaemonModules::BaseTaskWorker::_HandleError Line: 52
   Module: Kernel::System::Daemon::DaemonModules::SchedulerTaskWorker::Cron::Run Line: 177
   Module: Kernel::System::Daemon::DaemonModules::SchedulerTaskWorker::Run Line: 235
   Module: (eval) Line: 314
   Module: main::Start Line: 314
   Module: /opt/otrs/bin/otrs.Daemon.pl Line: 135

ERROR: OTRS-otrs.Console.pl-Maint::Email::MailQueue-67 Perl: 5.26.1 OS: linux Time: Mon Mar 23 14:05:05 2020

 Message: There was an error executing Execute() in Kernel::System::Console::Command::Maint::Email::MailQueue: Error: Message sending already in progress! Skipping...


 Traceback (5416): 
   Module: Kernel::System::Daemon::DaemonModules::BaseTaskWorker::_HandleError Line: 52
   Module: Kernel::System::Daemon::DaemonModules::SchedulerTaskWorker::Cron::Run Line: 177
   Module: Kernel::System::Daemon::DaemonModules::SchedulerTaskWorker::Run Line: 235
   Module: (eval) Line: 314
   Module: main::Start Line: 314
   Module: /opt/otrs/bin/otrs.Daemon.pl Line: 135

ERROR: OTRS-otrs.Console.pl-Maint::Email::MailQueue-67 Perl: 5.26.1 OS: linux Time: Mon Mar 23 14:06:05 2020

 Message: There was an error executing Execute() in Kernel::System::Console::Command::Maint::Email::MailQueue: Error: Message sending already in progress! Skipping...


 Traceback (5435): 
   Module: Kernel::System::Daemon::DaemonModules::BaseTaskWorker::_HandleError Line: 52
   Module: Kernel::System::Daemon::DaemonModules::SchedulerTaskWorker::Cron::Run Line: 177
   Module: Kernel::System::Daemon::DaemonModules::SchedulerTaskWorker::Run Line: 235
   Module: (eval) Line: 314
   Module: main::Start Line: 314
   Module: /opt/otrs/bin/otrs.Daemon.pl Line: 135

ERROR: OTRS-otrs.Console.pl-Maint::Email::MailQueue-67 Perl: 5.26.1 OS: linux Time: Mon Mar 23 14:07:05 2020

 Message: There was an error executing Execute() in Kernel::System::Console::Command::Maint::Email::MailQueue: Error: Message sending already in progress! Skipping...


 Traceback (5444): 
   Module: Kernel::System::Daemon::DaemonModules::BaseTaskWorker::_HandleError Line: 52
   Module: Kernel::System::Daemon::DaemonModules::SchedulerTaskWorker::Cron::Run Line: 177
   Module: Kernel::System::Daemon::DaemonModules::SchedulerTaskWorker::Run Line: 235
   Module: (eval) Line: 314
   Module: main::Start Line: 314
   Module: /opt/otrs/bin/otrs.Daemon.pl Line: 135

ERROR: OTRS-otrs.Console.pl-Maint::Email::MailQueue-67 Perl: 5.26.1 OS: linux Time: Mon Mar 23 14:08:05 2020

 Message: There was an error executing Execute() in Kernel::System::Console::Command::Maint::Email::MailQueue: Error: Message sending already in progress! Skipping...


 Traceback (5455): 
   Module: Kernel::System::Daemon::DaemonModules::BaseTaskWorker::_HandleError Line: 52
   Module: Kernel::System::Daemon::DaemonModules::SchedulerTaskWorker::Cron::Run Line: 177
   Module: Kernel::System::Daemon::DaemonModules::SchedulerTaskWorker::Run Line: 235
   Module: (eval) Line: 314
   Module: main::Start Line: 314
   Module: /opt/otrs/bin/otrs.Daemon.pl Line: 135

ERROR: OTRS-otrs.Console.pl-Maint::Email::MailQueue-67 Perl: 5.26.1 OS: linux Time: Mon Mar 23 14:09:05 2020

 Message: There was an error executing Execute() in Kernel::System::Console::Command::Maint::Email::MailQueue: Error: Message sending already in progress! Skipping...


 Traceback (5465): 
   Module: Kernel::System::Daemon::DaemonModules::BaseTaskWorker::_HandleError Line: 52
   Module: Kernel::System::Daemon::DaemonModules::SchedulerTaskWorker::Cron::Run Line: 177
   Module: Kernel::System::Daemon::DaemonModules::SchedulerTaskWorker::Run Line: 235
   Module: (eval) Line: 314
   Module: main::Start Line: 314
   Module: /opt/otrs/bin/otrs.Daemon.pl Line: 135

ERROR: OTRS-otrs.Console.pl-Maint::Email::MailQueue-67 Perl: 5.26.1 OS: linux Time: Mon Mar 23 14:10:06 2020

 Message: There was an error executing Execute() in Kernel::System::Console::Command::Maint::Email::MailQueue: Error: Message sending already in progress! Skipping...


 Traceback (5500): 
   Module: Kernel::System::Daemon::DaemonModules::BaseTaskWorker::_HandleError Line: 52
   Module: Kernel::System::Daemon::DaemonModules::SchedulerTaskWorker::Cron::Run Line: 177
   Module: Kernel::System::Daemon::DaemonModules::SchedulerTaskWorker::Run Line: 235
   Module: (eval) Line: 314
   Module: main::Start Line: 314
   Module: /opt/otrs/bin/otrs.Daemon.pl Line: 135

ERROR: OTRS-otrs.Console.pl-Maint::Email::MailQueue-67 Perl: 5.26.1 OS: linux Time: Mon Mar 23 14:11:06 2020

 Message: There was an error executing Execute() in Kernel::System::Console::Command::Maint::Email::MailQueue: Error: Message sending already in progress! Skipping...


 Traceback (5528): 
   Module: Kernel::System::Daemon::DaemonModules::BaseTaskWorker::_HandleError Line: 52
   Module: Kernel::System::Daemon::DaemonModules::SchedulerTaskWorker::Cron::Run Line: 177
   Module: Kernel::System::Daemon::DaemonModules::SchedulerTaskWorker::Run Line: 235
   Module: (eval) Line: 314
   Module: main::Start Line: 314
   Module: /opt/otrs/bin/otrs.Daemon.pl Line: 135

