ERROR: OTRS-otrs.Console.pl-Maint::Email::MailQueue-67 Perl: 5.26.1 OS: linux Time: Tue Mar 24 07:21:10 2020

 Message: There was an error executing Execute() in Kernel::System::Console::Command::Maint::Email::MailQueue: Error: Message sending already in progress! Skipping...


 Traceback (5233): 
   Module: Kernel::System::Daemon::DaemonModules::BaseTaskWorker::_HandleError Line: 52
   Module: Kernel::System::Daemon::DaemonModules::SchedulerTaskWorker::Cron::Run Line: 177
   Module: Kernel::System::Daemon::DaemonModules::SchedulerTaskWorker::Run Line: 235
   Module: (eval) Line: 314
   Module: main::Start Line: 314
   Module: /opt/otrs/bin/otrs.Daemon.pl Line: 135

ERROR: OTRS-otrs.Console.pl-Maint::Email::MailQueue-67 Perl: 5.26.1 OS: linux Time: Tue Mar 24 07:22:10 2020

 Message: There was an error executing Execute() in Kernel::System::Console::Command::Maint::Email::MailQueue: Error: Message sending already in progress! Skipping...


 Traceback (5252): 
   Module: Kernel::System::Daemon::DaemonModules::BaseTaskWorker::_HandleError Line: 52
   Module: Kernel::System::Daemon::DaemonModules::SchedulerTaskWorker::Cron::Run Line: 177
   Module: Kernel::System::Daemon::DaemonModules::SchedulerTaskWorker::Run Line: 235
   Module: (eval) Line: 314
   Module: main::Start Line: 314
   Module: /opt/otrs/bin/otrs.Daemon.pl Line: 135

ERROR: OTRS-otrs.Console.pl-Maint::Email::MailQueue-67 Perl: 5.26.1 OS: linux Time: Tue Mar 24 07:23:10 2020

 Message: There was an error executing Execute() in Kernel::System::Console::Command::Maint::Email::MailQueue: Error: Message sending already in progress! Skipping...


 Traceback (5269): 
   Module: Kernel::System::Daemon::DaemonModules::BaseTaskWorker::_HandleError Line: 52
   Module: Kernel::System::Daemon::DaemonModules::SchedulerTaskWorker::Cron::Run Line: 177
   Module: Kernel::System::Daemon::DaemonModules::SchedulerTaskWorker::Run Line: 235
   Module: (eval) Line: 314
   Module: main::Start Line: 314
   Module: /opt/otrs/bin/otrs.Daemon.pl Line: 135

ERROR: OTRS-otrs.Console.pl-Maint::Email::MailQueue-67 Perl: 5.26.1 OS: linux Time: Tue Mar 24 07:24:10 2020

 Message: There was an error executing Execute() in Kernel::System::Console::Command::Maint::Email::MailQueue: Error: Message sending already in progress! Skipping...


 Traceback (5281): 
   Module: Kernel::System::Daemon::DaemonModules::BaseTaskWorker::_HandleError Line: 52
   Module: Kernel::System::Daemon::DaemonModules::SchedulerTaskWorker::Cron::Run Line: 177
   Module: Kernel::System::Daemon::DaemonModules::SchedulerTaskWorker::Run Line: 235
   Module: (eval) Line: 314
   Module: main::Start Line: 314
   Module: /opt/otrs/bin/otrs.Daemon.pl Line: 135

ERROR: OTRS-otrs.Console.pl-Maint::Email::MailQueue-67 Perl: 5.26.1 OS: linux Time: Tue Mar 24 07:25:10 2020

 Message: There was an error executing Execute() in Kernel::System::Console::Command::Maint::Email::MailQueue: Error: Message sending already in progress! Skipping...


 Traceback (5301): 
   Module: Kernel::System::Daemon::DaemonModules::BaseTaskWorker::_HandleError Line: 52
   Module: Kernel::System::Daemon::DaemonModules::SchedulerTaskWorker::Cron::Run Line: 177
   Module: Kernel::System::Daemon::DaemonModules::SchedulerTaskWorker::Run Line: 235
   Module: (eval) Line: 314
   Module: main::Start Line: 314
   Module: /opt/otrs/bin/otrs.Daemon.pl Line: 135

ERROR: OTRS-otrs.Console.pl-Maint::Email::MailQueue-67 Perl: 5.26.1 OS: linux Time: Tue Mar 24 07:26:11 2020

 Message: There was an error executing Execute() in Kernel::System::Console::Command::Maint::Email::MailQueue: Error: Message sending already in progress! Skipping...


 Traceback (5317): 
   Module: Kernel::System::Daemon::DaemonModules::BaseTaskWorker::_HandleError Line: 52
   Module: Kernel::System::Daemon::DaemonModules::SchedulerTaskWorker::Cron::Run Line: 177
   Module: Kernel::System::Daemon::DaemonModules::SchedulerTaskWorker::Run Line: 235
   Module: (eval) Line: 314
   Module: main::Start Line: 314
   Module: /opt/otrs/bin/otrs.Daemon.pl Line: 135

ERROR: OTRS-otrs.Console.pl-Maint::Email::MailQueue-67 Perl: 5.26.1 OS: linux Time: Tue Mar 24 07:27:11 2020

 Message: There was an error executing Execute() in Kernel::System::Console::Command::Maint::Email::MailQueue: Error: Message sending already in progress! Skipping...


 Traceback (5334): 
   Module: Kernel::System::Daemon::DaemonModules::BaseTaskWorker::_HandleError Line: 52
   Module: Kernel::System::Daemon::DaemonModules::SchedulerTaskWorker::Cron::Run Line: 177
   Module: Kernel::System::Daemon::DaemonModules::SchedulerTaskWorker::Run Line: 235
   Module: (eval) Line: 314
   Module: main::Start Line: 314
   Module: /opt/otrs/bin/otrs.Daemon.pl Line: 135

ERROR: OTRS-otrs.Console.pl-Maint::Email::MailQueue-67 Perl: 5.26.1 OS: linux Time: Tue Mar 24 07:28:11 2020

 Message: There was an error executing Execute() in Kernel::System::Console::Command::Maint::Email::MailQueue: Error: Message sending already in progress! Skipping...


 Traceback (5351): 
   Module: Kernel::System::Daemon::DaemonModules::BaseTaskWorker::_HandleError Line: 52
   Module: Kernel::System::Daemon::DaemonModules::SchedulerTaskWorker::Cron::Run Line: 177
   Module: Kernel::System::Daemon::DaemonModules::SchedulerTaskWorker::Run Line: 235
   Module: (eval) Line: 314
   Module: main::Start Line: 314
   Module: /opt/otrs/bin/otrs.Daemon.pl Line: 135

ERROR: OTRS-otrs.Console.pl-Maint::Email::MailQueue-67 Perl: 5.26.1 OS: linux Time: Tue Mar 24 07:29:11 2020

 Message: There was an error executing Execute() in Kernel::System::Console::Command::Maint::Email::MailQueue: Error: Message sending already in progress! Skipping...


 Traceback (5364): 
   Module: Kernel::System::Daemon::DaemonModules::BaseTaskWorker::_HandleError Line: 52
   Module: Kernel::System::Daemon::DaemonModules::SchedulerTaskWorker::Cron::Run Line: 177
   Module: Kernel::System::Daemon::DaemonModules::SchedulerTaskWorker::Run Line: 235
   Module: (eval) Line: 314
   Module: main::Start Line: 314
   Module: /opt/otrs/bin/otrs.Daemon.pl Line: 135

ERROR: OTRS-otrs.Console.pl-Maint::Email::MailQueue-67 Perl: 5.26.1 OS: linux Time: Tue Mar 24 07:30:12 2020

 Message: There was an error executing Execute() in Kernel::System::Console::Command::Maint::Email::MailQueue: Error: Message sending already in progress! Skipping...


 Traceback (5449): 
   Module: Kernel::System::Daemon::DaemonModules::BaseTaskWorker::_HandleError Line: 52
   Module: Kernel::System::Daemon::DaemonModules::SchedulerTaskWorker::Cron::Run Line: 177
   Module: Kernel::System::Daemon::DaemonModules::SchedulerTaskWorker::Run Line: 235
   Module: (eval) Line: 314
   Module: main::Start Line: 314
   Module: /opt/otrs/bin/otrs.Daemon.pl Line: 135

ERROR: OTRS-otrs.Console.pl-Maint::Email::MailQueue-67 Perl: 5.26.1 OS: linux Time: Tue Mar 24 07:31:12 2020

 Message: There was an error executing Execute() in Kernel::System::Console::Command::Maint::Email::MailQueue: Error: Message sending already in progress! Skipping...


 Traceback (5474): 
   Module: Kernel::System::Daemon::DaemonModules::BaseTaskWorker::_HandleError Line: 52
   Module: Kernel::System::Daemon::DaemonModules::SchedulerTaskWorker::Cron::Run Line: 177
   Module: Kernel::System::Daemon::DaemonModules::SchedulerTaskWorker::Run Line: 235
   Module: (eval) Line: 314
   Module: main::Start Line: 314
   Module: /opt/otrs/bin/otrs.Daemon.pl Line: 135

ERROR: OTRS-otrs.Console.pl-Maint::Email::MailQueue-67 Perl: 5.26.1 OS: linux Time: Tue Mar 24 07:32:12 2020

 Message: There was an error executing Execute() in Kernel::System::Console::Command::Maint::Email::MailQueue: Error: Message sending already in progress! Skipping...


 Traceback (5485): 
   Module: Kernel::System::Daemon::DaemonModules::BaseTaskWorker::_HandleError Line: 52
   Module: Kernel::System::Daemon::DaemonModules::SchedulerTaskWorker::Cron::Run Line: 177
   Module: Kernel::System::Daemon::DaemonModules::SchedulerTaskWorker::Run Line: 235
   Module: (eval) Line: 314
   Module: main::Start Line: 314
   Module: /opt/otrs/bin/otrs.Daemon.pl Line: 135

ERROR: OTRS-otrs.Console.pl-Maint::Email::MailQueue-67 Perl: 5.26.1 OS: linux Time: Tue Mar 24 07:33:12 2020

 Message: There was an error executing Execute() in Kernel::System::Console::Command::Maint::Email::MailQueue: Error: Message sending already in progress! Skipping...


 Traceback (5496): 
   Module: Kernel::System::Daemon::DaemonModules::BaseTaskWorker::_HandleError Line: 52
   Module: Kernel::System::Daemon::DaemonModules::SchedulerTaskWorker::Cron::Run Line: 177
   Module: Kernel::System::Daemon::DaemonModules::SchedulerTaskWorker::Run Line: 235
   Module: (eval) Line: 314
   Module: main::Start Line: 314
   Module: /opt/otrs/bin/otrs.Daemon.pl Line: 135

ERROR: OTRS-otrs.Console.pl-Maint::Email::MailQueue-67 Perl: 5.26.1 OS: linux Time: Tue Mar 24 07:34:13 2020

 Message: There was an error executing Execute() in Kernel::System::Console::Command::Maint::Email::MailQueue: Error: Message sending already in progress! Skipping...


 Traceback (5508): 
   Module: Kernel::System::Daemon::DaemonModules::BaseTaskWorker::_HandleError Line: 52
   Module: Kernel::System::Daemon::DaemonModules::SchedulerTaskWorker::Cron::Run Line: 177
   Module: Kernel::System::Daemon::DaemonModules::SchedulerTaskWorker::Run Line: 235
   Module: (eval) Line: 314
   Module: main::Start Line: 314
   Module: /opt/otrs/bin/otrs.Daemon.pl Line: 135

ERROR: OTRS-otrs.Console.pl-Maint::Email::MailQueue-67 Perl: 5.26.1 OS: linux Time: Tue Mar 24 07:35:13 2020

 Message: There was an error executing Execute() in Kernel::System::Console::Command::Maint::Email::MailQueue: Error: Message sending already in progress! Skipping...


 Traceback (5535): 
   Module: Kernel::System::Daemon::DaemonModules::BaseTaskWorker::_HandleError Line: 52
   Module: Kernel::System::Daemon::DaemonModules::SchedulerTaskWorker::Cron::Run Line: 177
   Module: Kernel::System::Daemon::DaemonModules::SchedulerTaskWorker::Run Line: 235
   Module: (eval) Line: 314
   Module: main::Start Line: 314
   Module: /opt/otrs/bin/otrs.Daemon.pl Line: 135

ERROR: OTRS-otrs.Console.pl-Maint::Email::MailQueue-67 Perl: 5.26.1 OS: linux Time: Tue Mar 24 07:36:13 2020

 Message: There was an error executing Execute() in Kernel::System::Console::Command::Maint::Email::MailQueue: Error: Message sending already in progress! Skipping...


 Traceback (5558): 
   Module: Kernel::System::Daemon::DaemonModules::BaseTaskWorker::_HandleError Line: 52
   Module: Kernel::System::Daemon::DaemonModules::SchedulerTaskWorker::Cron::Run Line: 177
   Module: Kernel::System::Daemon::DaemonModules::SchedulerTaskWorker::Run Line: 235
   Module: (eval) Line: 314
   Module: main::Start Line: 314
   Module: /opt/otrs/bin/otrs.Daemon.pl Line: 135

ERROR: OTRS-otrs.Console.pl-Maint::Email::MailQueue-67 Perl: 5.26.1 OS: linux Time: Tue Mar 24 07:37:13 2020

 Message: There was an error executing Execute() in Kernel::System::Console::Command::Maint::Email::MailQueue: Error: Message sending already in progress! Skipping...


 Traceback (5607): 
   Module: Kernel::System::Daemon::DaemonModules::BaseTaskWorker::_HandleError Line: 52
   Module: Kernel::System::Daemon::DaemonModules::SchedulerTaskWorker::Cron::Run Line: 177
   Module: Kernel::System::Daemon::DaemonModules::SchedulerTaskWorker::Run Line: 235
   Module: (eval) Line: 314
   Module: main::Start Line: 314
   Module: /opt/otrs/bin/otrs.Daemon.pl Line: 135

ERROR: OTRS-otrs.Console.pl-Maint::Email::MailQueue-67 Perl: 5.26.1 OS: linux Time: Tue Mar 24 07:38:14 2020

 Message: There was an error executing Execute() in Kernel::System::Console::Command::Maint::Email::MailQueue: Error: Message sending already in progress! Skipping...


 Traceback (5656): 
   Module: Kernel::System::Daemon::DaemonModules::BaseTaskWorker::_HandleError Line: 52
   Module: Kernel::System::Daemon::DaemonModules::SchedulerTaskWorker::Cron::Run Line: 177
   Module: Kernel::System::Daemon::DaemonModules::SchedulerTaskWorker::Run Line: 235
   Module: (eval) Line: 314
   Module: main::Start Line: 314
   Module: /opt/otrs/bin/otrs.Daemon.pl Line: 135

ERROR: OTRS-otrs.Console.pl-Maint::Email::MailQueue-67 Perl: 5.26.1 OS: linux Time: Tue Mar 24 07:39:14 2020

 Message: There was an error executing Execute() in Kernel::System::Console::Command::Maint::Email::MailQueue: Error: Message sending already in progress! Skipping...


 Traceback (5800): 
   Module: Kernel::System::Daemon::DaemonModules::BaseTaskWorker::_HandleError Line: 52
   Module: Kernel::System::Daemon::DaemonModules::SchedulerTaskWorker::Cron::Run Line: 177
   Module: Kernel::System::Daemon::DaemonModules::SchedulerTaskWorker::Run Line: 235
   Module: (eval) Line: 314
   Module: main::Start Line: 314
   Module: /opt/otrs/bin/otrs.Daemon.pl Line: 135

ERROR: OTRS-otrs.Console.pl-Maint::Email::MailQueue-67 Perl: 5.26.1 OS: linux Time: Tue Mar 24 07:40:14 2020

 Message: There was an error executing Execute() in Kernel::System::Console::Command::Maint::Email::MailQueue: Error: Message sending already in progress! Skipping...


 Traceback (5863): 
   Module: Kernel::System::Daemon::DaemonModules::BaseTaskWorker::_HandleError Line: 52
   Module: Kernel::System::Daemon::DaemonModules::SchedulerTaskWorker::Cron::Run Line: 177
   Module: Kernel::System::Daemon::DaemonModules::SchedulerTaskWorker::Run Line: 235
   Module: (eval) Line: 314
   Module: main::Start Line: 314
   Module: /opt/otrs/bin/otrs.Daemon.pl Line: 135

ERROR: OTRS-otrs.Console.pl-Maint::Email::MailQueue-67 Perl: 5.26.1 OS: linux Time: Tue Mar 24 07:41:14 2020

 Message: There was an error executing Execute() in Kernel::System::Console::Command::Maint::Email::MailQueue: Error: Message sending already in progress! Skipping...


 Traceback (5882): 
   Module: Kernel::System::Daemon::DaemonModules::BaseTaskWorker::_HandleError Line: 52
   Module: Kernel::System::Daemon::DaemonModules::SchedulerTaskWorker::Cron::Run Line: 177
   Module: Kernel::System::Daemon::DaemonModules::SchedulerTaskWorker::Run Line: 235
   Module: (eval) Line: 314
   Module: main::Start Line: 314
   Module: /opt/otrs/bin/otrs.Daemon.pl Line: 135

ERROR: OTRS-otrs.Console.pl-Maint::Email::MailQueue-67 Perl: 5.26.1 OS: linux Time: Tue Mar 24 07:42:15 2020

 Message: There was an error executing Execute() in Kernel::System::Console::Command::Maint::Email::MailQueue: Error: Message sending already in progress! Skipping...


 Traceback (5893): 
   Module: Kernel::System::Daemon::DaemonModules::BaseTaskWorker::_HandleError Line: 52
   Module: Kernel::System::Daemon::DaemonModules::SchedulerTaskWorker::Cron::Run Line: 177
   Module: Kernel::System::Daemon::DaemonModules::SchedulerTaskWorker::Run Line: 235
   Module: (eval) Line: 314
   Module: main::Start Line: 314
   Module: /opt/otrs/bin/otrs.Daemon.pl Line: 135

ERROR: OTRS-otrs.Console.pl-Maint::Email::MailQueue-67 Perl: 5.26.1 OS: linux Time: Tue Mar 24 07:43:15 2020

 Message: There was an error executing Execute() in Kernel::System::Console::Command::Maint::Email::MailQueue: Error: Message sending already in progress! Skipping...


 Traceback (5902): 
   Module: Kernel::System::Daemon::DaemonModules::BaseTaskWorker::_HandleError Line: 52
   Module: Kernel::System::Daemon::DaemonModules::SchedulerTaskWorker::Cron::Run Line: 177
   Module: Kernel::System::Daemon::DaemonModules::SchedulerTaskWorker::Run Line: 235
   Module: (eval) Line: 314
   Module: main::Start Line: 314
   Module: /opt/otrs/bin/otrs.Daemon.pl Line: 135

ERROR: OTRS-otrs.Console.pl-Maint::Email::MailQueue-67 Perl: 5.26.1 OS: linux Time: Tue Mar 24 07:44:15 2020

 Message: There was an error executing Execute() in Kernel::System::Console::Command::Maint::Email::MailQueue: Error: Message sending already in progress! Skipping...


 Traceback (5917): 
   Module: Kernel::System::Daemon::DaemonModules::BaseTaskWorker::_HandleError Line: 52
   Module: Kernel::System::Daemon::DaemonModules::SchedulerTaskWorker::Cron::Run Line: 177
   Module: Kernel::System::Daemon::DaemonModules::SchedulerTaskWorker::Run Line: 235
   Module: (eval) Line: 314
   Module: main::Start Line: 314
   Module: /opt/otrs/bin/otrs.Daemon.pl Line: 135

ERROR: OTRS-otrs.Console.pl-Maint::Email::MailQueue-67 Perl: 5.26.1 OS: linux Time: Tue Mar 24 07:45:15 2020

 Message: There was an error executing Execute() in Kernel::System::Console::Command::Maint::Email::MailQueue: Error: Message sending already in progress! Skipping...


 Traceback (5939): 
   Module: Kernel::System::Daemon::DaemonModules::BaseTaskWorker::_HandleError Line: 52
   Module: Kernel::System::Daemon::DaemonModules::SchedulerTaskWorker::Cron::Run Line: 177
   Module: Kernel::System::Daemon::DaemonModules::SchedulerTaskWorker::Run Line: 235
   Module: (eval) Line: 314
   Module: main::Start Line: 314
   Module: /opt/otrs/bin/otrs.Daemon.pl Line: 135

ERROR: OTRS-otrs.Console.pl-Maint::Email::MailQueue-67 Perl: 5.26.1 OS: linux Time: Tue Mar 24 07:46:16 2020

 Message: There was an error executing Execute() in Kernel::System::Console::Command::Maint::Email::MailQueue: Error: Message sending already in progress! Skipping...


 Traceback (5957): 
   Module: Kernel::System::Daemon::DaemonModules::BaseTaskWorker::_HandleError Line: 52
   Module: Kernel::System::Daemon::DaemonModules::SchedulerTaskWorker::Cron::Run Line: 177
   Module: Kernel::System::Daemon::DaemonModules::SchedulerTaskWorker::Run Line: 235
   Module: (eval) Line: 314
   Module: main::Start Line: 314
   Module: /opt/otrs/bin/otrs.Daemon.pl Line: 135

ERROR: OTRS-otrs.Console.pl-Maint::Email::MailQueue-67 Perl: 5.26.1 OS: linux Time: Tue Mar 24 07:47:16 2020

 Message: There was an error executing Execute() in Kernel::System::Console::Command::Maint::Email::MailQueue: Error: Message sending already in progress! Skipping...


 Traceback (5983): 
   Module: Kernel::System::Daemon::DaemonModules::BaseTaskWorker::_HandleError Line: 52
   Module: Kernel::System::Daemon::DaemonModules::SchedulerTaskWorker::Cron::Run Line: 177
   Module: Kernel::System::Daemon::DaemonModules::SchedulerTaskWorker::Run Line: 235
   Module: (eval) Line: 314
   Module: main::Start Line: 314
   Module: /opt/otrs/bin/otrs.Daemon.pl Line: 135

ERROR: OTRS-otrs.Console.pl-Maint::Email::MailQueue-67 Perl: 5.26.1 OS: linux Time: Tue Mar 24 07:48:16 2020

 Message: There was an error executing Execute() in Kernel::System::Console::Command::Maint::Email::MailQueue: Error: Message sending already in progress! Skipping...


 Traceback (5994): 
   Module: Kernel::System::Daemon::DaemonModules::BaseTaskWorker::_HandleError Line: 52
   Module: Kernel::System::Daemon::DaemonModules::SchedulerTaskWorker::Cron::Run Line: 177
   Module: Kernel::System::Daemon::DaemonModules::SchedulerTaskWorker::Run Line: 235
   Module: (eval) Line: 314
   Module: main::Start Line: 314
   Module: /opt/otrs/bin/otrs.Daemon.pl Line: 135

ERROR: OTRS-otrs.Console.pl-Maint::Email::MailQueue-67 Perl: 5.26.1 OS: linux Time: Tue Mar 24 07:49:16 2020

 Message: There was an error executing Execute() in Kernel::System::Console::Command::Maint::Email::MailQueue: Error: Message sending already in progress! Skipping...


 Traceback (6008): 
   Module: Kernel::System::Daemon::DaemonModules::BaseTaskWorker::_HandleError Line: 52
   Module: Kernel::System::Daemon::DaemonModules::SchedulerTaskWorker::Cron::Run Line: 177
   Module: Kernel::System::Daemon::DaemonModules::SchedulerTaskWorker::Run Line: 235
   Module: (eval) Line: 314
   Module: main::Start Line: 314
   Module: /opt/otrs/bin/otrs.Daemon.pl Line: 135

ERROR: OTRS-otrs.Console.pl-Maint::Email::MailQueue-67 Perl: 5.26.1 OS: linux Time: Tue Mar 24 07:50:17 2020

 Message: There was an error executing Execute() in Kernel::System::Console::Command::Maint::Email::MailQueue: Error: Message sending already in progress! Skipping...


 Traceback (6027): 
   Module: Kernel::System::Daemon::DaemonModules::BaseTaskWorker::_HandleError Line: 52
   Module: Kernel::System::Daemon::DaemonModules::SchedulerTaskWorker::Cron::Run Line: 177
   Module: Kernel::System::Daemon::DaemonModules::SchedulerTaskWorker::Run Line: 235
   Module: (eval) Line: 314
   Module: main::Start Line: 314
   Module: /opt/otrs/bin/otrs.Daemon.pl Line: 135

ERROR: OTRS-otrs.Console.pl-Maint::Email::MailQueue-67 Perl: 5.26.1 OS: linux Time: Tue Mar 24 07:51:17 2020

 Message: There was an error executing Execute() in Kernel::System::Console::Command::Maint::Email::MailQueue: Error: Message sending already in progress! Skipping...


 Traceback (6045): 
   Module: Kernel::System::Daemon::DaemonModules::BaseTaskWorker::_HandleError Line: 52
   Module: Kernel::System::Daemon::DaemonModules::SchedulerTaskWorker::Cron::Run Line: 177
   Module: Kernel::System::Daemon::DaemonModules::SchedulerTaskWorker::Run Line: 235
   Module: (eval) Line: 314
   Module: main::Start Line: 314
   Module: /opt/otrs/bin/otrs.Daemon.pl Line: 135

ERROR: OTRS-otrs.Console.pl-Maint::Email::MailQueue-67 Perl: 5.26.1 OS: linux Time: Tue Mar 24 07:52:17 2020

 Message: There was an error executing Execute() in Kernel::System::Console::Command::Maint::Email::MailQueue: Error: Message sending already in progress! Skipping...


 Traceback (6056): 
   Module: Kernel::System::Daemon::DaemonModules::BaseTaskWorker::_HandleError Line: 52
   Module: Kernel::System::Daemon::DaemonModules::SchedulerTaskWorker::Cron::Run Line: 177
   Module: Kernel::System::Daemon::DaemonModules::SchedulerTaskWorker::Run Line: 235
   Module: (eval) Line: 314
   Module: main::Start Line: 314
   Module: /opt/otrs/bin/otrs.Daemon.pl Line: 135

ERROR: OTRS-otrs.Console.pl-Maint::Email::MailQueue-67 Perl: 5.26.1 OS: linux Time: Tue Mar 24 07:53:17 2020

 Message: There was an error executing Execute() in Kernel::System::Console::Command::Maint::Email::MailQueue: Error: Message sending already in progress! Skipping...


 Traceback (6067): 
   Module: Kernel::System::Daemon::DaemonModules::BaseTaskWorker::_HandleError Line: 52
   Module: Kernel::System::Daemon::DaemonModules::SchedulerTaskWorker::Cron::Run Line: 177
   Module: Kernel::System::Daemon::DaemonModules::SchedulerTaskWorker::Run Line: 235
   Module: (eval) Line: 314
   Module: main::Start Line: 314
   Module: /opt/otrs/bin/otrs.Daemon.pl Line: 135

ERROR: OTRS-otrs.Console.pl-Maint::Email::MailQueue-67 Perl: 5.26.1 OS: linux Time: Tue Mar 24 07:54:18 2020

 Message: There was an error executing Execute() in Kernel::System::Console::Command::Maint::Email::MailQueue: Error: Message sending already in progress! Skipping...


 Traceback (6100): 
   Module: Kernel::System::Daemon::DaemonModules::BaseTaskWorker::_HandleError Line: 52
   Module: Kernel::System::Daemon::DaemonModules::SchedulerTaskWorker::Cron::Run Line: 177
   Module: Kernel::System::Daemon::DaemonModules::SchedulerTaskWorker::Run Line: 235
   Module: (eval) Line: 314
   Module: main::Start Line: 314
   Module: /opt/otrs/bin/otrs.Daemon.pl Line: 135

ERROR: OTRS-otrs.Console.pl-Maint::Email::MailQueue-67 Perl: 5.26.1 OS: linux Time: Tue Mar 24 07:55:18 2020

 Message: There was an error executing Execute() in Kernel::System::Console::Command::Maint::Email::MailQueue: Error: Message sending already in progress! Skipping...


 Traceback (6175): 
   Module: Kernel::System::Daemon::DaemonModules::BaseTaskWorker::_HandleError Line: 52
   Module: Kernel::System::Daemon::DaemonModules::SchedulerTaskWorker::Cron::Run Line: 177
   Module: Kernel::System::Daemon::DaemonModules::SchedulerTaskWorker::Run Line: 235
   Module: (eval) Line: 314
   Module: main::Start Line: 314
   Module: /opt/otrs/bin/otrs.Daemon.pl Line: 135

ERROR: OTRS-otrs.Console.pl-Maint::Email::MailQueue-67 Perl: 5.26.1 OS: linux Time: Tue Mar 24 07:56:18 2020

 Message: There was an error executing Execute() in Kernel::System::Console::Command::Maint::Email::MailQueue: Error: Message sending already in progress! Skipping...


 Traceback (6194): 
   Module: Kernel::System::Daemon::DaemonModules::BaseTaskWorker::_HandleError Line: 52
   Module: Kernel::System::Daemon::DaemonModules::SchedulerTaskWorker::Cron::Run Line: 177
   Module: Kernel::System::Daemon::DaemonModules::SchedulerTaskWorker::Run Line: 235
   Module: (eval) Line: 314
   Module: main::Start Line: 314
   Module: /opt/otrs/bin/otrs.Daemon.pl Line: 135

ERROR: OTRS-otrs.Console.pl-Maint::Email::MailQueue-67 Perl: 5.26.1 OS: linux Time: Tue Mar 24 07:57:18 2020

 Message: There was an error executing Execute() in Kernel::System::Console::Command::Maint::Email::MailQueue: Error: Message sending already in progress! Skipping...


 Traceback (6206): 
   Module: Kernel::System::Daemon::DaemonModules::BaseTaskWorker::_HandleError Line: 52
   Module: Kernel::System::Daemon::DaemonModules::SchedulerTaskWorker::Cron::Run Line: 177
   Module: Kernel::System::Daemon::DaemonModules::SchedulerTaskWorker::Run Line: 235
   Module: (eval) Line: 314
   Module: main::Start Line: 314
   Module: /opt/otrs/bin/otrs.Daemon.pl Line: 135

ERROR: OTRS-otrs.Console.pl-Maint::Email::MailQueue-67 Perl: 5.26.1 OS: linux Time: Tue Mar 24 07:58:18 2020

 Message: There was an error executing Execute() in Kernel::System::Console::Command::Maint::Email::MailQueue: Error: Message sending already in progress! Skipping...


 Traceback (6218): 
   Module: Kernel::System::Daemon::DaemonModules::BaseTaskWorker::_HandleError Line: 52
   Module: Kernel::System::Daemon::DaemonModules::SchedulerTaskWorker::Cron::Run Line: 177
   Module: Kernel::System::Daemon::DaemonModules::SchedulerTaskWorker::Run Line: 235
   Module: (eval) Line: 314
   Module: main::Start Line: 314
   Module: /opt/otrs/bin/otrs.Daemon.pl Line: 135

ERROR: OTRS-otrs.Console.pl-Maint::Email::MailQueue-67 Perl: 5.26.1 OS: linux Time: Tue Mar 24 07:59:18 2020

 Message: There was an error executing Execute() in Kernel::System::Console::Command::Maint::Email::MailQueue: Error: Message sending already in progress! Skipping...


 Traceback (6252): 
   Module: Kernel::System::Daemon::DaemonModules::BaseTaskWorker::_HandleError Line: 52
   Module: Kernel::System::Daemon::DaemonModules::SchedulerTaskWorker::Cron::Run Line: 177
   Module: Kernel::System::Daemon::DaemonModules::SchedulerTaskWorker::Run Line: 235
   Module: (eval) Line: 314
   Module: main::Start Line: 314
   Module: /opt/otrs/bin/otrs.Daemon.pl Line: 135

ERROR: OTRS-otrs.Console.pl-Maint::Email::MailQueue-67 Perl: 5.26.1 OS: linux Time: Tue Mar 24 08:00:19 2020

 Message: There was an error executing Execute() in Kernel::System::Console::Command::Maint::Email::MailQueue: Error: Message sending already in progress! Skipping...


 Traceback (6279): 
   Module: Kernel::System::Daemon::DaemonModules::BaseTaskWorker::_HandleError Line: 52
   Module: Kernel::System::Daemon::DaemonModules::SchedulerTaskWorker::Cron::Run Line: 177
   Module: Kernel::System::Daemon::DaemonModules::SchedulerTaskWorker::Run Line: 235
   Module: (eval) Line: 314
   Module: main::Start Line: 314
   Module: /opt/otrs/bin/otrs.Daemon.pl Line: 135

ERROR: OTRS-otrs.Console.pl-Maint::Email::MailQueue-67 Perl: 5.26.1 OS: linux Time: Tue Mar 24 08:01:19 2020

 Message: There was an error executing Execute() in Kernel::System::Console::Command::Maint::Email::MailQueue: Error: Message sending already in progress! Skipping...


 Traceback (6299): 
   Module: Kernel::System::Daemon::DaemonModules::BaseTaskWorker::_HandleError Line: 52
   Module: Kernel::System::Daemon::DaemonModules::SchedulerTaskWorker::Cron::Run Line: 177
   Module: Kernel::System::Daemon::DaemonModules::SchedulerTaskWorker::Run Line: 235
   Module: (eval) Line: 314
   Module: main::Start Line: 314
   Module: /opt/otrs/bin/otrs.Daemon.pl Line: 135

ERROR: OTRS-otrs.Console.pl-Maint::Email::MailQueue-67 Perl: 5.26.1 OS: linux Time: Tue Mar 24 08:02:20 2020

 Message: There was an error executing Execute() in Kernel::System::Console::Command::Maint::Email::MailQueue: Error: Message sending already in progress! Skipping...


 Traceback (6317): 
   Module: Kernel::System::Daemon::DaemonModules::BaseTaskWorker::_HandleError Line: 52
   Module: Kernel::System::Daemon::DaemonModules::SchedulerTaskWorker::Cron::Run Line: 177
   Module: Kernel::System::Daemon::DaemonModules::SchedulerTaskWorker::Run Line: 235
   Module: (eval) Line: 314
   Module: main::Start Line: 314
   Module: /opt/otrs/bin/otrs.Daemon.pl Line: 135

ERROR: OTRS-otrs.Console.pl-Maint::Email::MailQueue-67 Perl: 5.26.1 OS: linux Time: Tue Mar 24 08:03:20 2020

 Message: There was an error executing Execute() in Kernel::System::Console::Command::Maint::Email::MailQueue: Error: Message sending already in progress! Skipping...


 Traceback (6337): 
   Module: Kernel::System::Daemon::DaemonModules::BaseTaskWorker::_HandleError Line: 52
   Module: Kernel::System::Daemon::DaemonModules::SchedulerTaskWorker::Cron::Run Line: 177
   Module: Kernel::System::Daemon::DaemonModules::SchedulerTaskWorker::Run Line: 235
   Module: (eval) Line: 314
   Module: main::Start Line: 314
   Module: /opt/otrs/bin/otrs.Daemon.pl Line: 135

ERROR: OTRS-otrs.Console.pl-Maint::Email::MailQueue-67 Perl: 5.26.1 OS: linux Time: Tue Mar 24 08:04:00 2020

 Message: There was an error executing Execute() in Kernel::System::Console::Command::Maint::Email::MailQueue: Error: Message sending already in progress! Skipping...


 Traceback (6346): 
   Module: Kernel::System::Daemon::DaemonModules::BaseTaskWorker::_HandleError Line: 52
   Module: Kernel::System::Daemon::DaemonModules::SchedulerTaskWorker::Cron::Run Line: 177
   Module: Kernel::System::Daemon::DaemonModules::SchedulerTaskWorker::Run Line: 235
   Module: (eval) Line: 314
   Module: main::Start Line: 314
   Module: /opt/otrs/bin/otrs.Daemon.pl Line: 135

ERROR: OTRS-otrs.Console.pl-Maint::Email::MailQueue-67 Perl: 5.26.1 OS: linux Time: Tue Mar 24 08:05:00 2020

 Message: There was an error executing Execute() in Kernel::System::Console::Command::Maint::Email::MailQueue: Error: Message sending already in progress! Skipping...


 Traceback (6367): 
   Module: Kernel::System::Daemon::DaemonModules::BaseTaskWorker::_HandleError Line: 52
   Module: Kernel::System::Daemon::DaemonModules::SchedulerTaskWorker::Cron::Run Line: 177
   Module: Kernel::System::Daemon::DaemonModules::SchedulerTaskWorker::Run Line: 235
   Module: (eval) Line: 314
   Module: main::Start Line: 314
   Module: /opt/otrs/bin/otrs.Daemon.pl Line: 135

ERROR: OTRS-otrs.Console.pl-Maint::Email::MailQueue-67 Perl: 5.26.1 OS: linux Time: Tue Mar 24 08:06:00 2020

 Message: There was an error executing Execute() in Kernel::System::Console::Command::Maint::Email::MailQueue: Error: Message sending already in progress! Skipping...


 Traceback (6410): 
   Module: Kernel::System::Daemon::DaemonModules::BaseTaskWorker::_HandleError Line: 52
   Module: Kernel::System::Daemon::DaemonModules::SchedulerTaskWorker::Cron::Run Line: 177
   Module: Kernel::System::Daemon::DaemonModules::SchedulerTaskWorker::Run Line: 235
   Module: (eval) Line: 314
   Module: main::Start Line: 314
   Module: /opt/otrs/bin/otrs.Daemon.pl Line: 135

ERROR: OTRS-otrs.Console.pl-Maint::Email::MailQueue-67 Perl: 5.26.1 OS: linux Time: Tue Mar 24 08:07:01 2020

 Message: There was an error executing Execute() in Kernel::System::Console::Command::Maint::Email::MailQueue: Error: Message sending already in progress! Skipping...


 Traceback (6440): 
   Module: Kernel::System::Daemon::DaemonModules::BaseTaskWorker::_HandleError Line: 52
   Module: Kernel::System::Daemon::DaemonModules::SchedulerTaskWorker::Cron::Run Line: 177
   Module: Kernel::System::Daemon::DaemonModules::SchedulerTaskWorker::Run Line: 235
   Module: (eval) Line: 314
   Module: main::Start Line: 314
   Module: /opt/otrs/bin/otrs.Daemon.pl Line: 135

ERROR: OTRS-otrs.Console.pl-Maint::Email::MailQueue-67 Perl: 5.26.1 OS: linux Time: Tue Mar 24 08:08:01 2020

 Message: There was an error executing Execute() in Kernel::System::Console::Command::Maint::Email::MailQueue: Error: Message sending already in progress! Skipping...


 Traceback (6451): 
   Module: Kernel::System::Daemon::DaemonModules::BaseTaskWorker::_HandleError Line: 52
   Module: Kernel::System::Daemon::DaemonModules::SchedulerTaskWorker::Cron::Run Line: 177
   Module: Kernel::System::Daemon::DaemonModules::SchedulerTaskWorker::Run Line: 235
   Module: (eval) Line: 314
   Module: main::Start Line: 314
   Module: /opt/otrs/bin/otrs.Daemon.pl Line: 135

ERROR: OTRS-otrs.Console.pl-Maint::Email::MailQueue-67 Perl: 5.26.1 OS: linux Time: Tue Mar 24 08:09:01 2020

 Message: There was an error executing Execute() in Kernel::System::Console::Command::Maint::Email::MailQueue: Error: Message sending already in progress! Skipping...


 Traceback (6465): 
   Module: Kernel::System::Daemon::DaemonModules::BaseTaskWorker::_HandleError Line: 52
   Module: Kernel::System::Daemon::DaemonModules::SchedulerTaskWorker::Cron::Run Line: 177
   Module: Kernel::System::Daemon::DaemonModules::SchedulerTaskWorker::Run Line: 235
   Module: (eval) Line: 314
   Module: main::Start Line: 314
   Module: /opt/otrs/bin/otrs.Daemon.pl Line: 135

ERROR: OTRS-otrs.Console.pl-Maint::Email::MailQueue-67 Perl: 5.26.1 OS: linux Time: Tue Mar 24 08:10:01 2020

 Message: There was an error executing Execute() in Kernel::System::Console::Command::Maint::Email::MailQueue: Error: Message sending already in progress! Skipping...


 Traceback (6492): 
   Module: Kernel::System::Daemon::DaemonModules::BaseTaskWorker::_HandleError Line: 52
   Module: Kernel::System::Daemon::DaemonModules::SchedulerTaskWorker::Cron::Run Line: 177
   Module: Kernel::System::Daemon::DaemonModules::SchedulerTaskWorker::Run Line: 235
   Module: (eval) Line: 314
   Module: main::Start Line: 314
   Module: /opt/otrs/bin/otrs.Daemon.pl Line: 135

ERROR: OTRS-otrs.Console.pl-Maint::Email::MailQueue-67 Perl: 5.26.1 OS: linux Time: Tue Mar 24 08:11:02 2020

 Message: There was an error executing Execute() in Kernel::System::Console::Command::Maint::Email::MailQueue: Error: Message sending already in progress! Skipping...


 Traceback (6511): 
   Module: Kernel::System::Daemon::DaemonModules::BaseTaskWorker::_HandleError Line: 52
   Module: Kernel::System::Daemon::DaemonModules::SchedulerTaskWorker::Cron::Run Line: 177
   Module: Kernel::System::Daemon::DaemonModules::SchedulerTaskWorker::Run Line: 235
   Module: (eval) Line: 314
   Module: main::Start Line: 314
   Module: /opt/otrs/bin/otrs.Daemon.pl Line: 135

ERROR: OTRS-otrs.Console.pl-Maint::Email::MailQueue-67 Perl: 5.26.1 OS: linux Time: Tue Mar 24 08:12:02 2020

 Message: There was an error executing Execute() in Kernel::System::Console::Command::Maint::Email::MailQueue: Error: Message sending already in progress! Skipping...


 Traceback (6527): 
   Module: Kernel::System::Daemon::DaemonModules::BaseTaskWorker::_HandleError Line: 52
   Module: Kernel::System::Daemon::DaemonModules::SchedulerTaskWorker::Cron::Run Line: 177
   Module: Kernel::System::Daemon::DaemonModules::SchedulerTaskWorker::Run Line: 235
   Module: (eval) Line: 314
   Module: main::Start Line: 314
   Module: /opt/otrs/bin/otrs.Daemon.pl Line: 135

ERROR: OTRS-otrs.Console.pl-Maint::Email::MailQueue-67 Perl: 5.26.1 OS: linux Time: Tue Mar 24 08:13:02 2020

 Message: There was an error executing Execute() in Kernel::System::Console::Command::Maint::Email::MailQueue: Error: Message sending already in progress! Skipping...


 Traceback (6547): 
   Module: Kernel::System::Daemon::DaemonModules::BaseTaskWorker::_HandleError Line: 52
   Module: Kernel::System::Daemon::DaemonModules::SchedulerTaskWorker::Cron::Run Line: 177
   Module: Kernel::System::Daemon::DaemonModules::SchedulerTaskWorker::Run Line: 235
   Module: (eval) Line: 314
   Module: main::Start Line: 314
   Module: /opt/otrs/bin/otrs.Daemon.pl Line: 135

ERROR: OTRS-otrs.Console.pl-Maint::Email::MailQueue-67 Perl: 5.26.1 OS: linux Time: Tue Mar 24 08:14:02 2020

 Message: There was an error executing Execute() in Kernel::System::Console::Command::Maint::Email::MailQueue: Error: Message sending already in progress! Skipping...


 Traceback (6560): 
   Module: Kernel::System::Daemon::DaemonModules::BaseTaskWorker::_HandleError Line: 52
   Module: Kernel::System::Daemon::DaemonModules::SchedulerTaskWorker::Cron::Run Line: 177
   Module: Kernel::System::Daemon::DaemonModules::SchedulerTaskWorker::Run Line: 235
   Module: (eval) Line: 314
   Module: main::Start Line: 314
   Module: /opt/otrs/bin/otrs.Daemon.pl Line: 135

ERROR: OTRS-otrs.Console.pl-Maint::Email::MailQueue-67 Perl: 5.26.1 OS: linux Time: Tue Mar 24 08:15:04 2020

 Message: There was an error executing Execute() in Kernel::System::Console::Command::Maint::Email::MailQueue: Error: Message sending already in progress! Skipping...


 Traceback (7623): 
   Module: Kernel::System::Daemon::DaemonModules::BaseTaskWorker::_HandleError Line: 52
   Module: Kernel::System::Daemon::DaemonModules::SchedulerTaskWorker::Cron::Run Line: 177
   Module: Kernel::System::Daemon::DaemonModules::SchedulerTaskWorker::Run Line: 235
   Module: (eval) Line: 314
   Module: main::Start Line: 314
   Module: /opt/otrs/bin/otrs.Daemon.pl Line: 135

ERROR: OTRS-otrs.Console.pl-Maint::Email::MailQueue-67 Perl: 5.26.1 OS: linux Time: Tue Mar 24 08:16:04 2020

 Message: There was an error executing Execute() in Kernel::System::Console::Command::Maint::Email::MailQueue: Error: Message sending already in progress! Skipping...


 Traceback (7661): 
   Module: Kernel::System::Daemon::DaemonModules::BaseTaskWorker::_HandleError Line: 52
   Module: Kernel::System::Daemon::DaemonModules::SchedulerTaskWorker::Cron::Run Line: 177
   Module: Kernel::System::Daemon::DaemonModules::SchedulerTaskWorker::Run Line: 235
   Module: (eval) Line: 314
   Module: main::Start Line: 314
   Module: /opt/otrs/bin/otrs.Daemon.pl Line: 135

ERROR: OTRS-otrs.Console.pl-Maint::Email::MailQueue-67 Perl: 5.26.1 OS: linux Time: Tue Mar 24 08:17:04 2020

 Message: There was an error executing Execute() in Kernel::System::Console::Command::Maint::Email::MailQueue: Error: Message sending already in progress! Skipping...


 Traceback (7680): 
   Module: Kernel::System::Daemon::DaemonModules::BaseTaskWorker::_HandleError Line: 52
   Module: Kernel::System::Daemon::DaemonModules::SchedulerTaskWorker::Cron::Run Line: 177
   Module: Kernel::System::Daemon::DaemonModules::SchedulerTaskWorker::Run Line: 235
   Module: (eval) Line: 314
   Module: main::Start Line: 314
   Module: /opt/otrs/bin/otrs.Daemon.pl Line: 135

ERROR: OTRS-otrs.Console.pl-Maint::Email::MailQueue-67 Perl: 5.26.1 OS: linux Time: Tue Mar 24 08:18:04 2020

 Message: There was an error executing Execute() in Kernel::System::Console::Command::Maint::Email::MailQueue: Error: Message sending already in progress! Skipping...


 Traceback (7711): 
   Module: Kernel::System::Daemon::DaemonModules::BaseTaskWorker::_HandleError Line: 52
   Module: Kernel::System::Daemon::DaemonModules::SchedulerTaskWorker::Cron::Run Line: 177
   Module: Kernel::System::Daemon::DaemonModules::SchedulerTaskWorker::Run Line: 235
   Module: (eval) Line: 314
   Module: main::Start Line: 314
   Module: /opt/otrs/bin/otrs.Daemon.pl Line: 135

ERROR: OTRS-otrs.Console.pl-Maint::Email::MailQueue-67 Perl: 5.26.1 OS: linux Time: Tue Mar 24 08:19:05 2020

 Message: There was an error executing Execute() in Kernel::System::Console::Command::Maint::Email::MailQueue: Error: Message sending already in progress! Skipping...


 Traceback (7722): 
   Module: Kernel::System::Daemon::DaemonModules::BaseTaskWorker::_HandleError Line: 52
   Module: Kernel::System::Daemon::DaemonModules::SchedulerTaskWorker::Cron::Run Line: 177
   Module: Kernel::System::Daemon::DaemonModules::SchedulerTaskWorker::Run Line: 235
   Module: (eval) Line: 314
   Module: main::Start Line: 314
   Module: /opt/otrs/bin/otrs.Daemon.pl Line: 135

ERROR: OTRS-otrs.Console.pl-Maint::Email::MailQueue-67 Perl: 5.26.1 OS: linux Time: Tue Mar 24 08:20:05 2020

 Message: There was an error executing Execute() in Kernel::System::Console::Command::Maint::Email::MailQueue: Error: Message sending already in progress! Skipping...


 Traceback (7756): 
   Module: Kernel::System::Daemon::DaemonModules::BaseTaskWorker::_HandleError Line: 52
   Module: Kernel::System::Daemon::DaemonModules::SchedulerTaskWorker::Cron::Run Line: 177
   Module: Kernel::System::Daemon::DaemonModules::SchedulerTaskWorker::Run Line: 235
   Module: (eval) Line: 314
   Module: main::Start Line: 314
   Module: /opt/otrs/bin/otrs.Daemon.pl Line: 135

