Fred-Developertools
Admin
Fulltext
Search Customer
Search
Search User
%s detected possible network issues. You could either try reloading this page manually or wait until your browser has re-established the connection on its own.
The connection has been re-established after a temporary connection loss. Due to this, elements on this page could have stopped to work correctly. In order to be able to use all elements correctly again, it is strongly recommended to reload this page.
Customer Users
Customers
Fulltext
Notifications (OTRS Business Solution™)
Notifications (OTRS Business Solution™)
Edit personal preferences
Personal preferences
Logout
You are logged in as
Logout
Responsible Tickets Total
Responsible Tickets Total
Locked Tickets Total
Locked Tickets Total
Dashboard
Dashboard
Customers
Customers
Customer Information Center search.
Customer Information Center
Customer User Information Center search.
Customer User Information Center
Create and manage customer users.
Customer User Administration
Create and manage customers.
Customer Administration
Calendar
Calendar
Appointment Calendar overview page.
Calendar Overview
Overview of all appointments.
Agenda Overview
Resource Overview (OTRS Business Solution™)
Resource Overview (OTRS Business Solution™)
Create new appointment.
New Appointment
Manage different calendars.
Manage Calendars
Tickets
Tickets
Overview of all Tickets per assigned Queue.
Queue view
Overview of all open Tickets.
Service view
Overview of all open Tickets.
Status view
Overview Escalated Tickets.
Escalation view
Create new phone ticket (inbound).
New phone ticket
Create new email ticket and send this out (outbound).
New email ticket
Create New process ticket.
New process ticket
Search Tickets.
Search
New FAQ Article.
New
Language Management.
Category Management.
Search FAQ.
Search
Time Accounting
Time Accounting
Overview.
Overview
Edit time record.
Edit
Project time reporting.
Reporting
Edit time accounting settings.
Settings
Survey
Survey
Overview
Overview
New
New
Reports
Reports
Statistic Reports overview.
Reports (OTRS Business Solution™)
Statistics overview.
Statistics
Admin
Admin
Search
Search
Search
%s Upgrade to %s now! %s
-
c1 c1
c2 c2
c3 c3
c4 c4
suhailsaniya003@gmail.com (-)
valid
invalid
invalid-temporarily
Arabic (Saudi Arabia)
(in process)
Bulgarian
(in process)
Catalan
(in process)
Czech
Danish
German
Greek
(in process)
English (United States)
English (Canada)
English (United Kingdom)
Spanish
Spanish (Colombia)
Spanish (Mexico)
Estonian
(in process)
Persian
Finnish
(in process)
French
French (Canada)
Galician
Hebrew
(in process)
Hindi
Croatian
(in process)
Hungarian
Indonesian
Italian
Japanese
Korean
Lithuanian
(in process)
Latvian
(in process)
Macedonian
Malay
Norwegian
Dutch
Polish
Portuguese
Portuguese (Brasil)
Romanian
Russian
Slovak
(in process)
Slovenian
(in process)
Serbian Cyrillic
Serbian Latin
Swedish
Swahili
Thai
Turkish
(in process)
Ukrainian
Vietnam
(in process)
Chinese (Simplified)
Chinese (Traditional)
العَرَبِية‎ - Arabic (Saudi Arabia) (in process)
Български - Bulgarian (in process)
Català - Catalan (in process)
Česky - Czech
Dansk - Danish
Deutsch - German
Ελληνικά - Greek (in process)
English (United States)
English (Canada)
English (United Kingdom)
Español - Spanish
Español (Colombia) - Spanish (Colombia)
Español (México) - Spanish (Mexico)
Eesti - Estonian (in process)
فارسى - Persian
Suomi - Finnish (in process)
Français - French
Français (Canada) - French (Canada)
Galego - Galician
עברית - Hebrew (in process)
हिन्दी - Hindi
Hrvatski - Croatian (in process)
Magyar - Hungarian
Bahasa Indonesia - Indonesian
Italiano - Italian
日本語 - Japanese
한국어 - Korean
Lietuvių kalba - Lithuanian (in process)
Latvijas - Latvian (in process)
Mакедонски - Macedonian
Melayu - Malay
Norsk bokmål - Norwegian
Nederlandse - Dutch
Polski - Polish
Português - Portuguese
Português Brasileiro - Portuguese (Brasil)
Română - Romanian
Русский - Russian
Slovenčina - Slovak (in process)
Slovenščina - Slovenian (in process)
Српски - Serbian Cyrillic
Srpski - Serbian Latin
Svenska - Swedish
Kiswahili - Swahili
ภาษาไทย - Thai
Türkçe - Turkish (in process)
Українська - Ukrainian
ViɆt Nam - Vietnam (in process)
简体中文 - Chinese (Simplified)
正體中文 - Chinese (Traditional)
Africa/Abidjan
Africa/Accra
Africa/Algiers
Africa/Bissau
Africa/Cairo
Africa/Casablanca
Africa/Ceuta
Africa/El_Aaiun
Africa/Johannesburg
Africa/Juba
Africa/Khartoum
Africa/Lagos
Africa/Maputo
Africa/Monrovia
Africa/Nairobi
Africa/Ndjamena
Africa/Sao_Tome
Africa/Tripoli
Africa/Tunis
Africa/Windhoek
America/Adak
America/Anchorage
America/Araguaina
America/Argentina/Buenos_Aires
America/Argentina/Catamarca
America/Argentina/Cordoba
America/Argentina/Jujuy
America/Argentina/La_Rioja
America/Argentina/Mendoza
America/Argentina/Rio_Gallegos
America/Argentina/Salta
America/Argentina/San_Juan
America/Argentina/San_Luis
America/Argentina/Tucuman
America/Argentina/Ushuaia
America/Asuncion
America/Atikokan
America/Bahia
America/Bahia_Banderas
America/Barbados
America/Belem
America/Belize
America/Blanc-Sablon
America/Boa_Vista
America/Bogota
America/Boise
America/Cambridge_Bay
America/Campo_Grande
America/Cancun
America/Caracas
America/Cayenne
America/Chicago
America/Chihuahua
America/Costa_Rica
America/Creston
America/Cuiaba
America/Curacao
America/Danmarkshavn
America/Dawson
America/Dawson_Creek
America/Denver
America/Detroit
America/Edmonton
America/Eirunepe
America/El_Salvador
America/Fort_Nelson
America/Fortaleza
America/Glace_Bay
America/Godthab
America/Goose_Bay
America/Grand_Turk
America/Guatemala
America/Guayaquil
America/Guyana
America/Halifax
America/Havana
America/Hermosillo
America/Indiana/Indianapolis
America/Indiana/Knox
America/Indiana/Marengo
America/Indiana/Petersburg
America/Indiana/Tell_City
America/Indiana/Vevay
America/Indiana/Vincennes
America/Indiana/Winamac
America/Inuvik
America/Iqaluit
America/Jamaica
America/Juneau
America/Kentucky/Louisville
America/Kentucky/Monticello
America/La_Paz
America/Lima
America/Los_Angeles
America/Maceio
America/Managua
America/Manaus
America/Martinique
America/Matamoros
America/Mazatlan
America/Menominee
America/Merida
America/Metlakatla
America/Mexico_City
America/Miquelon
America/Moncton
America/Monterrey
America/Montevideo
America/Nassau
America/New_York
America/Nipigon
America/Nome
America/Noronha
America/North_Dakota/Beulah
America/North_Dakota/Center
America/North_Dakota/New_Salem
America/Ojinaga
America/Panama
America/Pangnirtung
America/Paramaribo
America/Phoenix
America/Port-au-Prince
America/Port_of_Spain
America/Porto_Velho
America/Puerto_Rico
America/Punta_Arenas
America/Rainy_River
America/Rankin_Inlet
America/Recife
America/Regina
America/Resolute
America/Rio_Branco
America/Santarem
America/Santiago
America/Santo_Domingo
America/Sao_Paulo
America/Scoresbysund
America/Sitka
America/St_Johns
America/Swift_Current
America/Tegucigalpa
America/Thule
America/Thunder_Bay
America/Tijuana
America/Toronto
America/Vancouver
America/Whitehorse
America/Winnipeg
America/Yakutat
America/Yellowknife
Antarctica/Casey
Antarctica/Davis
Antarctica/DumontDUrville
Antarctica/Macquarie
Antarctica/Mawson
Antarctica/Palmer
Antarctica/Rothera
Antarctica/Syowa
Antarctica/Troll
Antarctica/Vostok
Asia/Almaty
Asia/Amman
Asia/Anadyr
Asia/Aqtau
Asia/Aqtobe
Asia/Ashgabat
Asia/Atyrau
Asia/Baghdad
Asia/Baku
Asia/Bangkok
Asia/Barnaul
Asia/Beirut
Asia/Bishkek
Asia/Brunei
Asia/Chita
Asia/Choibalsan
Asia/Colombo
Asia/Damascus
Asia/Dhaka
Asia/Dili
Asia/Dubai
Asia/Dushanbe
Asia/Famagusta
Asia/Gaza
Asia/Hebron
Asia/Ho_Chi_Minh
Asia/Hong_Kong
Asia/Hovd
Asia/Irkutsk
Asia/Jakarta
Asia/Jayapura
Asia/Jerusalem
Asia/Kabul
Asia/Kamchatka
Asia/Karachi
Asia/Kathmandu
Asia/Khandyga
Asia/Kolkata
Asia/Krasnoyarsk
Asia/Kuala_Lumpur
Asia/Kuching
Asia/Macau
Asia/Magadan
Asia/Makassar
Asia/Manila
Asia/Nicosia
Asia/Novokuznetsk
Asia/Novosibirsk
Asia/Omsk
Asia/Oral
Asia/Pontianak
Asia/Pyongyang
Asia/Qatar
Asia/Qyzylorda
Asia/Riyadh
Asia/Sakhalin
Asia/Samarkand
Asia/Seoul
Asia/Shanghai
Asia/Singapore
Asia/Srednekolymsk
Asia/Taipei
Asia/Tashkent
Asia/Tbilisi
Asia/Tehran
Asia/Thimphu
Asia/Tokyo
Asia/Tomsk
Asia/Ulaanbaatar
Asia/Urumqi
Asia/Ust-Nera
Asia/Vladivostok
Asia/Yakutsk
Asia/Yangon
Asia/Yekaterinburg
Asia/Yerevan
Atlantic/Azores
Atlantic/Bermuda
Atlantic/Canary
Atlantic/Cape_Verde
Atlantic/Faroe
Atlantic/Madeira
Atlantic/Reykjavik
Atlantic/South_Georgia
Atlantic/Stanley
Australia/Adelaide
Australia/Brisbane
Australia/Broken_Hill
Australia/Currie
Australia/Darwin
Australia/Eucla
Australia/Hobart
Australia/Lindeman
Australia/Lord_Howe
Australia/Melbourne
Australia/Perth
Australia/Sydney
CET
CST6CDT
EET
EST
EST5EDT
Europe/Amsterdam
Europe/Andorra
Europe/Astrakhan
Europe/Athens
Europe/Belgrade
Europe/Berlin
Europe/Brussels
Europe/Bucharest
Europe/Budapest
Europe/Chisinau
Europe/Copenhagen
Europe/Dublin
Europe/Gibraltar
Europe/Helsinki
Europe/Istanbul
Europe/Kaliningrad
Europe/Kiev
Europe/Kirov
Europe/Lisbon
Europe/London
Europe/Luxembourg
Europe/Madrid
Europe/Malta
Europe/Minsk
Europe/Monaco
Europe/Moscow
Europe/Oslo
Europe/Paris
Europe/Prague
Europe/Riga
Europe/Rome
Europe/Samara
Europe/Saratov
Europe/Simferopol
Europe/Sofia
Europe/Stockholm
Europe/Tallinn
Europe/Tirane
Europe/Ulyanovsk
Europe/Uzhgorod
Europe/Vienna
Europe/Vilnius
Europe/Volgograd
Europe/Warsaw
Europe/Zaporozhye
Europe/Zurich
HST
Indian/Chagos
Indian/Christmas
Indian/Cocos
Indian/Kerguelen
Indian/Mahe
Indian/Maldives
Indian/Mauritius
Indian/Reunion
MET
MST
MST7MDT
PST8PDT
Pacific/Apia
Pacific/Auckland
Pacific/Bougainville
Pacific/Chatham
Pacific/Chuuk
Pacific/Easter
Pacific/Efate
Pacific/Enderbury
Pacific/Fakaofo
Pacific/Fiji
Pacific/Funafuti
Pacific/Galapagos
Pacific/Gambier
Pacific/Guadalcanal
Pacific/Guam
Pacific/Honolulu
Pacific/Kiritimati
Pacific/Kosrae
Pacific/Kwajalein
Pacific/Majuro
Pacific/Marquesas
Pacific/Nauru
Pacific/Niue
Pacific/Norfolk
Pacific/Noumea
Pacific/Pago_Pago
Pacific/Palau
Pacific/Pitcairn
Pacific/Pohnpei
Pacific/Port_Moresby
Pacific/Rarotonga
Pacific/Tahiti
Pacific/Tarawa
Pacific/Tongatapu
Pacific/Wake
Pacific/Wallis
UTC
WET
off
10 minutes
15 minutes
 2 minutes
 5 minutes
 7 minutes
15
20
25
30
Customer User Management
Customer User Management
Edit Customer User
Back to admin overview
Actions
Go to overview
Back to search results
Hint
Customer user are needed to have a customer history and to login via customer panel.
Edit Customer User
Title or salutation
This field is required.
This field is required.
Firstname
This field is required.
This field is required.
Lastname
This field is required.
This field is required.
Username
This field is required.
This field is required.
Password
This field is required.
This field is required.
Email
This field is required and needs to be a valid email address.
CustomerID
This field is required.
This CustomerID is invalid.
Phone
This field is required.
This field is required.
Fax
This field is required.
This field is required.
Mobile
This field is required.
This field is required.
Street
This field is required.
This field is required.
Zip
This field is required.
This field is required.
City
This field is required.
This field is required.
Country
This field is required.
This field is required.
Comment
This field is required.
This field is required.
Valid
This field is required.
This field is required.
Google Authenticator
Enter your shared secret to enable two factor authentication. WARNING: Make sure that you add the shared secret to your generator application and the application works well. Otherwise you will be not able to login anymore without the two factor token.
Shared Secret
Interface language
Select the main interface language.
Language
Time Zone
Select your personal time zone. All times will be displayed relative to this time zone.
Time Zone
Ticket overview
Select after which period ticket overviews should refresh automatically.
Refresh interval
Number of displayed tickets
Select how many tickets should be shown in overviews by default.
Tickets per page
Save
Save
or
Save
Save and finish
or
Cancel
Effective Permissions for Customer User
Group Permissions
Group
ro
rw
Table above shows effective group permissions for the customer user. The matrix takes into account all inherited permissions (e.g. via customer groups). Note: The table does not consider changes made to this form without submitting it.
Customer Access
Customer
This customer user has no customer access.
Table above shows granted customer access for the customer user by permission context. The matrix takes into account all inherited access (e.g. via customer groups). Note: The table does not consider changes made to this form without submitting it.
Search Customer
Search
Search User
%s detected possible network issues. You could either try reloading this page manually or wait until your browser has re-established the connection on its own.
The connection has been re-established after a temporary connection loss. Due to this, elements on this page could have stopped to work correctly. In order to be able to use all elements correctly again, it is strongly recommended to reload this page.
FRED

Customer Users
Customers
Fulltext
Notifications (OTRS Business Solution™)
Notifications (OTRS Business Solution™)
Edit personal preferences
Personal preferences
Logout
You are logged in as
Logout
Responsible Tickets Total
Responsible Tickets Total
Locked Tickets Total
Locked Tickets Total
Dashboard
Dashboard
Customers
Customers
Customer Information Center search.
Customer Information Center
Customer User Information Center search.
Customer User Information Center
Create and manage customer users.
Customer User Administration
Create and manage customers.
Customer Administration
Calendar
Calendar
Appointment Calendar overview page.
Calendar Overview
Overview of all appointments.
Agenda Overview
Resource Overview (OTRS Business Solution™)
Resource Overview (OTRS Business Solution™)
Create new appointment.
New Appointment
Manage different calendars.
Manage Calendars
Tickets
Tickets
Overview of all Tickets per assigned Queue.
Queue view
Overview of all open Tickets.
Service view
Overview of all open Tickets.
Status view
Overview Escalated Tickets.
Escalation view
Create new phone ticket (inbound).
New phone ticket
Create new email ticket and send this out (outbound).
New email ticket
Create New process ticket.
New process ticket
Search Tickets.
Search
New FAQ Article.
New
Language Management.
Category Management.
Search FAQ.
Search
Time Accounting
Time Accounting
Overview.
Overview
Edit time record.
Edit
Project time reporting.
Reporting
Edit time accounting settings.
Settings
Survey
Survey
Overview
Overview
New
New
Reports
Reports
Statistic Reports overview.
Reports (OTRS Business Solution™)
Statistics overview.
Statistics
Admin
Admin
Search
Search
Search
%s Upgrade to %s now! %s
-
c1 c1
c2 c2
c3 c3
c4 c4
suhailsaniya003@gmail.com (-)
valid
invalid
invalid-temporarily
Arabic (Saudi Arabia)
(in process)
Bulgarian
(in process)
Catalan
(in process)
Czech
Danish
German
Greek
(in process)
English (United States)
English (Canada)
English (United Kingdom)
Spanish
Spanish (Colombia)
Spanish (Mexico)
Estonian
(in process)
Persian
Finnish
(in process)
French
French (Canada)
Galician
Hebrew
(in process)
Hindi
Croatian
(in process)
Hungarian
Indonesian
Italian
Japanese
Korean
Lithuanian
(in process)
Latvian
(in process)
Macedonian
Malay
Norwegian
Dutch
Polish
Portuguese
Portuguese (Brasil)
Romanian
Russian
Slovak
(in process)
Slovenian
(in process)
Serbian Cyrillic
Serbian Latin
Swedish
Swahili
Thai
Turkish
(in process)
Ukrainian
Vietnam
(in process)
Chinese (Simplified)
Chinese (Traditional)
العَرَبِية‎ - Arabic (Saudi Arabia) (in process)
Български - Bulgarian (in process)
Català - Catalan (in process)
Česky - Czech
Dansk - Danish
Deutsch - German
Ελληνικά - Greek (in process)
English (United States)
English (Canada)
English (United Kingdom)
Español - Spanish
Español (Colombia) - Spanish (Colombia)
Español (México) - Spanish (Mexico)
Eesti - Estonian (in process)
فارسى - Persian
Suomi - Finnish (in process)
Français - French
Français (Canada) - French (Canada)
Galego - Galician
עברית - Hebrew (in process)
हिन्दी - Hindi
Hrvatski - Croatian (in process)
Magyar - Hungarian
Bahasa Indonesia - Indonesian
Italiano - Italian
日本語 - Japanese
한국어 - Korean
Lietuvių kalba - Lithuanian (in process)
Latvijas - Latvian (in process)
Mакедонски - Macedonian
Melayu - Malay
Norsk bokmål - Norwegian
Nederlandse - Dutch
Polski - Polish
Português - Portuguese
Português Brasileiro - Portuguese (Brasil)
Română - Romanian
Русский - Russian
Slovenčina - Slovak (in process)
Slovenščina - Slovenian (in process)
Српски - Serbian Cyrillic
Srpski - Serbian Latin
Svenska - Swedish
Kiswahili - Swahili
ภาษาไทย - Thai
Türkçe - Turkish (in process)
Українська - Ukrainian
ViɆt Nam - Vietnam (in process)
简体中文 - Chinese (Simplified)
正體中文 - Chinese (Traditional)
Africa/Abidjan
Africa/Accra
Africa/Algiers
Africa/Bissau
Africa/Cairo
Africa/Casablanca
Africa/Ceuta
Africa/El_Aaiun
Africa/Johannesburg
Africa/Juba
Africa/Khartoum
Africa/Lagos
Africa/Maputo
Africa/Monrovia
Africa/Nairobi
Africa/Ndjamena
Africa/Sao_Tome
Africa/Tripoli
Africa/Tunis
Africa/Windhoek
America/Adak
America/Anchorage
America/Araguaina
America/Argentina/Buenos_Aires
America/Argentina/Catamarca
America/Argentina/Cordoba
America/Argentina/Jujuy
America/Argentina/La_Rioja
America/Argentina/Mendoza
America/Argentina/Rio_Gallegos
America/Argentina/Salta
America/Argentina/San_Juan
America/Argentina/San_Luis
America/Argentina/Tucuman
America/Argentina/Ushuaia
America/Asuncion
America/Atikokan
America/Bahia
America/Bahia_Banderas
America/Barbados
America/Belem
America/Belize
America/Blanc-Sablon
America/Boa_Vista
America/Bogota
America/Boise
America/Cambridge_Bay
America/Campo_Grande
America/Cancun
America/Caracas
America/Cayenne
America/Chicago
America/Chihuahua
America/Costa_Rica
America/Creston
America/Cuiaba
America/Curacao
America/Danmarkshavn
America/Dawson
America/Dawson_Creek
America/Denver
America/Detroit
America/Edmonton
America/Eirunepe
America/El_Salvador
America/Fort_Nelson
America/Fortaleza
America/Glace_Bay
America/Godthab
America/Goose_Bay
America/Grand_Turk
America/Guatemala
America/Guayaquil
America/Guyana
America/Halifax
America/Havana
America/Hermosillo
America/Indiana/Indianapolis
America/Indiana/Knox
America/Indiana/Marengo
America/Indiana/Petersburg
America/Indiana/Tell_City
America/Indiana/Vevay
America/Indiana/Vincennes
America/Indiana/Winamac
America/Inuvik
America/Iqaluit
America/Jamaica
America/Juneau
America/Kentucky/Louisville
America/Kentucky/Monticello
America/La_Paz
America/Lima
America/Los_Angeles
America/Maceio
America/Managua
America/Manaus
America/Martinique
America/Matamoros
America/Mazatlan
America/Menominee
America/Merida
America/Metlakatla
America/Mexico_City
America/Miquelon
America/Moncton
America/Monterrey
America/Montevideo
America/Nassau
America/New_York
America/Nipigon
America/Nome
America/Noronha
America/North_Dakota/Beulah
America/North_Dakota/Center
America/North_Dakota/New_Salem
America/Ojinaga
America/Panama
America/Pangnirtung
America/Paramaribo
America/Phoenix
America/Port-au-Prince
America/Port_of_Spain
America/Porto_Velho
America/Puerto_Rico
America/Punta_Arenas
America/Rainy_River
America/Rankin_Inlet
America/Recife
America/Regina
America/Resolute
America/Rio_Branco
America/Santarem
America/Santiago
America/Santo_Domingo
America/Sao_Paulo
America/Scoresbysund
America/Sitka
America/St_Johns
America/Swift_Current
America/Tegucigalpa
America/Thule
America/Thunder_Bay
America/Tijuana
America/Toronto
America/Vancouver
America/Whitehorse
America/Winnipeg
America/Yakutat
America/Yellowknife
Antarctica/Casey
Antarctica/Davis
Antarctica/DumontDUrville
Antarctica/Macquarie
Antarctica/Mawson
Antarctica/Palmer
Antarctica/Rothera
Antarctica/Syowa
Antarctica/Troll
Antarctica/Vostok
Asia/Almaty
Asia/Amman
Asia/Anadyr
Asia/Aqtau
Asia/Aqtobe
Asia/Ashgabat
Asia/Atyrau
Asia/Baghdad
Asia/Baku
Asia/Bangkok
Asia/Barnaul
Asia/Beirut
Asia/Bishkek
Asia/Brunei
Asia/Chita
Asia/Choibalsan
Asia/Colombo
Asia/Damascus
Asia/Dhaka
Asia/Dili
Asia/Dubai
Asia/Dushanbe
Asia/Famagusta
Asia/Gaza
Asia/Hebron
Asia/Ho_Chi_Minh
Asia/Hong_Kong
Asia/Hovd
Asia/Irkutsk
Asia/Jakarta
Asia/Jayapura
Asia/Jerusalem
Asia/Kabul
Asia/Kamchatka
Asia/Karachi
Asia/Kathmandu
Asia/Khandyga
Asia/Kolkata
Asia/Krasnoyarsk
Asia/Kuala_Lumpur
Asia/Kuching
Asia/Macau
Asia/Magadan
Asia/Makassar
Asia/Manila
Asia/Nicosia
Asia/Novokuznetsk
Asia/Novosibirsk
Asia/Omsk
Asia/Oral
Asia/Pontianak
Asia/Pyongyang
Asia/Qatar
Asia/Qyzylorda
Asia/Riyadh
Asia/Sakhalin
Asia/Samarkand
Asia/Seoul
Asia/Shanghai
Asia/Singapore
Asia/Srednekolymsk
Asia/Taipei
Asia/Tashkent
Asia/Tbilisi
Asia/Tehran
Asia/Thimphu
Asia/Tokyo
Asia/Tomsk
Asia/Ulaanbaatar
Asia/Urumqi
Asia/Ust-Nera
Asia/Vladivostok
Asia/Yakutsk
Asia/Yangon
Asia/Yekaterinburg
Asia/Yerevan
Atlantic/Azores
Atlantic/Bermuda
Atlantic/Canary
Atlantic/Cape_Verde
Atlantic/Faroe
Atlantic/Madeira
Atlantic/Reykjavik
Atlantic/South_Georgia
Atlantic/Stanley
Australia/Adelaide
Australia/Brisbane
Australia/Broken_Hill
Australia/Currie
Australia/Darwin
Australia/Eucla
Australia/Hobart
Australia/Lindeman
Australia/Lord_Howe
Australia/Melbourne
Australia/Perth
Australia/Sydney
CET
CST6CDT
EET
EST
EST5EDT
Europe/Amsterdam
Europe/Andorra
Europe/Astrakhan
Europe/Athens
Europe/Belgrade
Europe/Berlin
Europe/Brussels
Europe/Bucharest
Europe/Budapest
Europe/Chisinau
Europe/Copenhagen
Europe/Dublin
Europe/Gibraltar
Europe/Helsinki
Europe/Istanbul
Europe/Kaliningrad
Europe/Kiev
Europe/Kirov
Europe/Lisbon
Europe/London
Europe/Luxembourg
Europe/Madrid
Europe/Malta
Europe/Minsk
Europe/Monaco
Europe/Moscow
Europe/Oslo
Europe/Paris
Europe/Prague
Europe/Riga
Europe/Rome
Europe/Samara
Europe/Saratov
Europe/Simferopol
Europe/Sofia
Europe/Stockholm
Europe/Tallinn
Europe/Tirane
Europe/Ulyanovsk
Europe/Uzhgorod
Europe/Vienna
Europe/Vilnius
Europe/Volgograd
Europe/Warsaw
Europe/Zaporozhye
Europe/Zurich
HST
Indian/Chagos
Indian/Christmas
Indian/Cocos
Indian/Kerguelen
Indian/Mahe
Indian/Maldives
Indian/Mauritius
Indian/Reunion
MET
MST
MST7MDT
PST8PDT
Pacific/Apia
Pacific/Auckland
Pacific/Bougainville
Pacific/Chatham
Pacific/Chuuk
Pacific/Easter
Pacific/Efate
Pacific/Enderbury
Pacific/Fakaofo
Pacific/Fiji
Pacific/Funafuti
Pacific/Galapagos
Pacific/Gambier
Pacific/Guadalcanal
Pacific/Guam
Pacific/Honolulu
Pacific/Kiritimati
Pacific/Kosrae
Pacific/Kwajalein
Pacific/Majuro
Pacific/Marquesas
Pacific/Nauru
Pacific/Niue
Pacific/Norfolk
Pacific/Noumea
Pacific/Pago_Pago
Pacific/Palau
Pacific/Pitcairn
Pacific/Pohnpei
Pacific/Port_Moresby
Pacific/Rarotonga
Pacific/Tahiti
Pacific/Tarawa
Pacific/Tongatapu
Pacific/Wake
Pacific/Wallis
UTC
WET
off
10 minutes
15 minutes
 2 minutes
 5 minutes
 7 minutes
15
20
25
30
Customer User Management
Customer User Management
Edit Customer User
Back to admin overview
Actions
Go to overview
Back to search results
Hint
Customer user are needed to have a customer history and to login via customer panel.
Edit Customer User
Title or salutation
This field is required.
This field is required.
Firstname
This field is required.
This field is required.
Lastname
This field is required.
This field is required.
Username
This field is required.
This field is required.
Password
This field is required.
This field is required.
Email
This field is required and needs to be a valid email address.
CustomerID
This field is required.
This CustomerID is invalid.
Phone
This field is required.
This field is required.
Fax
This field is required.
This field is required.
Mobile
This field is required.
This field is required.
Street
This field is required.
This field is required.
Zip
This field is required.
This field is required.
City
This field is required.
This field is required.
Country
This field is required.
This field is required.
Comment
This field is required.
This field is required.
Valid
This field is required.
This field is required.
Google Authenticator
Enter your shared secret to enable two factor authentication. WARNING: Make sure that you add the shared secret to your generator application and the application works well. Otherwise you will be not able to login anymore without the two factor token.
Shared Secret
Interface language
Select the main interface language.
Language
Time Zone
Select your personal time zone. All times will be displayed relative to this time zone.
Time Zone
Ticket overview
Select after which period ticket overviews should refresh automatically.
Refresh interval
Number of displayed tickets
Select how many tickets should be shown in overviews by default.
Tickets per page
Save
Save
or
Save
Save and finish
or
Cancel
Effective Permissions for Customer User
Group Permissions
Group
ro
rw
Table above shows effective group permissions for the customer user. The matrix takes into account all inherited permissions (e.g. via customer groups). Note: The table does not consider changes made to this form without submitting it.
Customer Access
Customer
This customer user has no customer access.
Table above shows granted customer access for the customer user by permission context. The matrix takes into account all inherited access (e.g. via customer groups). Note: The table does not consider changes made to this form without submitting it.
Search Customer
Search
Search User
%s detected possible network issues. You could either try reloading this page manually or wait until your browser has re-established the connection on its own.
The connection has been re-established after a temporary connection loss. Due to this, elements on this page could have stopped to work correctly. In order to be able to use all elements correctly again, it is strongly recommended to reload this page.
FRED

Added via Customer Panel (%s)
New account created. Sent login information to %s. Please check your email.
Login
New account created. Sent login information to abc@gmail.com. Please check your email.
JavaScript Not Available
In order to experience this software, you'll need to enable JavaScript in your browser.
Browser Warning
The browser you are using is too old.
This software runs with a huge lists of browsers, please upgrade to one of these.
Please see the documentation or ask your admin for further information.
Login
User name
Your user name
Password
Your password
Forgot password?
Log In
Log In
Not yet registered?
Sign up now
Back
Request New Password
User name
Your User Name
Submit
Submit
A new password will be sent to your email address.
Back
Create Account
Please fill out this form to receive login credentials.
Title or salutation
How we should address you
Firstname
Your First Name
This field is required.
Lastname
Your Last Name
This field is required.
Email
Your email address (this will become your username)
This field is required.
Create
Create
%s detected possible network issues. You could either try reloading this page manually or wait until your browser has re-established the connection on its own.
The connection has been re-established after a temporary connection loss. Due to this, elements on this page could have stopped to work correctly. In order to be able to use all elements correctly again, it is strongly recommended to reload this page.
FRED

%s %s is available!
Please update now.
Release Note
Level
Security
%s %s is available!
Please update now.
Release Note
Level
Minor
%s %s is available!
Please update now.
Release Note
Level
Minor
%s %s is available!
Please update now.
Release Note
Level
Minor
%s %s is available!
Please update now.
Release Note
Level
Security
Show page %s
of
Priority
New Article
TicketNumber
TicketNumber
Age
Age
filter not active
Title
Title
filter not active
My locked tickets
My responsibilities
Tickets in My Queues
Tickets in My Services
All tickets
Priority
Priority
New Article
New Article
none
Show page %s
of
Priority
New Article
TicketNumber
TicketNumber
Age
Age
filter not active
Title
Title
filter not active
h
m
h
m
h
m
d
h
d
h
m
d
h
d
h
m
d
h
d
h
m
d
h
d
h
m
d
h
d
h
m
d
h
d
h
m
d
h
My locked tickets
My responsibilities
Tickets in My Queues
Tickets in My Services
All tickets
Priority
Priority
New Article
New Article
5 very high
5 very high
3 normal
3 normal
Unread article(s) available
Unread article(s) available
3 normal
3 normal
5 very high
5 very high
3 normal
3 normal
5 very high
5 very high
3 normal
3 normal
3 normal
3 normal
Unread article(s) available
Unread article(s) available
Show page %s
Show page %s
Show page %s
Show page %s
Page
of
Priority
New Article
TicketNumber
TicketNumber
Age
sorted descending
Age
filter not active
Title
Title
filter not active
h
m
h
m
h
m
h
m
h
m
h
m
d
h
d
h
d
h
d
h
d
h
d
h
d
h
d
h
d
h
d
h
d
h
d
h
d
h
d
h
My locked tickets
My responsibilities
Tickets in My Queues
Tickets in My Services
All tickets
Priority
Priority
New Article
New Article
3 normal
3 normal
5 very high
5 very high
5 very high
5 very high
3 normal
3 normal
Unread article(s) available
Unread article(s) available
3 normal
3 normal
Unread article(s) available
Unread article(s) available
3 normal
3 normal
Unread article(s) available
Unread article(s) available
3 normal
3 normal
Unread article(s) available
Unread article(s) available
3 normal
3 normal
3 normal
3 normal
Unread article(s) available
Unread article(s) available
3 normal
3 normal
Unread article(s) available
Unread article(s) available
Show page %s
of
Priority
New Article
TicketNumber
TicketNumber
Age
sorted descending
Age
filter not active
Title
Title
filter not active
d
h
d
h
d
h
d
h
d
h
d
h
d
h
d
h
My locked tickets
My responsibilities
Tickets in My Queues
Tickets in My Services
All tickets
Priority
Priority
New Article
New Article
3 normal
3 normal
3 normal
3 normal
3 normal
3 normal
5 very high
5 very high
Closed
Created
State
Tue
Mon
Sun
Sat
Fri
Thu
Wed
7 Day Stats
none
Queue
new
open
pending reminder
Total
2
2
3
3
1
1
29
1
30
2
1
3
27
27
21
21
Total
83
4
d
h
d
h
d
h
d
h
d
h
d
h
Posted %s ago.
Posted %s ago.
Posted %s ago.
Posted %s ago.
Posted %s ago.
Posted %s ago.
Show page %s
of
Priority
New Article
TicketNumber
TicketNumber
Age
sorted descending
Age
filter not active
Title
Title
filter not active
My locked tickets
My responsibilities
Tickets in My Queues
Tickets in My Services
All tickets
Priority
Priority
New Article
New Article
none
Show page %s
of
Priority
New Article
TicketNumber
TicketNumber
Age
sorted descending
Age
filter not active
Title
Title
filter not active
My locked tickets
My responsibilities
Tickets in My Queues
Tickets in My Services
All tickets
Priority
Priority
New Article
New Article
none
Age
Changed
Created
Customer Name
Customer ID
Customer User Name
Customer User ID
First Response Time
Solution Time
Service Time
Update Time
Lock
Owner
Pending till
Priority
Queue
Responsible
SLA
Sender
Service
State
Subject
TicketNumber
Title
Type
Process
Activity
First Name
Last Name
SystemMonitoring ServiceName
Department
Master Ticket
Email
ClosedUnsuccessful
BankAcoountNumber
Reason
ClosedSuccessful
EmployeeID
Done
Status
SystemMonitoring HostName
Boss
Dashboard
Fulltext
Notifications (OTRS Business Solution™)
Notifications (OTRS Business Solution™)
Edit personal preferences
Personal preferences
Logout
You are logged in as
Logout
Responsible Tickets Total
Responsible Tickets Total
Locked Tickets Total
Locked Tickets Total
Dashboard
Dashboard
Customers
Customers
Customer Information Center search.
Customer Information Center
Customer User Information Center search.
Customer User Information Center
Create and manage customer users.
Customer User Administration
Create and manage customers.
Customer Administration
Calendar
Calendar
Appointment Calendar overview page.
Calendar Overview
Overview of all appointments.
Agenda Overview
Resource Overview (OTRS Business Solution™)
Resource Overview (OTRS Business Solution™)
Create new appointment.
New Appointment
Manage different calendars.
Manage Calendars
Tickets
Tickets
Overview of all Tickets per assigned Queue.
Queue view
Overview of all open Tickets.
Service view
Overview of all open Tickets.
Status view
Overview Escalated Tickets.
Escalation view
Create new phone ticket (inbound).
New phone ticket
Create new email ticket and send this out (outbound).
New email ticket
Create New process ticket.
New process ticket
Search Tickets.
Search
New FAQ Article.
New
Language Management.
Category Management.
Search FAQ.
Search
Time Accounting
Time Accounting
Overview.
Overview
Edit time record.
Edit
Project time reporting.
Reporting
Edit time accounting settings.
Settings
Survey
Survey
Overview
Overview
New
New
Reports
Reports
Statistic Reports overview.
Reports (OTRS Business Solution™)
Statistics overview.
Statistics
Admin
Admin
Search
Search
Search
Dashboard
Show or hide the content
Settings
News about OTRS releases!
Product News
All tickets with a reminder set where the reminder date has been reached
Reminder Tickets
All escalated tickets
Escalated Tickets
All new tickets, these tickets have not been worked on yet
New Tickets
All open tickets, these tickets have already been worked on.
Open Tickets
All tickets with a reminder set where the reminder date has been reached
Running Process Tickets
7 Day Stats
Upcoming Events
Provides a matrix overview of the tickets per state per queue
Ticket Queue Overview
Events Ticket Calendar
Some description!
A Website
Out of Office users.
Out Of Office
Logged in users.
Logged-In Users
News about OTRS.
OTRS News
Appointments
Appointments
All master tickets
Master Tickets
All slave tickets
Slave Tickets
Save settings
Save
Save settings
Close this widget
7 Day Stats
Save
Save Changes
Cancel
Cancel
Close this widget
Upcoming Events
Save
Save Changes
Cancel
Cancel
Close this widget
Save
Save Changes
Cancel
Cancel
Close this widget
Save
Save Changes
Cancel
Cancel
Close this widget
News about OTRS.
OTRS News
Save
Save Changes
Cancel
Cancel
Close this widget
News about OTRS releases!
Product News
Submit
Save Changes
or
Cancel
Cancel
Settings
Close this widget
All tickets with a reminder set where the reminder date has been reached
Reminder Tickets
Shown Tickets
Shown Columns
Available Columns
Filter available fields
Filter available fields
Visible Columns (order by drag & drop)
Submit
Save Changes
or
Cancel
Cancel
Settings
Close this widget
All escalated tickets
Escalated Tickets
Shown Tickets
Shown Columns
Available Columns
Filter available fields
Filter available fields
Visible Columns (order by drag & drop)
Submit
Save Changes
or
Cancel
Cancel
Settings
Close this widget
All new tickets, these tickets have not been worked on yet
New Tickets
Shown Tickets
Shown Columns
Available Columns
Filter available fields
Filter available fields
Visible Columns (order by drag & drop)
Submit
Save Changes
or
Cancel
Cancel
Settings
Close this widget
All open tickets, these tickets have already been worked on.
Open Tickets
Shown Tickets
Shown Columns
Available Columns
Filter available fields
Filter available fields
Visible Columns (order by drag & drop)
Submit
Save Changes
or
Cancel
Cancel
Close this widget
Provides a matrix overview of the tickets per state per queue
Ticket Queue Overview
Submit
Save Changes
or
Cancel
Cancel
Close this widget
Some description!
A Website
Submit
Save Changes
or
Cancel
Cancel
OTRS.org/
more
Settings
Close this widget
All master tickets
Master Tickets
Shown Tickets
Shown Columns
Available Columns
Filter available fields
Filter available fields
Visible Columns (order by drag & drop)
Submit
Save Changes
or
Cancel
Cancel
Settings
Close this widget
All slave tickets
Slave Tickets
Shown Tickets
Shown Columns
Available Columns
Filter available fields
Filter available fields
Visible Columns (order by drag & drop)
Submit
Save Changes
or
Cancel
Cancel
Search Customer
Search
Search User
%s detected possible network issues. You could either try reloading this page manually or wait until your browser has re-established the connection on its own.
The connection has been re-established after a temporary connection loss. Due to this, elements on this page could have stopped to work correctly. In order to be able to use all elements correctly again, it is strongly recommended to reload this page.
FRED

Fred-Setting
Admin
Fulltext
Save
Save
Search Customer
Search
Search User
%s detected possible network issues. You could either try reloading this page manually or wait until your browser has re-established the connection on its own.
The connection has been re-established after a temporary connection loss. Due to this, elements on this page could have stopped to work correctly. In order to be able to use all elements correctly again, it is strongly recommended to reload this page.
